#
# A fatal error has been detected by the Java Runtime Environment:
#
#  EXCEPTION_ACCESS_VIOLATION (0xc0000005) at pc=0x00007ffc925e7a29, pid=23636, tid=27404
#
# JRE version: Java(TM) SE Runtime Environment (11.0.4+10) (build 11.0.4+10-LTS)
# Java VM: Java HotSpot(TM) 64-Bit Server VM (11.0.4+10-LTS, mixed mode, tiered, compressed oops, g1 gc, windows-amd64)
# Problematic frame:
# V  [jvm.dll+0x6c7a29]
#
# No core dump will be written. Minidumps are not enabled by default on client versions of Windows
#
# If you would like to submit a bug report, please visit:
#   http://bugreport.java.com/bugreport/crash.jsp
#

---------------  S U M M A R Y ------------

Command Line: -Dcom.sun.management.jmxremote -Dcom.sun.management.jmxremote.port=61793 -Dcom.sun.management.jmxremote.authenticate=false -Dcom.sun.management.jmxremote.ssl=false -Djava.rmi.server.hostname=localhost -Dspring.jmx.enabled=true -Dspring.application.admin.enabled=true -Xverify:none -XX:TieredStopAtLevel=1 -Dfile.encoding=UTF-8 com.esd.cursomc.CursomcApplication --spring.output.ansi.enabled=always

Host: Intel(R) Core(TM) i7-8750H CPU @ 2.20GHz, 12 cores, 15G,  Windows 10 , 64 bit Build 18362 (10.0.18362.329)
Time: Tue Oct  8 17:07:15 2019 Hora oficial do Brasil elapsed time: 1 seconds (0d 0h 0m 1s)

---------------  T H R E A D  ---------------

Current thread (0x0000023ec2fbd000):  WatcherThread [stack: 0x000000f289e00000,0x000000f289f00000] [id=27404]

Stack: [0x000000f289e00000,0x000000f289f00000],  sp=0x000000f289eff940,  free space=1022k
Native frames: (J=compiled Java code, j=interpreted, Vv=VM code, C=native code)
V  [jvm.dll+0x6c7a29]
V  [jvm.dll+0x71321d]
V  [jvm.dll+0x738bd9]
V  [jvm.dll+0x634c82]
C  [vcruntime140.dll+0x1d9f2]
C  [KERNEL32.DLL+0x17bd4]
C  [ntdll.dll+0x6cee1]


siginfo: EXCEPTION_ACCESS_VIOLATION (0xc0000005), reading address 0x0000000c0000000b


Register to memory mapping:

RIP=0x00007ffc925e7a29 verify.dll
RAX=0x0000023ec2f3f4d0 points into unknown readable memory: 0b 00 00 00 0c 00 00 00
RBX=0x0 is NULL
RCX=0x0000000c0000000b is an unknown value
RDX=0x0000000000000032 is an unknown value
RSP=0x000000f289eff940 points into unknown readable memory: 00 d0 fb c2 3e 02 00 00
RBP=0x0000000000000002 is an unknown value
RSI=0x0000023ec2f3f620 points into unknown readable memory: 10 a9 fa c2 3e 02 00 00
RDI=0x0 is NULL
R8 =0x0000000000000031 is an unknown value
R9 =0x0000023ea5540b80 is at begin+0 in a stub
StubRoutines::atomic_cmpxchg_long [0x0000023ea5540b80, 0x0000023ea5540b89[ (9 bytes)
R10=0x0000000000000001 is an unknown value
R11=0x000000899a3a843f is an unknown value
R12=0x0 is NULL
R13=0x0000023ec2fbd000 points into unknown readable memory: 58 7c 7f 92 fc 7f 00 00
R14=0x0000000000000001 is an unknown value
R15=0x0000023ec2e489f0 points into unknown readable memory: 00 00 00 00 00 00 00 00


Registers:
RAX=0x0000023ec2f3f4d0, RBX=0x0000000000000000, RCX=0x0000000c0000000b, RDX=0x0000000000000032
RSP=0x000000f289eff940, RBP=0x0000000000000002, RSI=0x0000023ec2f3f620, RDI=0x0000000000000000
R8 =0x0000000000000031, R9 =0x0000023ea5540b80, R10=0x0000000000000001, R11=0x000000899a3a843f
R12=0x0000000000000000, R13=0x0000023ec2fbd000, R14=0x0000000000000001, R15=0x0000023ec2e489f0
RIP=0x00007ffc925e7a29, EFLAGS=0x0000000000010202

Top of Stack: (sp=0x000000f289eff940)
0x000000f289eff940:   0000023ec2fbd000 0000023ec2fbd000
0x000000f289eff950:   0000a1239decdf08 00007ffc925287c9
0x000000f289eff960:   00007ffc92993798 00007ffc9263321d
0x000000f289eff970:   0000000000000001 0000023e9ba0c170
0x000000f289eff980:   0000023e9ba0c170 431bde82d7b634db
0x000000f289eff990:   0000023ec2e489f0 0000a1239decdf08
0x000000f289eff9a0:   0000023e9ba0c170 00007ffc92658bd9
0x000000f289eff9b0:   0000000000000001 0000000000000001
0x000000f289eff9c0:   0000000000000001 0000000000000002
0x000000f289eff9d0:   0000000000000000 0000000000000000
0x000000f289eff9e0:   00007ffcfbf4d9b0 0000023ec2fab300
0x000000f289eff9f0:   0000000000000000 000000f289effe58
0x000000f289effa00:   0000000000000000 0000000000000000
0x000000f289effa10:   0000000000000000 0000000000000000
0x000000f289effa20:   0000000000000000 000000f289effd60
0x000000f289effa30:   0000023ec2fbd000 00007ffc92554c82 

Instructions: (pc=0x00007ffc925e7a29)
0x00007ffc925e7a09:   20 48 8b 35 47 6c 3a 00 33 db 48 8b 06 39 18 7e
0x00007ffc925e7a19:   27 48 89 7c 24 30 8b fb 48 8b 40 18 48 8b 0c 07
0x00007ffc925e7a29:   48 8b 01 ff 50 08 48 8b 06 48 8d 7f 08 ff c3 3b
0x00007ffc925e7a39:   18 7c e5 48 8b 7c 24 30 48 8b 5c 24 38 48 83 c4 


Stack slot to memory mapping:
stack at sp + 0 slots: 0x0000023ec2fbd000 points into unknown readable memory: 58 7c 7f 92 fc 7f 00 00
stack at sp + 1 slots: 0x0000023ec2fbd000 points into unknown readable memory: 58 7c 7f 92 fc 7f 00 00
stack at sp + 2 slots: 0x0000a1239decdf08 is an unknown value
stack at sp + 3 slots: 0x00007ffc925287c9 jvm.dll
stack at sp + 4 slots: 0x00007ffc92993798 jvm.dll
stack at sp + 5 slots: 0x00007ffc9263321d jvm.dll
stack at sp + 6 slots: 0x0000000000000001 is an unknown value
stack at sp + 7 slots: 0x0000023e9ba0c170 points into unknown readable memory: 01 00 00 00 00 00 00 00


---------------  P R O C E S S  ---------------

Threads class SMR info:
_java_thread_list=0x0000023ec304da90, length=18, elements={
0x0000023e9ba0e800, 0x0000023ec1e92800, 0x0000023ec1e9b800, 0x0000023ec1ef5800,
0x0000023ec1ef7800, 0x0000023ec1ef8800, 0x0000023ec1f09000, 0x0000023ec20b3000,
0x0000023ec2130800, 0x0000023ec278c800, 0x0000023ec2f53800, 0x0000023ec2f4b000,
0x0000023ec2fb7800, 0x0000023ec3140800, 0x0000023ec315d000, 0x0000023ec3166000,
0x0000023ec3168000, 0x0000023ec316f800
}

Java Threads: ( => current thread )
  0x0000023e9ba0e800 JavaThread "main" [_thread_in_vm, id=17096, stack(0x000000f288b00000,0x000000f288c00000)]
  0x0000023ec1e92800 JavaThread "Reference Handler" daemon [_thread_blocked, id=26768, stack(0x000000f289200000,0x000000f289300000)]
  0x0000023ec1e9b800 JavaThread "Finalizer" daemon [_thread_blocked, id=24180, stack(0x000000f289300000,0x000000f289400000)]
  0x0000023ec1ef5800 JavaThread "Signal Dispatcher" daemon [_thread_blocked, id=8204, stack(0x000000f289400000,0x000000f289500000)]
  0x0000023ec1ef7800 JavaThread "Attach Listener" daemon [_thread_blocked, id=28092, stack(0x000000f289500000,0x000000f289600000)]
  0x0000023ec1ef8800 JavaThread "C1 CompilerThread0" daemon [_thread_blocked, id=24852, stack(0x000000f289600000,0x000000f289700000)]
  0x0000023ec1f09000 JavaThread "Sweeper thread" daemon [_thread_blocked, id=13756, stack(0x000000f289700000,0x000000f289800000)]
  0x0000023ec20b3000 JavaThread "Common-Cleaner" daemon [_thread_blocked, id=11012, stack(0x000000f289800000,0x000000f289900000)]
  0x0000023ec2130800 JavaThread "Service Thread" daemon [_thread_blocked, id=29368, stack(0x000000f289900000,0x000000f289a00000)]
  0x0000023ec278c800 JavaThread "C1 CompilerThread1" daemon [_thread_blocked, id=17064, stack(0x000000f289a00000,0x000000f289b00000)]
  0x0000023ec2f53800 JavaThread "RMI TCP Accept-0" daemon [_thread_in_native, id=14240, stack(0x000000f289b00000,0x000000f289c00000)]
  0x0000023ec2f4b000 JavaThread "RMI TCP Accept-61793" daemon [_thread_in_native, id=29760, stack(0x000000f289c00000,0x000000f289d00000)]
  0x0000023ec2fb7800 JavaThread "RMI TCP Accept-0" daemon [_thread_in_native, id=13468, stack(0x000000f289d00000,0x000000f289e00000)]
  0x0000023ec3140800 JavaThread "RMI TCP Connection(1)-127.0.0.1" daemon [_thread_in_native, id=16348, stack(0x000000f28a400000,0x000000f28a500000)]
  0x0000023ec315d000 JavaThread "C1 CompilerThread2" daemon [_thread_blocked, id=7428, stack(0x000000f28a500000,0x000000f28a600000)]
  0x0000023ec3166000 JavaThread "C1 CompilerThread3" daemon [_thread_blocked, id=18676, stack(0x000000f28a600000,0x000000f28a700000)]
  0x0000023ec3168000 JavaThread "RMI Scheduler(0)" daemon [_thread_blocked, id=24368, stack(0x000000f28a700000,0x000000f28a800000)]
  0x0000023ec316f800 JavaThread "JMX server connection timeout 19" daemon [_thread_blocked, id=12728, stack(0x000000f28a800000,0x000000f28a900000)]

Other Threads:
  0x0000023ec1e6a800 VMThread "VM Thread" [stack: 0x000000f289100000,0x000000f289200000] [id=24336]
=>0x0000023ec2fbd000 WatcherThread [stack: 0x000000f289e00000,0x000000f289f00000] [id=27404]
  0x0000023e9ba23800 GCTaskThread "GC Thread#0" [stack: 0x000000f288c00000,0x000000f288d00000] [id=28420]
  0x0000023ec2ff4000 GCTaskThread "GC Thread#1" [stack: 0x000000f289f00000,0x000000f28a000000] [id=24972]
  0x0000023ec2ff5000 GCTaskThread "GC Thread#2" [stack: 0x000000f28a000000,0x000000f28a100000] [id=11428]
  0x0000023ec2ff5800 GCTaskThread "GC Thread#3" [stack: 0x000000f28a100000,0x000000f28a200000] [id=9808]
  0x0000023ec2ff6800 GCTaskThread "GC Thread#4" [stack: 0x000000f28a200000,0x000000f28a300000] [id=25744]
  0x0000023ec2ffb000 GCTaskThread "GC Thread#5" [stack: 0x000000f28a300000,0x000000f28a400000] [id=31268]
  0x0000023e9ba82800 ConcurrentGCThread "G1 Main Marker" [stack: 0x000000f288d00000,0x000000f288e00000] [id=17284]
  0x0000023e9ba84000 ConcurrentGCThread "G1 Conc#0" [stack: 0x000000f288e00000,0x000000f288f00000] [id=24528]
  0x0000023ec0d50800 ConcurrentGCThread "G1 Refine#0" [stack: 0x000000f288f00000,0x000000f289000000] [id=28756]
  0x0000023ec0d51800 ConcurrentGCThread "G1 Young RemSet Sampling" [stack: 0x000000f289000000,0x000000f289100000] [id=6960]

Threads with active compile tasks:

VM state:not at safepoint (normal execution)

VM Mutex/Monitor currently owned by a thread:  ([mutex/lock_event])
[0x0000023e9ba0c170] PeriodicTask_lock - owner thread: 0x0000023ec2fbd000

Heap address: 0x0000000703200000, size: 4046 MB, Compressed Oops mode: Zero based, Oop shift amount: 3
Narrow klass base: 0x0000000800000000, Narrow klass shift: 0
Compressed class space size: 1073741824 Address: 0x0000000800000000

Heap:
 garbage-first heap   total 260096K, used 40129K [0x0000000703200000, 0x0000000800000000)
  region size 1024K, 25 young (25600K), 2 survivors (2048K)
 Metaspace       used 15126K, capacity 15668K, committed 16000K, reserved 1062912K
  class space    used 1635K, capacity 1817K, committed 1920K, reserved 1048576K
Heap Regions: E=young(eden), S=young(survivor), O=old, HS=humongous(starts), HC=humongous(continues), CS=collection set, F=free, A=archive, TAMS=top-at-mark-start (previous, next)
|   0|0x0000000703200000, 0x0000000703300000, 0x0000000703300000|100%|HS|  |TAMS 0x0000000703200000, 0x0000000703200000| Complete 
|   1|0x0000000703300000, 0x0000000703400000, 0x0000000703400000|100%| O|  |TAMS 0x0000000703300000, 0x0000000703300000| Untracked 
|   2|0x0000000703400000, 0x0000000703500000, 0x0000000703500000|100%| O|  |TAMS 0x0000000703400000, 0x0000000703400000| Untracked 
|   3|0x0000000703500000, 0x0000000703600000, 0x0000000703600000|100%| O|  |TAMS 0x0000000703500000, 0x0000000703500000| Untracked 
|   4|0x0000000703600000, 0x0000000703700000, 0x0000000703700000|100%| O|  |TAMS 0x0000000703600000, 0x0000000703600000| Untracked 
|   5|0x0000000703700000, 0x0000000703800000, 0x0000000703800000|100%| O|  |TAMS 0x0000000703700000, 0x0000000703700000| Untracked 
|   6|0x0000000703800000, 0x0000000703900000, 0x0000000703900000|100%| O|  |TAMS 0x0000000703800000, 0x0000000703800000| Untracked 
|   7|0x0000000703900000, 0x0000000703a00000, 0x0000000703a00000|100%| O|  |TAMS 0x0000000703900000, 0x0000000703900000| Untracked 
|   8|0x0000000703a00000, 0x0000000703b00000, 0x0000000703b00000|100%| O|  |TAMS 0x0000000703a00000, 0x0000000703a00000| Untracked 
|   9|0x0000000703b00000, 0x0000000703c00000, 0x0000000703c00000|100%| O|  |TAMS 0x0000000703b00000, 0x0000000703b00000| Untracked 
|  10|0x0000000703c00000, 0x0000000703d00000, 0x0000000703d00000|100%| O|  |TAMS 0x0000000703c00000, 0x0000000703c00000| Untracked 
|  11|0x0000000703d00000, 0x0000000703e00000, 0x0000000703e00000|100%| O|  |TAMS 0x0000000703d00000, 0x0000000703d00000| Untracked 
|  12|0x0000000703e00000, 0x0000000703f00000, 0x0000000703f00000|100%| O|  |TAMS 0x0000000703e00000, 0x0000000703e00000| Untracked 
|  13|0x0000000703f00000, 0x0000000704000000, 0x0000000704000000|100%| O|  |TAMS 0x0000000703f00000, 0x0000000703f00000| Untracked 
|  14|0x0000000704000000, 0x0000000704100000, 0x0000000704100000|100%| O|  |TAMS 0x0000000704000000, 0x0000000704000000| Untracked 
|  15|0x0000000704100000, 0x0000000704200000, 0x0000000704200000|100%| O|  |TAMS 0x0000000704100000, 0x0000000704100000| Untracked 
|  16|0x0000000704200000, 0x0000000704274e00, 0x0000000704300000| 45%| O|  |TAMS 0x0000000704200000, 0x0000000704200000| Untracked 
|  17|0x0000000704300000, 0x0000000704300000, 0x0000000704400000|  0%| F|  |TAMS 0x0000000704300000, 0x0000000704300000| Untracked 
|  18|0x0000000704400000, 0x0000000704400000, 0x0000000704500000|  0%| F|  |TAMS 0x0000000704400000, 0x0000000704400000| Untracked 
|  19|0x0000000704500000, 0x0000000704500000, 0x0000000704600000|  0%| F|  |TAMS 0x0000000704500000, 0x0000000704500000| Untracked 
|  20|0x0000000704600000, 0x0000000704600000, 0x0000000704700000|  0%| F|  |TAMS 0x0000000704600000, 0x0000000704600000| Untracked 
|  21|0x0000000704700000, 0x0000000704700000, 0x0000000704800000|  0%| F|  |TAMS 0x0000000704700000, 0x0000000704700000| Untracked 
|  22|0x0000000704800000, 0x0000000704800000, 0x0000000704900000|  0%| F|  |TAMS 0x0000000704800000, 0x0000000704800000| Untracked 
|  23|0x0000000704900000, 0x0000000704900000, 0x0000000704a00000|  0%| F|  |TAMS 0x0000000704900000, 0x0000000704900000| Untracked 
|  24|0x0000000704a00000, 0x0000000704a00000, 0x0000000704b00000|  0%| F|  |TAMS 0x0000000704a00000, 0x0000000704a00000| Untracked 
|  25|0x0000000704b00000, 0x0000000704b00000, 0x0000000704c00000|  0%| F|  |TAMS 0x0000000704b00000, 0x0000000704b00000| Untracked 
|  26|0x0000000704c00000, 0x0000000704c00000, 0x0000000704d00000|  0%| F|  |TAMS 0x0000000704c00000, 0x0000000704c00000| Untracked 
|  27|0x0000000704d00000, 0x0000000704d00000, 0x0000000704e00000|  0%| F|  |TAMS 0x0000000704d00000, 0x0000000704d00000| Untracked 
|  28|0x0000000704e00000, 0x0000000704e00000, 0x0000000704f00000|  0%| F|  |TAMS 0x0000000704e00000, 0x0000000704e00000| Untracked 
|  29|0x0000000704f00000, 0x0000000704f00000, 0x0000000705000000|  0%| F|  |TAMS 0x0000000704f00000, 0x0000000704f00000| Untracked 
|  30|0x0000000705000000, 0x0000000705000000, 0x0000000705100000|  0%| F|  |TAMS 0x0000000705000000, 0x0000000705000000| Untracked 
|  31|0x0000000705100000, 0x0000000705100000, 0x0000000705200000|  0%| F|  |TAMS 0x0000000705100000, 0x0000000705100000| Untracked 
|  32|0x0000000705200000, 0x0000000705200000, 0x0000000705300000|  0%| F|  |TAMS 0x0000000705200000, 0x0000000705200000| Untracked 
|  33|0x0000000705300000, 0x0000000705300000, 0x0000000705400000|  0%| F|  |TAMS 0x0000000705300000, 0x0000000705300000| Untracked 
|  34|0x0000000705400000, 0x0000000705400000, 0x0000000705500000|  0%| F|  |TAMS 0x0000000705400000, 0x0000000705400000| Untracked 
|  35|0x0000000705500000, 0x0000000705500000, 0x0000000705600000|  0%| F|  |TAMS 0x0000000705500000, 0x0000000705500000| Untracked 
|  36|0x0000000705600000, 0x0000000705600000, 0x0000000705700000|  0%| F|  |TAMS 0x0000000705600000, 0x0000000705600000| Untracked 
|  37|0x0000000705700000, 0x0000000705700000, 0x0000000705800000|  0%| F|  |TAMS 0x0000000705700000, 0x0000000705700000| Untracked 
|  38|0x0000000705800000, 0x0000000705800000, 0x0000000705900000|  0%| F|  |TAMS 0x0000000705800000, 0x0000000705800000| Untracked 
|  39|0x0000000705900000, 0x0000000705900000, 0x0000000705a00000|  0%| F|  |TAMS 0x0000000705900000, 0x0000000705900000| Untracked 
|  40|0x0000000705a00000, 0x0000000705a00000, 0x0000000705b00000|  0%| F|  |TAMS 0x0000000705a00000, 0x0000000705a00000| Untracked 
|  41|0x0000000705b00000, 0x0000000705b00000, 0x0000000705c00000|  0%| F|  |TAMS 0x0000000705b00000, 0x0000000705b00000| Untracked 
|  42|0x0000000705c00000, 0x0000000705c00000, 0x0000000705d00000|  0%| F|  |TAMS 0x0000000705c00000, 0x0000000705c00000| Untracked 
|  43|0x0000000705d00000, 0x0000000705d00000, 0x0000000705e00000|  0%| F|  |TAMS 0x0000000705d00000, 0x0000000705d00000| Untracked 
|  44|0x0000000705e00000, 0x0000000705e00000, 0x0000000705f00000|  0%| F|  |TAMS 0x0000000705e00000, 0x0000000705e00000| Untracked 
|  45|0x0000000705f00000, 0x0000000705f00000, 0x0000000706000000|  0%| F|  |TAMS 0x0000000705f00000, 0x0000000705f00000| Untracked 
|  46|0x0000000706000000, 0x0000000706000000, 0x0000000706100000|  0%| F|  |TAMS 0x0000000706000000, 0x0000000706000000| Untracked 
|  47|0x0000000706100000, 0x0000000706100000, 0x0000000706200000|  0%| F|  |TAMS 0x0000000706100000, 0x0000000706100000| Untracked 
|  48|0x0000000706200000, 0x0000000706200000, 0x0000000706300000|  0%| F|  |TAMS 0x0000000706200000, 0x0000000706200000| Untracked 
|  49|0x0000000706300000, 0x0000000706300000, 0x0000000706400000|  0%| F|  |TAMS 0x0000000706300000, 0x0000000706300000| Untracked 
|  50|0x0000000706400000, 0x0000000706400000, 0x0000000706500000|  0%| F|  |TAMS 0x0000000706400000, 0x0000000706400000| Untracked 
|  51|0x0000000706500000, 0x0000000706500000, 0x0000000706600000|  0%| F|  |TAMS 0x0000000706500000, 0x0000000706500000| Untracked 
|  52|0x0000000706600000, 0x0000000706600000, 0x0000000706700000|  0%| F|  |TAMS 0x0000000706600000, 0x0000000706600000| Untracked 
|  53|0x0000000706700000, 0x0000000706700000, 0x0000000706800000|  0%| F|  |TAMS 0x0000000706700000, 0x0000000706700000| Untracked 
|  54|0x0000000706800000, 0x0000000706800000, 0x0000000706900000|  0%| F|  |TAMS 0x0000000706800000, 0x0000000706800000| Untracked 
|  55|0x0000000706900000, 0x0000000706900000, 0x0000000706a00000|  0%| F|  |TAMS 0x0000000706900000, 0x0000000706900000| Untracked 
|  56|0x0000000706a00000, 0x0000000706a00000, 0x0000000706b00000|  0%| F|  |TAMS 0x0000000706a00000, 0x0000000706a00000| Untracked 
|  57|0x0000000706b00000, 0x0000000706b00000, 0x0000000706c00000|  0%| F|  |TAMS 0x0000000706b00000, 0x0000000706b00000| Untracked 
|  58|0x0000000706c00000, 0x0000000706c00000, 0x0000000706d00000|  0%| F|  |TAMS 0x0000000706c00000, 0x0000000706c00000| Untracked 
|  59|0x0000000706d00000, 0x0000000706d00000, 0x0000000706e00000|  0%| F|  |TAMS 0x0000000706d00000, 0x0000000706d00000| Untracked 
|  60|0x0000000706e00000, 0x0000000706e00000, 0x0000000706f00000|  0%| F|  |TAMS 0x0000000706e00000, 0x0000000706e00000| Untracked 
|  61|0x0000000706f00000, 0x0000000706f00000, 0x0000000707000000|  0%| F|  |TAMS 0x0000000706f00000, 0x0000000706f00000| Untracked 
|  62|0x0000000707000000, 0x0000000707000000, 0x0000000707100000|  0%| F|  |TAMS 0x0000000707000000, 0x0000000707000000| Untracked 
|  63|0x0000000707100000, 0x0000000707100000, 0x0000000707200000|  0%| F|  |TAMS 0x0000000707100000, 0x0000000707100000| Untracked 
|  64|0x0000000707200000, 0x0000000707200000, 0x0000000707300000|  0%| F|  |TAMS 0x0000000707200000, 0x0000000707200000| Untracked 
|  65|0x0000000707300000, 0x0000000707300000, 0x0000000707400000|  0%| F|  |TAMS 0x0000000707300000, 0x0000000707300000| Untracked 
|  66|0x0000000707400000, 0x0000000707400000, 0x0000000707500000|  0%| F|  |TAMS 0x0000000707400000, 0x0000000707400000| Untracked 
|  67|0x0000000707500000, 0x0000000707500000, 0x0000000707600000|  0%| F|  |TAMS 0x0000000707500000, 0x0000000707500000| Untracked 
|  68|0x0000000707600000, 0x0000000707600000, 0x0000000707700000|  0%| F|  |TAMS 0x0000000707600000, 0x0000000707600000| Untracked 
|  69|0x0000000707700000, 0x0000000707700000, 0x0000000707800000|  0%| F|  |TAMS 0x0000000707700000, 0x0000000707700000| Untracked 
|  70|0x0000000707800000, 0x0000000707800000, 0x0000000707900000|  0%| F|  |TAMS 0x0000000707800000, 0x0000000707800000| Untracked 
|  71|0x0000000707900000, 0x0000000707900000, 0x0000000707a00000|  0%| F|  |TAMS 0x0000000707900000, 0x0000000707900000| Untracked 
|  72|0x0000000707a00000, 0x0000000707a00000, 0x0000000707b00000|  0%| F|  |TAMS 0x0000000707a00000, 0x0000000707a00000| Untracked 
|  73|0x0000000707b00000, 0x0000000707b00000, 0x0000000707c00000|  0%| F|  |TAMS 0x0000000707b00000, 0x0000000707b00000| Untracked 
|  74|0x0000000707c00000, 0x0000000707c00000, 0x0000000707d00000|  0%| F|  |TAMS 0x0000000707c00000, 0x0000000707c00000| Untracked 
|  75|0x0000000707d00000, 0x0000000707d00000, 0x0000000707e00000|  0%| F|  |TAMS 0x0000000707d00000, 0x0000000707d00000| Untracked 
|  76|0x0000000707e00000, 0x0000000707e00000, 0x0000000707f00000|  0%| F|  |TAMS 0x0000000707e00000, 0x0000000707e00000| Untracked 
|  77|0x0000000707f00000, 0x0000000707f00000, 0x0000000708000000|  0%| F|  |TAMS 0x0000000707f00000, 0x0000000707f00000| Untracked 
|  78|0x0000000708000000, 0x0000000708000000, 0x0000000708100000|  0%| F|  |TAMS 0x0000000708000000, 0x0000000708000000| Untracked 
|  79|0x0000000708100000, 0x0000000708100000, 0x0000000708200000|  0%| F|  |TAMS 0x0000000708100000, 0x0000000708100000| Untracked 
|  80|0x0000000708200000, 0x0000000708200000, 0x0000000708300000|  0%| F|  |TAMS 0x0000000708200000, 0x0000000708200000| Untracked 
|  81|0x0000000708300000, 0x0000000708300000, 0x0000000708400000|  0%| F|  |TAMS 0x0000000708300000, 0x0000000708300000| Untracked 
|  82|0x0000000708400000, 0x0000000708400000, 0x0000000708500000|  0%| F|  |TAMS 0x0000000708400000, 0x0000000708400000| Untracked 
|  83|0x0000000708500000, 0x0000000708500000, 0x0000000708600000|  0%| F|  |TAMS 0x0000000708500000, 0x0000000708500000| Untracked 
|  84|0x0000000708600000, 0x0000000708600000, 0x0000000708700000|  0%| F|  |TAMS 0x0000000708600000, 0x0000000708600000| Untracked 
|  85|0x0000000708700000, 0x0000000708700000, 0x0000000708800000|  0%| F|  |TAMS 0x0000000708700000, 0x0000000708700000| Untracked 
|  86|0x0000000708800000, 0x0000000708800000, 0x0000000708900000|  0%| F|  |TAMS 0x0000000708800000, 0x0000000708800000| Untracked 
|  87|0x0000000708900000, 0x0000000708900000, 0x0000000708a00000|  0%| F|  |TAMS 0x0000000708900000, 0x0000000708900000| Untracked 
|  88|0x0000000708a00000, 0x0000000708a00000, 0x0000000708b00000|  0%| F|  |TAMS 0x0000000708a00000, 0x0000000708a00000| Untracked 
|  89|0x0000000708b00000, 0x0000000708b00000, 0x0000000708c00000|  0%| F|  |TAMS 0x0000000708b00000, 0x0000000708b00000| Untracked 
|  90|0x0000000708c00000, 0x0000000708c00000, 0x0000000708d00000|  0%| F|  |TAMS 0x0000000708c00000, 0x0000000708c00000| Untracked 
|  91|0x0000000708d00000, 0x0000000708d00000, 0x0000000708e00000|  0%| F|  |TAMS 0x0000000708d00000, 0x0000000708d00000| Untracked 
|  92|0x0000000708e00000, 0x0000000708e00000, 0x0000000708f00000|  0%| F|  |TAMS 0x0000000708e00000, 0x0000000708e00000| Untracked 
|  93|0x0000000708f00000, 0x0000000708f00000, 0x0000000709000000|  0%| F|  |TAMS 0x0000000708f00000, 0x0000000708f00000| Untracked 
|  94|0x0000000709000000, 0x0000000709000000, 0x0000000709100000|  0%| F|  |TAMS 0x0000000709000000, 0x0000000709000000| Untracked 
|  95|0x0000000709100000, 0x0000000709100000, 0x0000000709200000|  0%| F|  |TAMS 0x0000000709100000, 0x0000000709100000| Untracked 
|  96|0x0000000709200000, 0x0000000709200000, 0x0000000709300000|  0%| F|  |TAMS 0x0000000709200000, 0x0000000709200000| Untracked 
|  97|0x0000000709300000, 0x0000000709300000, 0x0000000709400000|  0%| F|  |TAMS 0x0000000709300000, 0x0000000709300000| Untracked 
|  98|0x0000000709400000, 0x0000000709400000, 0x0000000709500000|  0%| F|  |TAMS 0x0000000709400000, 0x0000000709400000| Untracked 
|  99|0x0000000709500000, 0x0000000709500000, 0x0000000709600000|  0%| F|  |TAMS 0x0000000709500000, 0x0000000709500000| Untracked 
| 100|0x0000000709600000, 0x0000000709600000, 0x0000000709700000|  0%| F|  |TAMS 0x0000000709600000, 0x0000000709600000| Untracked 
| 101|0x0000000709700000, 0x0000000709700000, 0x0000000709800000|  0%| F|  |TAMS 0x0000000709700000, 0x0000000709700000| Untracked 
| 102|0x0000000709800000, 0x0000000709800000, 0x0000000709900000|  0%| F|  |TAMS 0x0000000709800000, 0x0000000709800000| Untracked 
| 103|0x0000000709900000, 0x0000000709900000, 0x0000000709a00000|  0%| F|  |TAMS 0x0000000709900000, 0x0000000709900000| Untracked 
| 104|0x0000000709a00000, 0x0000000709a00000, 0x0000000709b00000|  0%| F|  |TAMS 0x0000000709a00000, 0x0000000709a00000| Untracked 
| 105|0x0000000709b00000, 0x0000000709b00000, 0x0000000709c00000|  0%| F|  |TAMS 0x0000000709b00000, 0x0000000709b00000| Untracked 
| 106|0x0000000709c00000, 0x0000000709c00000, 0x0000000709d00000|  0%| F|  |TAMS 0x0000000709c00000, 0x0000000709c00000| Untracked 
| 107|0x0000000709d00000, 0x0000000709d00000, 0x0000000709e00000|  0%| F|  |TAMS 0x0000000709d00000, 0x0000000709d00000| Untracked 
| 108|0x0000000709e00000, 0x0000000709e00000, 0x0000000709f00000|  0%| F|  |TAMS 0x0000000709e00000, 0x0000000709e00000| Untracked 
| 109|0x0000000709f00000, 0x0000000709f00000, 0x000000070a000000|  0%| F|  |TAMS 0x0000000709f00000, 0x0000000709f00000| Untracked 
| 110|0x000000070a000000, 0x000000070a000000, 0x000000070a100000|  0%| F|  |TAMS 0x000000070a000000, 0x000000070a000000| Untracked 
| 111|0x000000070a100000, 0x000000070a100000, 0x000000070a200000|  0%| F|  |TAMS 0x000000070a100000, 0x000000070a100000| Untracked 
| 112|0x000000070a200000, 0x000000070a200000, 0x000000070a300000|  0%| F|  |TAMS 0x000000070a200000, 0x000000070a200000| Untracked 
| 113|0x000000070a300000, 0x000000070a300000, 0x000000070a400000|  0%| F|  |TAMS 0x000000070a300000, 0x000000070a300000| Untracked 
| 114|0x000000070a400000, 0x000000070a400000, 0x000000070a500000|  0%| F|  |TAMS 0x000000070a400000, 0x000000070a400000| Untracked 
| 115|0x000000070a500000, 0x000000070a500000, 0x000000070a600000|  0%| F|  |TAMS 0x000000070a500000, 0x000000070a500000| Untracked 
| 116|0x000000070a600000, 0x000000070a600000, 0x000000070a700000|  0%| F|  |TAMS 0x000000070a600000, 0x000000070a600000| Untracked 
| 117|0x000000070a700000, 0x000000070a700000, 0x000000070a800000|  0%| F|  |TAMS 0x000000070a700000, 0x000000070a700000| Untracked 
| 118|0x000000070a800000, 0x000000070a800000, 0x000000070a900000|  0%| F|  |TAMS 0x000000070a800000, 0x000000070a800000| Untracked 
| 119|0x000000070a900000, 0x000000070a900000, 0x000000070aa00000|  0%| F|  |TAMS 0x000000070a900000, 0x000000070a900000| Untracked 
| 120|0x000000070aa00000, 0x000000070aa00000, 0x000000070ab00000|  0%| F|  |TAMS 0x000000070aa00000, 0x000000070aa00000| Untracked 
| 121|0x000000070ab00000, 0x000000070ab00000, 0x000000070ac00000|  0%| F|  |TAMS 0x000000070ab00000, 0x000000070ab00000| Untracked 
| 122|0x000000070ac00000, 0x000000070ac00000, 0x000000070ad00000|  0%| F|  |TAMS 0x000000070ac00000, 0x000000070ac00000| Untracked 
| 123|0x000000070ad00000, 0x000000070ad00000, 0x000000070ae00000|  0%| F|  |TAMS 0x000000070ad00000, 0x000000070ad00000| Untracked 
| 124|0x000000070ae00000, 0x000000070ae00000, 0x000000070af00000|  0%| F|  |TAMS 0x000000070ae00000, 0x000000070ae00000| Untracked 
| 125|0x000000070af00000, 0x000000070af00000, 0x000000070b000000|  0%| F|  |TAMS 0x000000070af00000, 0x000000070af00000| Untracked 
| 126|0x000000070b000000, 0x000000070b000000, 0x000000070b100000|  0%| F|  |TAMS 0x000000070b000000, 0x000000070b000000| Untracked 
| 127|0x000000070b100000, 0x000000070b100000, 0x000000070b200000|  0%| F|  |TAMS 0x000000070b100000, 0x000000070b100000| Untracked 
| 128|0x000000070b200000, 0x000000070b200000, 0x000000070b300000|  0%| F|  |TAMS 0x000000070b200000, 0x000000070b200000| Untracked 
| 129|0x000000070b300000, 0x000000070b300000, 0x000000070b400000|  0%| F|  |TAMS 0x000000070b300000, 0x000000070b300000| Untracked 
| 130|0x000000070b400000, 0x000000070b400000, 0x000000070b500000|  0%| F|  |TAMS 0x000000070b400000, 0x000000070b400000| Untracked 
| 131|0x000000070b500000, 0x000000070b500000, 0x000000070b600000|  0%| F|  |TAMS 0x000000070b500000, 0x000000070b500000| Untracked 
| 132|0x000000070b600000, 0x000000070b600000, 0x000000070b700000|  0%| F|  |TAMS 0x000000070b600000, 0x000000070b600000| Untracked 
| 133|0x000000070b700000, 0x000000070b700000, 0x000000070b800000|  0%| F|  |TAMS 0x000000070b700000, 0x000000070b700000| Untracked 
| 134|0x000000070b800000, 0x000000070b800000, 0x000000070b900000|  0%| F|  |TAMS 0x000000070b800000, 0x000000070b800000| Untracked 
| 135|0x000000070b900000, 0x000000070b900000, 0x000000070ba00000|  0%| F|  |TAMS 0x000000070b900000, 0x000000070b900000| Untracked 
| 136|0x000000070ba00000, 0x000000070ba00000, 0x000000070bb00000|  0%| F|  |TAMS 0x000000070ba00000, 0x000000070ba00000| Untracked 
| 137|0x000000070bb00000, 0x000000070bb00000, 0x000000070bc00000|  0%| F|  |TAMS 0x000000070bb00000, 0x000000070bb00000| Untracked 
| 138|0x000000070bc00000, 0x000000070bc00000, 0x000000070bd00000|  0%| F|  |TAMS 0x000000070bc00000, 0x000000070bc00000| Untracked 
| 139|0x000000070bd00000, 0x000000070bd00000, 0x000000070be00000|  0%| F|  |TAMS 0x000000070bd00000, 0x000000070bd00000| Untracked 
| 140|0x000000070be00000, 0x000000070be00000, 0x000000070bf00000|  0%| F|  |TAMS 0x000000070be00000, 0x000000070be00000| Untracked 
| 141|0x000000070bf00000, 0x000000070bf00000, 0x000000070c000000|  0%| F|  |TAMS 0x000000070bf00000, 0x000000070bf00000| Untracked 
| 142|0x000000070c000000, 0x000000070c000000, 0x000000070c100000|  0%| F|  |TAMS 0x000000070c000000, 0x000000070c000000| Untracked 
| 143|0x000000070c100000, 0x000000070c100000, 0x000000070c200000|  0%| F|  |TAMS 0x000000070c100000, 0x000000070c100000| Untracked 
| 144|0x000000070c200000, 0x000000070c200000, 0x000000070c300000|  0%| F|  |TAMS 0x000000070c200000, 0x000000070c200000| Untracked 
| 145|0x000000070c300000, 0x000000070c300000, 0x000000070c400000|  0%| F|  |TAMS 0x000000070c300000, 0x000000070c300000| Untracked 
| 146|0x000000070c400000, 0x000000070c400000, 0x000000070c500000|  0%| F|  |TAMS 0x000000070c400000, 0x000000070c400000| Untracked 
| 147|0x000000070c500000, 0x000000070c500000, 0x000000070c600000|  0%| F|  |TAMS 0x000000070c500000, 0x000000070c500000| Untracked 
| 148|0x000000070c600000, 0x000000070c600000, 0x000000070c700000|  0%| F|  |TAMS 0x000000070c600000, 0x000000070c600000| Untracked 
| 149|0x000000070c700000, 0x000000070c700000, 0x000000070c800000|  0%| F|  |TAMS 0x000000070c700000, 0x000000070c700000| Untracked 
| 150|0x000000070c800000, 0x000000070c800000, 0x000000070c900000|  0%| F|  |TAMS 0x000000070c800000, 0x000000070c800000| Untracked 
| 151|0x000000070c900000, 0x000000070c900000, 0x000000070ca00000|  0%| F|  |TAMS 0x000000070c900000, 0x000000070c900000| Untracked 
| 152|0x000000070ca00000, 0x000000070ca00000, 0x000000070cb00000|  0%| F|  |TAMS 0x000000070ca00000, 0x000000070ca00000| Untracked 
| 153|0x000000070cb00000, 0x000000070cb00000, 0x000000070cc00000|  0%| F|  |TAMS 0x000000070cb00000, 0x000000070cb00000| Untracked 
| 154|0x000000070cc00000, 0x000000070cc00000, 0x000000070cd00000|  0%| F|  |TAMS 0x000000070cc00000, 0x000000070cc00000| Untracked 
| 155|0x000000070cd00000, 0x000000070cd00000, 0x000000070ce00000|  0%| F|  |TAMS 0x000000070cd00000, 0x000000070cd00000| Untracked 
| 156|0x000000070ce00000, 0x000000070ce00000, 0x000000070cf00000|  0%| F|  |TAMS 0x000000070ce00000, 0x000000070ce00000| Untracked 
| 157|0x000000070cf00000, 0x000000070cf00000, 0x000000070d000000|  0%| F|  |TAMS 0x000000070cf00000, 0x000000070cf00000| Untracked 
| 158|0x000000070d000000, 0x000000070d000000, 0x000000070d100000|  0%| F|  |TAMS 0x000000070d000000, 0x000000070d000000| Untracked 
| 159|0x000000070d100000, 0x000000070d100000, 0x000000070d200000|  0%| F|  |TAMS 0x000000070d100000, 0x000000070d100000| Untracked 
| 160|0x000000070d200000, 0x000000070d200000, 0x000000070d300000|  0%| F|  |TAMS 0x000000070d200000, 0x000000070d200000| Untracked 
| 161|0x000000070d300000, 0x000000070d300000, 0x000000070d400000|  0%| F|  |TAMS 0x000000070d300000, 0x000000070d300000| Untracked 
| 162|0x000000070d400000, 0x000000070d400000, 0x000000070d500000|  0%| F|  |TAMS 0x000000070d400000, 0x000000070d400000| Untracked 
| 163|0x000000070d500000, 0x000000070d500000, 0x000000070d600000|  0%| F|  |TAMS 0x000000070d500000, 0x000000070d500000| Untracked 
| 164|0x000000070d600000, 0x000000070d600000, 0x000000070d700000|  0%| F|  |TAMS 0x000000070d600000, 0x000000070d600000| Untracked 
| 165|0x000000070d700000, 0x000000070d700000, 0x000000070d800000|  0%| F|  |TAMS 0x000000070d700000, 0x000000070d700000| Untracked 
| 166|0x000000070d800000, 0x000000070d800000, 0x000000070d900000|  0%| F|  |TAMS 0x000000070d800000, 0x000000070d800000| Untracked 
| 167|0x000000070d900000, 0x000000070d900000, 0x000000070da00000|  0%| F|  |TAMS 0x000000070d900000, 0x000000070d900000| Untracked 
| 168|0x000000070da00000, 0x000000070da00000, 0x000000070db00000|  0%| F|  |TAMS 0x000000070da00000, 0x000000070da00000| Untracked 
| 169|0x000000070db00000, 0x000000070db00000, 0x000000070dc00000|  0%| F|  |TAMS 0x000000070db00000, 0x000000070db00000| Untracked 
| 170|0x000000070dc00000, 0x000000070dc00000, 0x000000070dd00000|  0%| F|  |TAMS 0x000000070dc00000, 0x000000070dc00000| Untracked 
| 171|0x000000070dd00000, 0x000000070dd00000, 0x000000070de00000|  0%| F|  |TAMS 0x000000070dd00000, 0x000000070dd00000| Untracked 
| 172|0x000000070de00000, 0x000000070de00000, 0x000000070df00000|  0%| F|  |TAMS 0x000000070de00000, 0x000000070de00000| Untracked 
| 173|0x000000070df00000, 0x000000070df00000, 0x000000070e000000|  0%| F|  |TAMS 0x000000070df00000, 0x000000070df00000| Untracked 
| 174|0x000000070e000000, 0x000000070e000000, 0x000000070e100000|  0%| F|  |TAMS 0x000000070e000000, 0x000000070e000000| Untracked 
| 175|0x000000070e100000, 0x000000070e100000, 0x000000070e200000|  0%| F|  |TAMS 0x000000070e100000, 0x000000070e100000| Untracked 
| 176|0x000000070e200000, 0x000000070e200000, 0x000000070e300000|  0%| F|  |TAMS 0x000000070e200000, 0x000000070e200000| Untracked 
| 177|0x000000070e300000, 0x000000070e300000, 0x000000070e400000|  0%| F|  |TAMS 0x000000070e300000, 0x000000070e300000| Untracked 
| 178|0x000000070e400000, 0x000000070e400000, 0x000000070e500000|  0%| F|  |TAMS 0x000000070e400000, 0x000000070e400000| Untracked 
| 179|0x000000070e500000, 0x000000070e500000, 0x000000070e600000|  0%| F|  |TAMS 0x000000070e500000, 0x000000070e500000| Untracked 
| 180|0x000000070e600000, 0x000000070e600000, 0x000000070e700000|  0%| F|  |TAMS 0x000000070e600000, 0x000000070e600000| Untracked 
| 181|0x000000070e700000, 0x000000070e700000, 0x000000070e800000|  0%| F|  |TAMS 0x000000070e700000, 0x000000070e700000| Untracked 
| 182|0x000000070e800000, 0x000000070e800000, 0x000000070e900000|  0%| F|  |TAMS 0x000000070e800000, 0x000000070e800000| Untracked 
| 183|0x000000070e900000, 0x000000070e900000, 0x000000070ea00000|  0%| F|  |TAMS 0x000000070e900000, 0x000000070e900000| Untracked 
| 184|0x000000070ea00000, 0x000000070ea00000, 0x000000070eb00000|  0%| F|  |TAMS 0x000000070ea00000, 0x000000070ea00000| Untracked 
| 185|0x000000070eb00000, 0x000000070eb00000, 0x000000070ec00000|  0%| F|  |TAMS 0x000000070eb00000, 0x000000070eb00000| Untracked 
| 186|0x000000070ec00000, 0x000000070ec00000, 0x000000070ed00000|  0%| F|  |TAMS 0x000000070ec00000, 0x000000070ec00000| Untracked 
| 187|0x000000070ed00000, 0x000000070ed00000, 0x000000070ee00000|  0%| F|  |TAMS 0x000000070ed00000, 0x000000070ed00000| Untracked 
| 188|0x000000070ee00000, 0x000000070ee00000, 0x000000070ef00000|  0%| F|  |TAMS 0x000000070ee00000, 0x000000070ee00000| Untracked 
| 189|0x000000070ef00000, 0x000000070ef00000, 0x000000070f000000|  0%| F|  |TAMS 0x000000070ef00000, 0x000000070ef00000| Untracked 
| 190|0x000000070f000000, 0x000000070f000000, 0x000000070f100000|  0%| F|  |TAMS 0x000000070f000000, 0x000000070f000000| Untracked 
| 191|0x000000070f100000, 0x000000070f100000, 0x000000070f200000|  0%| F|  |TAMS 0x000000070f100000, 0x000000070f100000| Untracked 
| 192|0x000000070f200000, 0x000000070f200000, 0x000000070f300000|  0%| F|  |TAMS 0x000000070f200000, 0x000000070f200000| Untracked 
| 193|0x000000070f300000, 0x000000070f300000, 0x000000070f400000|  0%| F|  |TAMS 0x000000070f300000, 0x000000070f300000| Untracked 
| 194|0x000000070f400000, 0x000000070f400000, 0x000000070f500000|  0%| F|  |TAMS 0x000000070f400000, 0x000000070f400000| Untracked 
| 195|0x000000070f500000, 0x000000070f500000, 0x000000070f600000|  0%| F|  |TAMS 0x000000070f500000, 0x000000070f500000| Untracked 
| 196|0x000000070f600000, 0x000000070f600000, 0x000000070f700000|  0%| F|  |TAMS 0x000000070f600000, 0x000000070f600000| Untracked 
| 197|0x000000070f700000, 0x000000070f700000, 0x000000070f800000|  0%| F|  |TAMS 0x000000070f700000, 0x000000070f700000| Untracked 
| 198|0x000000070f800000, 0x000000070f800000, 0x000000070f900000|  0%| F|  |TAMS 0x000000070f800000, 0x000000070f800000| Untracked 
| 199|0x000000070f900000, 0x000000070f900000, 0x000000070fa00000|  0%| F|  |TAMS 0x000000070f900000, 0x000000070f900000| Untracked 
| 200|0x000000070fa00000, 0x000000070fa00000, 0x000000070fb00000|  0%| F|  |TAMS 0x000000070fa00000, 0x000000070fa00000| Untracked 
| 201|0x000000070fb00000, 0x000000070fb00000, 0x000000070fc00000|  0%| F|  |TAMS 0x000000070fb00000, 0x000000070fb00000| Untracked 
| 202|0x000000070fc00000, 0x000000070fc00000, 0x000000070fd00000|  0%| F|  |TAMS 0x000000070fc00000, 0x000000070fc00000| Untracked 
| 203|0x000000070fd00000, 0x000000070fd00000, 0x000000070fe00000|  0%| F|  |TAMS 0x000000070fd00000, 0x000000070fd00000| Untracked 
| 204|0x000000070fe00000, 0x000000070fe00000, 0x000000070ff00000|  0%| F|  |TAMS 0x000000070fe00000, 0x000000070fe00000| Untracked 
| 205|0x000000070ff00000, 0x000000070ff00000, 0x0000000710000000|  0%| F|  |TAMS 0x000000070ff00000, 0x000000070ff00000| Untracked 
| 206|0x0000000710000000, 0x0000000710000000, 0x0000000710100000|  0%| F|  |TAMS 0x0000000710000000, 0x0000000710000000| Untracked 
| 207|0x0000000710100000, 0x0000000710100000, 0x0000000710200000|  0%| F|  |TAMS 0x0000000710100000, 0x0000000710100000| Untracked 
| 208|0x0000000710200000, 0x0000000710200000, 0x0000000710300000|  0%| F|  |TAMS 0x0000000710200000, 0x0000000710200000| Untracked 
| 209|0x0000000710300000, 0x0000000710300000, 0x0000000710400000|  0%| F|  |TAMS 0x0000000710300000, 0x0000000710300000| Untracked 
| 210|0x0000000710400000, 0x0000000710400000, 0x0000000710500000|  0%| F|  |TAMS 0x0000000710400000, 0x0000000710400000| Untracked 
| 211|0x0000000710500000, 0x0000000710500000, 0x0000000710600000|  0%| F|  |TAMS 0x0000000710500000, 0x0000000710500000| Untracked 
| 212|0x0000000710600000, 0x0000000710600000, 0x0000000710700000|  0%| F|  |TAMS 0x0000000710600000, 0x0000000710600000| Untracked 
| 213|0x0000000710700000, 0x0000000710700000, 0x0000000710800000|  0%| F|  |TAMS 0x0000000710700000, 0x0000000710700000| Untracked 
| 214|0x0000000710800000, 0x0000000710800000, 0x0000000710900000|  0%| F|  |TAMS 0x0000000710800000, 0x0000000710800000| Untracked 
| 215|0x0000000710900000, 0x0000000710900000, 0x0000000710a00000|  0%| F|  |TAMS 0x0000000710900000, 0x0000000710900000| Untracked 
| 216|0x0000000710a00000, 0x0000000710a00000, 0x0000000710b00000|  0%| F|  |TAMS 0x0000000710a00000, 0x0000000710a00000| Untracked 
| 217|0x0000000710b00000, 0x0000000710b00000, 0x0000000710c00000|  0%| F|  |TAMS 0x0000000710b00000, 0x0000000710b00000| Untracked 
| 218|0x0000000710c00000, 0x0000000710c00000, 0x0000000710d00000|  0%| F|  |TAMS 0x0000000710c00000, 0x0000000710c00000| Untracked 
| 219|0x0000000710d00000, 0x0000000710d82010, 0x0000000710e00000| 50%| E|  |TAMS 0x0000000710d00000, 0x0000000710d00000| Complete 
| 220|0x0000000710e00000, 0x0000000710f00000, 0x0000000710f00000|100%| E|  |TAMS 0x0000000710e00000, 0x0000000710e00000| Complete 
| 221|0x0000000710f00000, 0x0000000711000000, 0x0000000711000000|100%| E|CS|TAMS 0x0000000710f00000, 0x0000000710f00000| Complete 
| 222|0x0000000711000000, 0x0000000711100000, 0x0000000711100000|100%| E|CS|TAMS 0x0000000711000000, 0x0000000711000000| Complete 
| 223|0x0000000711100000, 0x0000000711200000, 0x0000000711200000|100%| E|CS|TAMS 0x0000000711100000, 0x0000000711100000| Complete 
| 224|0x0000000711200000, 0x0000000711300000, 0x0000000711300000|100%| E|CS|TAMS 0x0000000711200000, 0x0000000711200000| Complete 
| 225|0x0000000711300000, 0x0000000711400000, 0x0000000711400000|100%| E|CS|TAMS 0x0000000711300000, 0x0000000711300000| Complete 
| 226|0x0000000711400000, 0x0000000711500000, 0x0000000711500000|100%| E|CS|TAMS 0x0000000711400000, 0x0000000711400000| Complete 
| 227|0x0000000711500000, 0x0000000711600000, 0x0000000711600000|100%| E|CS|TAMS 0x0000000711500000, 0x0000000711500000| Complete 
| 228|0x0000000711600000, 0x0000000711700000, 0x0000000711700000|100%| E|CS|TAMS 0x0000000711600000, 0x0000000711600000| Complete 
| 229|0x0000000711700000, 0x0000000711800000, 0x0000000711800000|100%| E|CS|TAMS 0x0000000711700000, 0x0000000711700000| Complete 
| 230|0x0000000711800000, 0x0000000711900000, 0x0000000711900000|100%| E|CS|TAMS 0x0000000711800000, 0x0000000711800000| Complete 
| 231|0x0000000711900000, 0x0000000711a00000, 0x0000000711a00000|100%| E|CS|TAMS 0x0000000711900000, 0x0000000711900000| Complete 
| 232|0x0000000711a00000, 0x0000000711b00000, 0x0000000711b00000|100%| E|CS|TAMS 0x0000000711a00000, 0x0000000711a00000| Complete 
| 233|0x0000000711b00000, 0x0000000711c00000, 0x0000000711c00000|100%| E|CS|TAMS 0x0000000711b00000, 0x0000000711b00000| Complete 
| 234|0x0000000711c00000, 0x0000000711d00000, 0x0000000711d00000|100%| E|CS|TAMS 0x0000000711c00000, 0x0000000711c00000| Complete 
| 235|0x0000000711d00000, 0x0000000711dbb750, 0x0000000711e00000| 73%| S|CS|TAMS 0x0000000711d00000, 0x0000000711d00000| Complete 
| 236|0x0000000711e00000, 0x0000000711f00000, 0x0000000711f00000|100%| S|CS|TAMS 0x0000000711e00000, 0x0000000711e00000| Complete 
| 237|0x0000000711f00000, 0x0000000712000000, 0x0000000712000000|100%| E|CS|TAMS 0x0000000711f00000, 0x0000000711f00000| Complete 
| 238|0x0000000712000000, 0x0000000712100000, 0x0000000712100000|100%| E|CS|TAMS 0x0000000712000000, 0x0000000712000000| Complete 
| 239|0x0000000712100000, 0x0000000712200000, 0x0000000712200000|100%| E|CS|TAMS 0x0000000712100000, 0x0000000712100000| Complete 
| 240|0x0000000712200000, 0x0000000712300000, 0x0000000712300000|100%| E|CS|TAMS 0x0000000712200000, 0x0000000712200000| Complete 
| 241|0x0000000712300000, 0x0000000712400000, 0x0000000712400000|100%| E|CS|TAMS 0x0000000712300000, 0x0000000712300000| Complete 
| 242|0x0000000712400000, 0x0000000712500000, 0x0000000712500000|100%| E|CS|TAMS 0x0000000712400000, 0x0000000712400000| Complete 
| 243|0x0000000712500000, 0x0000000712600000, 0x0000000712600000|100%| E|CS|TAMS 0x0000000712500000, 0x0000000712500000| Complete 
| 244|0x0000000712600000, 0x0000000712700000, 0x0000000712700000|100%| E|CS|TAMS 0x0000000712600000, 0x0000000712600000| Complete 
| 245|0x0000000712700000, 0x0000000712800000, 0x0000000712800000|100%| E|CS|TAMS 0x0000000712700000, 0x0000000712700000| Complete 
| 246|0x0000000712800000, 0x0000000712900000, 0x0000000712900000|100%| E|CS|TAMS 0x0000000712800000, 0x0000000712800000| Complete 
| 247|0x0000000712900000, 0x0000000712a00000, 0x0000000712a00000|100%| E|CS|TAMS 0x0000000712900000, 0x0000000712900000| Complete 
| 248|0x0000000712a00000, 0x0000000712b00000, 0x0000000712b00000|100%| E|CS|TAMS 0x0000000712a00000, 0x0000000712a00000| Complete 
| 249|0x0000000712b00000, 0x0000000712c00000, 0x0000000712c00000|100%| E|CS|TAMS 0x0000000712b00000, 0x0000000712b00000| Complete 
| 250|0x0000000712c00000, 0x0000000712d00000, 0x0000000712d00000|100%| E|CS|TAMS 0x0000000712c00000, 0x0000000712c00000| Complete 
| 251|0x0000000712d00000, 0x0000000712e00000, 0x0000000712e00000|100%| E|CS|TAMS 0x0000000712d00000, 0x0000000712d00000| Complete 
| 252|0x0000000712e00000, 0x0000000712f00000, 0x0000000712f00000|100%| E|CS|TAMS 0x0000000712e00000, 0x0000000712e00000| Complete 
| 253|0x0000000712f00000, 0x0000000713000000, 0x0000000713000000|100%| E|CS|TAMS 0x0000000712f00000, 0x0000000712f00000| Complete 

Card table byte_map: [0x0000023eb59b0000,0x0000023eb61a0000] _byte_map_base: 0x0000023eb2197000

Marking Bits (Prev, Next): (CMBitMap*) 0x0000023e9ba722a8, (CMBitMap*) 0x0000023e9ba722e0
 Prev Bits: [0x0000023eb6990000, 0x0000023eba8c8000)
 Next Bits: [0x0000023eba8d0000, 0x0000023ebe808000)

Polling page: 0x0000023e9bad0000

Metaspace:

Usage:
  Non-class:     13.53 MB capacity,    13.17 MB ( 97%) used,   318.03 KB (  2%) free+waste,    42.19 KB ( <1%) overhead. 
      Class:      1.77 MB capacity,     1.60 MB ( 90%) used,   160.55 KB (  9%) free+waste,    21.19 KB (  1%) overhead. 
       Both:     15.30 MB capacity,    14.77 MB ( 97%) used,   478.58 KB (  3%) free+waste,    63.38 KB ( <1%) overhead. 

Virtual space:
  Non-class space:       14.00 MB reserved,      13.75 MB ( 98%) committed 
      Class space:        1.00 GB reserved,       1.88 MB ( <1%) committed 
             Both:        1.01 GB reserved,      15.63 MB (  2%) committed 

Chunk freelists:
   Non-Class:  4.63 KB
       Class:  896 bytes
        Both:  5.50 KB

CodeHeap 'non-profiled nmethods': size=238336Kb used=2393Kb max_used=2393Kb free=235942Kb
 bounds [0x0000023ea5c80000, 0x0000023ea5ef0000, 0x0000023eb4540000]
CodeHeap 'non-nmethods': size=7424Kb used=2821Kb max_used=2821Kb free=4602Kb
 bounds [0x0000023ea5540000, 0x0000023ea5810000, 0x0000023ea5c80000]
 total_blobs=1996 nmethods=1541 adapters=362
 compilation: enabled
              stopped_count=0, restarted_count=0
 full_count=0

Compilation events (10 events):
Event: 1.068 Thread 0x0000023ec1ef8800 nmethod 1235 0x0000023ea5e45490 code [0x0000023ea5e45680, 0x0000023ea5e459b0]
Event: 1.068 Thread 0x0000023ec315d000 nmethod 1236 0x0000023ea5e45b10 code [0x0000023ea5e45d00, 0x0000023ea5e46158]
Event: 1.068 Thread 0x0000023ec3166000 nmethod 1244 0x0000023ea5e46210 code [0x0000023ea5e46420, 0x0000023ea5e46ab0]
Event: 1.068 Thread 0x0000023ec1ef8800 1238       1       sun.util.locale.LanguageTag::getVariants (24 bytes)
Event: 1.068 Thread 0x0000023ec3166000 1239       1       sun.util.locale.LanguageTag::getExtensions (24 bytes)
Event: 1.068 Thread 0x0000023ec315d000 1241       1       sun.util.locale.InternalLocaleBuilder::<init> (29 bytes)
Event: 1.068 Thread 0x0000023ec278c800 nmethod 1237 0x0000023ea5e46f10 code [0x0000023ea5e470e0, 0x0000023ea5e473a0]
Event: 1.068 Thread 0x0000023ec278c800 1240       1       java.util.Locale$Cache::createObject (6 bytes)
Event: 1.068 Thread 0x0000023ec278c800 nmethod 1240 0x0000023ea5e47590 code [0x0000023ea5e47740, 0x0000023ea5e47870]
Event: 1.068 Thread 0x0000023ec315d000 nmethod 1241 0x0000023ea5e47910 code [0x0000023ea5e47ae0, 0x0000023ea5e47dd8]

GC Heap History (2 events):
Event: 1.024 GC heap before
{Heap before GC invocations=0 (full 0):
 garbage-first heap   total 260096K, used 24576K [0x0000000703200000, 0x0000000800000000)
  region size 1024K, 24 young (24576K), 0 survivors (0K)
 Metaspace       used 12105K, capacity 12431K, committed 12672K, reserved 1060864K
  class space    used 1272K, capacity 1404K, committed 1408K, reserved 1048576K
}
Event: 1.029 GC heap after
{Heap after GC invocations=1 (full 0):
 garbage-first heap   total 260096K, used 16819K [0x0000000703200000, 0x0000000800000000)
  region size 1024K, 3 young (3072K), 3 survivors (3072K)
 Metaspace       used 12105K, capacity 12431K, committed 12672K, reserved 1060864K
  class space    used 1272K, capacity 1404K, committed 1408K, reserved 1048576K
}

Deoptimization events (0 events):
No events

Classes redefined (0 events):
No events

Internal exceptions (10 events):
Event: 0.748 Thread 0x0000023e9ba0e800 Exception <a 'java/lang/NoSuchMethodError'{0x0000000711a7a7c0}: java.lang.invoke.DirectMethodHandle$Holder.invokeStaticInit(Ljava/lang/Object;IIII)Ljava/lang/Object;> (0x0000000711a7a7c0) thrown at [t:/workspace/open/src/hotspot/share/interpreter/linkReso
Event: 0.978 Thread 0x0000023e9ba0e800 Exception <a 'java/lang/NoSuchMethodError'{0x0000000711ab86f8}: java.lang.invoke.DirectMethodHandle$Holder.invokeStatic(Ljava/lang/Object;Ljava/lang/Object;IIII)Ljava/lang/Object;> (0x0000000711ab86f8) thrown at [t:/workspace/open/src/hotspot/share/interp
Event: 0.978 Thread 0x0000023e9ba0e800 Exception <a 'java/lang/NoSuchMethodError'{0x0000000711abba40}: java.lang.invoke.DirectMethodHandle$Holder.invokeStaticInit(Ljava/lang/Object;Ljava/lang/Object;IIII)Ljava/lang/Object;> (0x0000000711abba40) thrown at [t:/workspace/open/src/hotspot/share/in
Event: 0.985 Thread 0x0000023e9ba0e800 Exception <a 'java/lang/ClassNotFoundException'{0x0000000711ad9258}: javax/management/remote/rmi/RMIServerImpl_Skel> (0x0000000711ad9258) thrown at [t:/workspace/open/src/hotspot/share/classfile/systemDictionary.cpp, line 231]
Event: 1.008 Thread 0x0000023e9ba0e800 Exception <a 'java/lang/ClassNotFoundException'{0x000000071196e7c0}: jdk/internal/agent/resources/spi/agentProvider> (0x000000071196e7c0) thrown at [t:/workspace/open/src/hotspot/share/classfile/systemDictionary.cpp, line 231]
Event: 1.012 Thread 0x0000023e9ba0e800 Exception <a 'java/lang/NoSuchMethodError'{0x000000071183faf8}: java.lang.invoke.DirectMethodHandle$Holder.invokeStatic(Ljava/lang/Object;Ljava/lang/Object;Ljava/lang/Object;Ljava/lang/Object;Ljava/lang/Object;Ljava/lang/Object;Ljava/lang/Object;Ljava/lan
Event: 1.012 Thread 0x0000023e9ba0e800 Exception <a 'java/lang/NoSuchMethodError'{0x000000071184c318}: java.lang.invoke.DirectMethodHandle$Holder.invokeStatic(Ljava/lang/Object;Ljava/lang/Object;Ljava/lang/Object;Ljava/lang/Object;Ljava/lang/Object;Ljava/lang/Object;Ljava/lang/Object;Ljava/lan
Event: 1.013 Thread 0x0000023e9ba0e800 Exception <a 'java/lang/NoSuchMethodError'{0x0000000711865df0}: java.lang.invoke.DelegatingMethodHandle$Holder.reinvoke_L(Ljava/lang/Object;ILjava/lang/Object;)Ljava/lang/Object;> (0x0000000711865df0) thrown at [t:/workspace/open/src/hotspot/share/interpr
Event: 1.046 Thread 0x0000023e9ba0e800 Exception <a 'java/lang/ClassNotFoundException'{0x0000000712e958d0}: javax/smartcardio/CardPermission> (0x0000000712e958d0) thrown at [t:/workspace/open/src/hotspot/share/classfile/systemDictionary.cpp, line 231]
Event: 1.048 Thread 0x0000023e9ba0e800 Exception <a 'java/io/FileNotFoundException'{0x0000000712ea3f60}> (0x0000000712ea3f60) thrown at [t:/workspace/open/src/hotspot/share/prims/jni.cpp, line 615]

Events (10 events):
Event: 1.068 loading class java/util/concurrent/TimeUnit$1
Event: 1.068 loading class sun/rmi/transport/SequenceEntry done
Event: 1.068 loading class java/util/concurrent/TimeUnit$1 done
Event: 1.068 loading class java/time/temporal/ChronoUnit
Event: 1.068 loading class java/time/temporal/TemporalUnit
Event: 1.068 loading class java/time/temporal/TemporalUnit done
Event: 1.068 loading class java/time/temporal/ChronoUnit done
Event: 1.068 loading class sun/rmi/server/MarshalOutputStream$1
Event: 1.068 loading class sun/rmi/server/MarshalOutputStream$1 done
Event: 1.068 loading class java/io/ObjectStreamClass$1


Dynamic libraries:
0x00007ff786b20000 - 0x00007ff786b67000 	C:\Program Files\Java\jdk-11.0.4\bin\javaw.exe
0x00007ffcfdfa0000 - 0x00007ffcfe190000 	C:\WINDOWS\SYSTEM32\ntdll.dll
0x00007ffcbe420000 - 0x00007ffcbe434000 	C:\Program Files\AVAST Software\Avast\aswhook.dll
0x00007ffcfcc20000 - 0x00007ffcfccd2000 	C:\WINDOWS\System32\KERNEL32.DLL
0x00007ffcfba50000 - 0x00007ffcfbcf3000 	C:\WINDOWS\System32\KERNELBASE.dll
0x00007ffcfc0b0000 - 0x00007ffcfc153000 	C:\WINDOWS\System32\ADVAPI32.dll
0x00007ffcfc220000 - 0x00007ffcfc2be000 	C:\WINDOWS\System32\msvcrt.dll
0x00007ffcfc6a0000 - 0x00007ffcfc737000 	C:\WINDOWS\System32\sechost.dll
0x00007ffcfd410000 - 0x00007ffcfd530000 	C:\WINDOWS\System32\RPCRT4.dll
0x00007ffcfd1a0000 - 0x00007ffcfd333000 	C:\WINDOWS\System32\USER32.dll
0x00007ffcfb180000 - 0x00007ffcfb1a1000 	C:\WINDOWS\System32\win32u.dll
0x00007ffcfd170000 - 0x00007ffcfd196000 	C:\WINDOWS\System32\GDI32.dll
0x00007ffcfafe0000 - 0x00007ffcfb174000 	C:\WINDOWS\System32\gdi32full.dll
0x00007ffcfb960000 - 0x00007ffcfb9fe000 	C:\WINDOWS\System32\msvcp_win.dll
0x00007ffcfbf30000 - 0x00007ffcfc02a000 	C:\WINDOWS\System32\ucrtbase.dll
0x00007ffcecc40000 - 0x00007ffcecec5000 	C:\WINDOWS\WinSxS\amd64_microsoft.windows.common-controls_6595b64144ccf1df_6.0.18362.356_none_e6c4af7d130f27cc\COMCTL32.dll
0x00007ffcfd530000 - 0x00007ffcfd866000 	C:\WINDOWS\System32\combase.dll
0x00007ffcfbd00000 - 0x00007ffcfbd80000 	C:\WINDOWS\System32\bcryptPrimitives.dll
0x00007ffcf2eb0000 - 0x00007ffcf2eba000 	C:\WINDOWS\SYSTEM32\VERSION.dll
0x00007ffcfcff0000 - 0x00007ffcfd01e000 	C:\WINDOWS\System32\IMM32.DLL
0x00007ffcef600000 - 0x00007ffcef616000 	C:\Program Files\Java\jdk-11.0.4\bin\vcruntime140.dll
0x00007ffcb5490000 - 0x00007ffcb553a000 	C:\Program Files\Java\jdk-11.0.4\bin\msvcp140.dll
0x00007ffc91f20000 - 0x00007ffc92a47000 	C:\Program Files\Java\jdk-11.0.4\bin\server\jvm.dll
0x00007ffcfd020000 - 0x00007ffcfd028000 	C:\WINDOWS\System32\PSAPI.DLL
0x00007ffceb870000 - 0x00007ffceb879000 	C:\WINDOWS\SYSTEM32\WSOCK32.dll
0x00007ffcfcbb0000 - 0x00007ffcfcc1f000 	C:\WINDOWS\System32\WS2_32.dll
0x00007ffcf7ed0000 - 0x00007ffcf7ef4000 	C:\WINDOWS\SYSTEM32\WINMM.dll
0x00007ffcf7dc0000 - 0x00007ffcf7ded000 	C:\WINDOWS\SYSTEM32\WINMMBASE.dll
0x00007ffcfba00000 - 0x00007ffcfba4a000 	C:\WINDOWS\System32\cfgmgr32.dll
0x00007ffcfaef0000 - 0x00007ffcfaf01000 	C:\WINDOWS\System32\kernel.appcore.dll
0x00007ffcf23c0000 - 0x00007ffcf23d1000 	C:\Program Files\Java\jdk-11.0.4\bin\verify.dll
0x00007ffcf9770000 - 0x00007ffcf9964000 	C:\WINDOWS\SYSTEM32\DBGHELP.DLL
0x00007ffcf0ec0000 - 0x00007ffcf0eea000 	C:\WINDOWS\SYSTEM32\dbgcore.DLL
0x00007ffcef920000 - 0x00007ffcef949000 	C:\Program Files\Java\jdk-11.0.4\bin\java.dll
0x00007ffcf2310000 - 0x00007ffcf2326000 	C:\Program Files\Java\jdk-11.0.4\bin\zip.dll
0x00007ffcf6910000 - 0x00007ffcf691a000 	C:\Program Files\Java\jdk-11.0.4\bin\jimage.dll
0x00007ffcfd870000 - 0x00007ffcfdf55000 	C:\WINDOWS\System32\SHELL32.dll
0x00007ffcfc320000 - 0x00007ffcfc3c9000 	C:\WINDOWS\System32\shcore.dll
0x00007ffcfb1b0000 - 0x00007ffcfb92e000 	C:\WINDOWS\System32\windows.storage.dll
0x00007ffcfaf10000 - 0x00007ffcfaf2f000 	C:\WINDOWS\System32\profapi.dll
0x00007ffcfaea0000 - 0x00007ffcfaeea000 	C:\WINDOWS\System32\powrprof.dll
0x00007ffcfae70000 - 0x00007ffcfae80000 	C:\WINDOWS\System32\UMPDC.dll
0x00007ffcfc2c0000 - 0x00007ffcfc312000 	C:\WINDOWS\System32\shlwapi.dll
0x00007ffcfc030000 - 0x00007ffcfc047000 	C:\WINDOWS\System32\cryptsp.dll
0x00007ffcf0240000 - 0x00007ffcf0259000 	C:\Program Files\Java\jdk-11.0.4\bin\net.dll
0x00007ffcf1640000 - 0x00007ffcf1730000 	C:\WINDOWS\SYSTEM32\WINHTTP.dll
0x00007ffce7940000 - 0x00007ffce7b16000 	C:\WINDOWS\SYSTEM32\urlmon.dll
0x00007ffce7600000 - 0x00007ffce78a6000 	C:\WINDOWS\SYSTEM32\iertutil.dll
0x00007ffcfa8b0000 - 0x00007ffcfa8bc000 	C:\WINDOWS\SYSTEM32\CRYPTBASE.DLL
0x00007ffcfa6c0000 - 0x00007ffcfa727000 	C:\WINDOWS\system32\mswsock.dll
0x00007ffcef900000 - 0x00007ffcef913000 	C:\Program Files\Java\jdk-11.0.4\bin\nio.dll
0x00007ffcef820000 - 0x00007ffcef829000 	C:\Program Files\Java\jdk-11.0.4\bin\management.dll
0x00007ffcef5f0000 - 0x00007ffcef5fc000 	C:\Program Files\Java\jdk-11.0.4\bin\management_ext.dll
0x00007ffcde880000 - 0x00007ffcde896000 	C:\WINDOWS\system32\napinsp.dll
0x00007ffcde860000 - 0x00007ffcde87a000 	C:\WINDOWS\system32\pnrpnsp.dll
0x00007ffcfa400000 - 0x00007ffcfa4ca000 	C:\WINDOWS\SYSTEM32\DNSAPI.dll
0x00007ffcfc210000 - 0x00007ffcfc218000 	C:\WINDOWS\SYSTEM32\ntdll.dll
0x00007ffcfa3c0000 - 0x00007ffcfa3fa000 	C:\WINDOWS\System32\RPCRT4.dll
0x00007ffcde850000 - 0x00007ffcde85e000 	C:\WINDOWS\System32\gdi32full.dll
0x00007ffcf6880000 - 0x00007ffcf689c000 	C:\WINDOWS\System32\combase.dll
0x00007ffcf5e50000 - 0x00007ffcf5e65000 	C:\WINDOWS\System32\IMM32.DLL
0x00007ffcf0380000 - 0x00007ffcf038a000 	C:\Program Files\Java\jdk-11.0.4\bin\msvcp140.dll
0x00007ffcf05f0000 - 0x00007ffcf0667000 	C:\WINDOWS\SYSTEM32\WSOCK32.dll
0x00007ffcfb930000 - 0x00007ffcfb956000 	C:\WINDOWS\SYSTEM32\WINMMBASE.dll
0x00007ffcfa210000 - 0x00007ffcfa243000 	C:\WINDOWS\System32\kernel.appcore.dll
0x00007ffcfad90000 - 0x00007ffcfadb5000 	C:\WINDOWS\SYSTEM32\DBGHELP.DLL
0x00007ffcf12f0000 - 0x00007ffcf1306000 	C:\Program Files\Java\jdk-11.0.4\bin\java.dll
0x00007ffcf2220000 - 0x00007ffcf223c000 	C:\WINDOWS\SYSTEM32\dhcpcsvc.DLL

dbghelp: loaded successfully - version: 4.0.5 - missing functions: none
symbol engine: initialized successfully - sym options: 0x614 - pdb path: .;C:\Program Files\Java\jdk-11.0.4\bin;C:\WINDOWS\SYSTEM32;C:\Program Files\AVAST Software\Avast;C:\WINDOWS\WinSxS\amd64_microsoft.windows.common-controls_6595b64144ccf1df_6.0.18362.356_none_e6c4af7d130f27cc;C:\Program Files\Java\jdk-11.0.4\bin\server

VM Arguments:
jvm_args: -Dcom.sun.management.jmxremote -Dcom.sun.management.jmxremote.port=61793 -Dcom.sun.management.jmxremote.authenticate=false -Dcom.sun.management.jmxremote.ssl=false -Djava.rmi.server.hostname=localhost -Dspring.jmx.enabled=true -Dspring.application.admin.enabled=true -Xverify:none -XX:TieredStopAtLevel=1 -Dfile.encoding=UTF-8 
java_command: com.esd.cursomc.CursomcApplication --spring.output.ansi.enabled=always
java_class_path (initial): C:\ws-sts\cursomc\target\classes;C:\Users\elton\.m2\repository\org\springframework\boot\spring-boot-starter-web\2.1.8.RELEASE\spring-boot-starter-web-2.1.8.RELEASE.jar;C:\Users\elton\.m2\repository\org\springframework\boot\spring-boot-starter\2.1.8.RELEASE\spring-boot-starter-2.1.8.RELEASE.jar;C:\Users\elton\.m2\repository\org\springframework\boot\spring-boot-starter-logging\2.1.8.RELEASE\spring-boot-starter-logging-2.1.8.RELEASE.jar;C:\Users\elton\.m2\repository\ch\qos\logback\logback-classic\1.2.3\logback-classic-1.2.3.jar;C:\Users\elton\.m2\repository\ch\qos\logback\logback-core\1.2.3\logback-core-1.2.3.jar;C:\Users\elton\.m2\repository\org\apache\logging\log4j\log4j-to-slf4j\2.11.2\log4j-to-slf4j-2.11.2.jar;C:\Users\elton\.m2\repository\org\apache\logging\log4j\log4j-api\2.11.2\log4j-api-2.11.2.jar;C:\Users\elton\.m2\repository\org\slf4j\jul-to-slf4j\1.7.28\jul-to-slf4j-1.7.28.jar;C:\Users\elton\.m2\repository\javax\annotation\javax.annotation-api\1.3.2\javax.annotation-api-1.3.2.jar;C:\Users\elton\.m2\repository\org\yaml\snakeyaml\1.23\snakeyaml-1.23.jar;C:\Users\elton\.m2\repository\org\springframework\boot\spring-boot-starter-json\2.1.8.RELEASE\spring-boot-starter-json-2.1.8.RELEASE.jar;C:\Users\elton\.m2\repository\com\fasterxml\jackson\datatype\jackson-datatype-jdk8\2.9.9\jackson-datatype-jdk8-2.9.9.jar;C:\Users\elton\.m2\repository\com\fasterxml\jackson\datatype\jackson-datatype-jsr310\2.9.9\jackson-datatype-jsr310-2.9.9.jar;C:\Users\elton\.m2\repository\com\fasterxml\jackson\module\jackson-module-parameter-names\2.9.9\jackson-module-parameter-names-2.9.9.jar;C:\Users\elton\.m2\repository\org\springframework\boot\spring-boot-starter-tomcat\2.1.8.RELEASE\spring-boot-starter-tomcat-2.1.8.RELEASE.jar;C:\Users\elton\.m2\repository\org\apache\tomcat\embed\tomcat-embed-core\9.0.24\tomcat-embed-core-9.0.24.jar;C:\Users\elton\.m2\repository\org\apache\tomcat\embed\tomcat-embed-el\9.0.24\tomcat-embed-el-9.0.24.jar;C:\Users\elton\.m2\rep
Launcher Type: SUN_STANDARD

[Global flags]
     bool BytecodeVerificationLocal                = false                                     {product} {command line}
     bool BytecodeVerificationRemote               = false                                     {product} {command line}
     intx CICompilerCount                          = 4                                         {product} {ergonomic}
     uint ConcGCThreads                            = 3                                         {product} {ergonomic}
     uint G1ConcRefinementThreads                  = 10                                        {product} {ergonomic}
   size_t G1HeapRegionSize                         = 1048576                                   {product} {ergonomic}
    uintx GCDrainStackTargetSize                   = 64                                        {product} {ergonomic}
   size_t InitialHeapSize                          = 266338304                                 {product} {ergonomic}
     bool ManagementServer                         = true                                      {product} {command line}
   size_t MarkStackSize                            = 4194304                                   {product} {ergonomic}
   size_t MaxHeapSize                              = 4242538496                                {product} {ergonomic}
   size_t MaxNewSize                               = 2544893952                                {product} {ergonomic}
   size_t MinHeapDeltaBytes                        = 1048576                                   {product} {ergonomic}
    uintx NonNMethodCodeHeapSize                   = 7549744                                {pd product} {ergonomic}
    uintx NonProfiledCodeHeapSize                  = 244108496                              {pd product} {ergonomic}
    uintx ProfiledCodeHeapSize                     = 0                                      {pd product} {ergonomic}
    uintx ReservedCodeCacheSize                    = 251658240                              {pd product} {ergonomic}
     bool SegmentedCodeCache                       = true                                      {product} {ergonomic}
     intx TieredStopAtLevel                        = 1                                         {product} {command line}
     bool UseCompressedClassPointers               = true                                 {lp64_product} {ergonomic}
     bool UseCompressedOops                        = true                                 {lp64_product} {ergonomic}
     bool UseG1GC                                  = true                                      {product} {ergonomic}
     bool UseLargePagesIndividualAllocation        = false                                  {pd product} {ergonomic}

Logging:
Log output configuration:
 #0: stdout all=warning uptime,level,tags
 #1: stderr all=off uptime,level,tags

Environment Variables:
JAVA_HOME=C:\Program Files\Java\jdk-11.0.4
PATH=C:/Program Files/Java/jdk-11.0.4/bin/server;C:/Program Files/Java/jdk-11.0.4/bin;C:\Windows\system32;C:\Windows;C:\Windows\System32\Wbem;C:\Windows\System32\WindowsPowerShell\v1.0\;C:\Windows\System32\OpenSSH\;C:\Program Files (x86)\NVIDIA Corporation\PhysX\Common;C:\Program Files\Microsoft SQL Server\120\Tools\Binn\;C:\Program Files\Common Files\Autodesk Shared\;C:\Program Files\dotnet\;C:\Program Files\Microsoft SQL Server\130\Tools\Binn\;C:\Program Files\VDownloader;C:\Program Files\Java\jdk-11.0.4\bin;C:\Program Files (x86)\Intel\Intel(R) Management Engine Components\DAL;C:\Program Files\Intel\Intel(R) Management Engine Components\DAL;C:\WINDOWS\system32;C:\WINDOWS;C:\WINDOWS\System32\Wbem;C:\WINDOWS\System32\WindowsPowerShell\v1.0\;C:\WINDOWS\System32\OpenSSH\;C:\Program Files\MongoDB\Server\4.2\bin;C:\xampp\mysql\bin;C:\Program Files\nodejs\;C:\Program Files\MySQL\MySQL Shell 8.0\bin\;C:\Users\elton\AppData\Local\Microsoft\WindowsApps;C:\Program Files\heroku\bin;C:\Users\elton\AppData\Roaming\npm;C:\Users\elton\AppData\Local\Programs\Microsoft VS Code\bin;C:\sts-4.3.2.RELEASE;
USERNAME=elton
OS=Windows_NT
PROCESSOR_IDENTIFIER=Intel64 Family 6 Model 158 Stepping 10, GenuineIntel



---------------  S Y S T E M  ---------------

OS: Windows 10 , 64 bit Build 18362 (10.0.18362.329)

CPU:total 12 (initial active 12) (6 cores per cpu, 2 threads per core) family 6 model 158 stepping 10, cmov, cx8, fxsr, mmx, sse, sse2, sse3, ssse3, sse4.1, sse4.2, popcnt, avx, avx2, aes, clmul, erms, 3dnowpref, lzcnt, ht, tsc, tscinvbit, bmi1, bmi2, adx, fma

Memory: 4k page, system-wide physical 16178M (4580M free)
TotalPageFile size 23876M (AvailPageFile size 3063M)
current process WorkingSet (physical memory assigned to process): 113M, peak: 113M
current process commit charge ("private bytes"): 368M, peak: 368M

vm_info: Java HotSpot(TM) 64-Bit Server VM (11.0.4+10-LTS) for windows-amd64 JRE (11.0.4+10-LTS), built on Jul  4 2019 16:28:13 by "mach5one" with MS VC++ 15.5 (VS2017)

END.
