#
# A fatal error has been detected by the Java Runtime Environment:
#
#  EXCEPTION_ACCESS_VIOLATION (0xc0000005) at pc=0x00007ff9590256ff, pid=10912, tid=17904
#
# JRE version: Java(TM) SE Runtime Environment (11.0.4+10) (build 11.0.4+10-LTS)
# Java VM: Java HotSpot(TM) 64-Bit Server VM (11.0.4+10-LTS, mixed mode, tiered, compressed oops, g1 gc, windows-amd64)
# Problematic frame:
# V  [jvm.dll+0x6256ff]
#
# No core dump will be written. Minidumps are not enabled by default on client versions of Windows
#
# If you would like to submit a bug report, please visit:
#   http://bugreport.java.com/bugreport/crash.jsp
#

---------------  S U M M A R Y ------------

Command Line: -Dcom.sun.management.jmxremote -Dcom.sun.management.jmxremote.port=61969 -Dcom.sun.management.jmxremote.authenticate=false -Dcom.sun.management.jmxremote.ssl=false -Djava.rmi.server.hostname=localhost -Dspring.jmx.enabled=true -Dspring.application.admin.enabled=true -Xverify:none -XX:TieredStopAtLevel=1 -Dfile.encoding=UTF-8 com.esd.cursomc.CursomcApplication --spring.output.ansi.enabled=always

Host: Intel(R) Core(TM) i7-8750H CPU @ 2.20GHz, 12 cores, 15G,  Windows 10 , 64 bit Build 18362 (10.0.18362.329)
Time: Fri Oct  4 11:01:51 2019 Hora oficial do Brasil elapsed time: 1 seconds (0d 0h 0m 1s)

---------------  T H R E A D  ---------------

Current thread (0x0000027e08b7b000):  GCTaskThread "GC Thread#1" [stack: 0x000000c054d00000,0x000000c054e00000] [id=17904]

Stack: [0x000000c054d00000,0x000000c054e00000],  sp=0x000000c054dfde80,  free space=1015k
Native frames: (J=compiled Java code, j=interpreted, Vv=VM code, C=native code)
V  [jvm.dll+0x6256ff]
V  [jvm.dll+0x5ea5c9]
V  [jvm.dll+0x2e2ba5]
V  [jvm.dll+0x2e2629]
V  [jvm.dll+0x736717]
V  [jvm.dll+0x736b80]
V  [jvm.dll+0x329e95]
V  [jvm.dll+0x329998]
V  [jvm.dll+0x2f5b90]
V  [jvm.dll+0x7a5690]
V  [jvm.dll+0x634c82]
C  [ucrtbase.dll+0x1d9f2]
C  [KERNEL32.DLL+0x17bd4]
C  [ntdll.dll+0x6cee1]

JavaThread 0x0000027e7fcac800 (nid = 23420) was being processed
Java frames: (J=compiled Java code, j=interpreted, Vv=VM code)
j  java.net.PlainSocketImpl.accept0(I[Ljava/net/InetSocketAddress;)I+0 java.base@11.0.4
j  java.net.PlainSocketImpl.socketAccept(Ljava/net/SocketImpl;)V+37 java.base@11.0.4
j  java.net.AbstractPlainSocketImpl.accept(Ljava/net/SocketImpl;)V+7 java.base@11.0.4
j  java.net.ServerSocket.implAccept(Ljava/net/Socket;)V+60 java.base@11.0.4
j  java.net.ServerSocket.accept()Ljava/net/Socket;+48 java.base@11.0.4
j  sun.management.jmxremote.LocalRMIServerSocketFactory$1.accept()Ljava/net/Socket;+1 jdk.management.agent@11.0.4
j  sun.rmi.transport.tcp.TCPTransport$AcceptLoop.executeAcceptLoop()V+42 java.rmi@11.0.4
j  sun.rmi.transport.tcp.TCPTransport$AcceptLoop.run()V+1 java.rmi@11.0.4
j  java.lang.Thread.run()V+11 java.base@11.0.4
v  ~StubRoutines::call_stub

siginfo: EXCEPTION_ACCESS_VIOLATION (0xc0000005), reading address 0xffffffffffffffff


Register to memory mapping:

RIP=0x00007ff9590256ff jvm.dll
RAX=0x0000000800000007 is pointing into metadata
RBX=0x0000000000001002 is an unknown value
RCX=0x0000000000000002 is an unknown value
RDX=0x00027e632d9ab000 is an unknown value
RSP=0x000000c054dfde80 points into unknown readable memory: 31 0c 00 00 00 00 00 00
RBP=0x000000000000002a is an unknown value
RSI={method} {0x0000027e7ff3f060} 'executeAcceptLoop' '()V' in 'sun/rmi/transport/tcp/TCPTransport$AcceptLoop'
RDI=0x0000000000001002 is an unknown value
R8 =0x000000000000002a is an unknown value
R9 =0x000000c054dfe028 points into unknown readable memory: 00 00 00 00 00 00 00 00
R10=0x0000027e7ff3ee48 is pointing into metadata
R11=0x000000c054dfe0a8 points into unknown readable memory: 29 26 ce 58 f9 7f 00 00
R12=0x000000c054dfe028 points into unknown readable memory: 00 00 00 00 00 00 00 00
R13=0x00000000000003d8 is an unknown value
R14=0x0000027e08a5e0a0 points into unknown readable memory: 07 00 00 00 08 00 00 00
R15=0x000000c054dfdf10 points into unknown readable memory: 58 f0 f3 7f 7e 02 00 00


Registers:
RAX=0x0000000800000007, RBX=0x0000000000001002, RCX=0x0000000000000002, RDX=0x00027e632d9ab000
RSP=0x000000c054dfde80, RBP=0x000000000000002a, RSI=0x0000027e7ff3f058, RDI=0x0000000000001002
R8 =0x000000000000002a, R9 =0x000000c054dfe028, R10=0x0000027e7ff3ee48, R11=0x000000c054dfe0a8
R12=0x000000c054dfe028, R13=0x00000000000003d8, R14=0x0000027e08a5e0a0, R15=0x000000c054dfdf10
RIP=0x00007ff9590256ff, EFLAGS=0x0000000000010206

Top of Stack: (sp=0x000000c054dfde80)
0x000000c054dfde80:   0000000000000c31 0000027e08f32e10
0x000000c054dfde90:   000000c054dfe028 000000c054dfdf10
0x000000c054dfdea0:   0000027e08ce4af0 00007ff958d7a49c
0x000000c054dfdeb0:   0000027e08df3110 0000027e08df3098
0x000000c054dfdec0:   000000000000002a 000000000000002a
0x000000c054dfded0:   0000027e7ff3f058 000000c054dfe030
0x000000c054dfdee0:   000000c054dfe028 00007ff958fea5c9
0x000000c054dfdef0:   000000c054dfe028 000000c054dfe030
0x000000c054dfdf00:   0000027e7ff3f058 000000c054dfe028
0x000000c054dfdf10:   0000027e7ff3f058 0000027e08b7b000
0x000000c054dfdf20:   0000027e08df3110 00007ff958ce2ba5
0x000000c054dfdf30:   000000c054dfe1f0 000000c054dfe1c0
0x000000c054dfdf40:   000000c054dfe030 0000027e08df3110
0x000000c054dfdf50:   0000000000000001 0000027e7ff3f058
0x000000c054dfdf60:   0000027e08b7b000 0000027e00000006
0x000000c054dfdf70:   0000027e08b7b000 00007ff958ce5572 

Instructions: (pc=0x00007ff9590256ff)
0x00007ff9590256df:   90 8b c7 25 1f 00 00 80 7d 07 ff c8 83 c8 e0 ff
0x00007ff9590256ef:   c0 48 63 c8 49 8b 06 48 8b 14 c8 48 85 d2 74 15
0x00007ff9590256ff:   48 8b 02 48 85 c0 74 0d 49 3b 07 75 08 0f b7 42
0x00007ff95902570f:   08 3b c5 74 79 ff c7 8b c7 2b c3 83 f8 03 7c c1 


Stack slot to memory mapping:
stack at sp + 0 slots: 0x0000000000000c31 is an unknown value
stack at sp + 1 slots: 0x0000027e08f32e10 points into unknown readable memory: 18 ce a2 09 7e 02 00 00
stack at sp + 2 slots: 0x000000c054dfe028 points into unknown readable memory: 00 00 00 00 00 00 00 00
stack at sp + 3 slots: 0x000000c054dfdf10 points into unknown readable memory: 58 f0 f3 7f 7e 02 00 00
stack at sp + 4 slots: 0x0000027e08ce4af0 points into unknown readable memory: 90 4e e9 08 7e 02 00 00
stack at sp + 5 slots: 0x00007ff958d7a49c jvm.dll
stack at sp + 6 slots: 0x0000027e08df3110 points into unknown readable memory: d0 1b 28 59 f9 7f 00 00
stack at sp + 7 slots: 0x0000027e08df3098 points into unknown readable memory: e0 1b 28 59 f9 7f 00 00


---------------  P R O C E S S  ---------------

Threads class SMR info:
_java_thread_list=0x0000027e08c989d0, length=19, elements={
0x0000027e6329e800, 0x0000027e7f0ae800, 0x0000027e7f935800, 0x0000027e7f9b0800,
0x0000027e7f9b2800, 0x0000027e7f9b3800, 0x0000027e7f9c0800, 0x0000027e7fb74000,
0x0000027e7fbeb800, 0x0000027e089f8000, 0x0000027e089fa800, 0x0000027e08a4a800,
0x0000027e08a5e800, 0x0000027e08b7a800, 0x0000027e7fcac800, 0x0000027e08c12000,
0x0000027e08c3f800, 0x0000027e08cce800, 0x0000027e08ce7800
}

Java Threads: ( => current thread )
  0x0000027e6329e800 JavaThread "main" [_thread_blocked, id=7500, stack(0x000000c053900000,0x000000c053a00000)]
  0x0000027e7f0ae800 JavaThread "Reference Handler" daemon [_thread_blocked, id=9228, stack(0x000000c054000000,0x000000c054100000)]
  0x0000027e7f935800 JavaThread "Finalizer" daemon [_thread_blocked, id=27136, stack(0x000000c054100000,0x000000c054200000)]
  0x0000027e7f9b0800 JavaThread "Signal Dispatcher" daemon [_thread_blocked, id=13048, stack(0x000000c054200000,0x000000c054300000)]
  0x0000027e7f9b2800 JavaThread "Attach Listener" daemon [_thread_blocked, id=25212, stack(0x000000c054300000,0x000000c054400000)]
  0x0000027e7f9b3800 JavaThread "C1 CompilerThread0" daemon [_thread_blocked, id=12016, stack(0x000000c054400000,0x000000c054500000)]
  0x0000027e7f9c0800 JavaThread "Sweeper thread" daemon [_thread_blocked, id=28768, stack(0x000000c054500000,0x000000c054600000)]
  0x0000027e7fb74000 JavaThread "Common-Cleaner" daemon [_thread_blocked, id=18472, stack(0x000000c054600000,0x000000c054700000)]
  0x0000027e7fbeb800 JavaThread "Service Thread" daemon [_thread_blocked, id=27048, stack(0x000000c054700000,0x000000c054800000)]
  0x0000027e089f8000 JavaThread "C1 CompilerThread1" daemon [_thread_blocked, id=2096, stack(0x000000c054800000,0x000000c054900000)]
  0x0000027e089fa800 JavaThread "C1 CompilerThread2" daemon [_thread_blocked, id=20684, stack(0x000000c054900000,0x000000c054a00000)]
  0x0000027e08a4a800 JavaThread "RMI TCP Accept-0" daemon [_thread_in_native, id=728, stack(0x000000c054a00000,0x000000c054b00000)]
  0x0000027e08a5e800 JavaThread "RMI TCP Accept-61969" daemon [_thread_in_native, id=23092, stack(0x000000c054b00000,0x000000c054c00000)]
  0x0000027e08b7a800 JavaThread "RMI TCP Connection(1)-127.0.0.1" daemon [_thread_in_native, id=12596, stack(0x000000c054c00000,0x000000c054d00000)]
  0x0000027e7fcac800 JavaThread "RMI TCP Accept-0" daemon [_thread_in_native, id=23420, stack(0x000000c055200000,0x000000c055300000)]
  0x0000027e08c12000 JavaThread "RMI Scheduler(0)" daemon [_thread_blocked, id=27312, stack(0x000000c055400000,0x000000c055500000)]
  0x0000027e08c3f800 JavaThread "RMI TCP Connection(2)-127.0.0.1" daemon [_thread_blocked, id=26280, stack(0x000000c055500000,0x000000c055600000)]
  0x0000027e08cce800 JavaThread "JMX server connection timeout 20" daemon [_thread_blocked, id=27476, stack(0x000000c055600000,0x000000c055700000)]
  0x0000027e08ce7800 JavaThread "C1 CompilerThread3" daemon [_thread_blocked, id=10044, stack(0x000000c055700000,0x000000c055800000)]

Other Threads:
  0x0000027e7f0ab000 VMThread "VM Thread" [stack: 0x000000c053f00000,0x000000c054000000] [id=26104]
  0x0000027e7fbf0800 WatcherThread [stack: 0x000000c055300000,0x000000c055400000] [id=15608]
  0x0000027e632b4800 GCTaskThread "GC Thread#0" [stack: 0x000000c053a00000,0x000000c053b00000] [id=14632]
=>0x0000027e08b7b000 GCTaskThread "GC Thread#1" [stack: 0x000000c054d00000,0x000000c054e00000] [id=17904]
  0x0000027e08b80000 GCTaskThread "GC Thread#2" [stack: 0x000000c054e00000,0x000000c054f00000] [id=25288]
  0x0000027e08b80800 GCTaskThread "GC Thread#3" [stack: 0x000000c054f00000,0x000000c055000000] [id=23704]
  0x0000027e08b81000 GCTaskThread "GC Thread#4" [stack: 0x000000c055000000,0x000000c055100000] [id=10428]
  0x0000027e08b82800 GCTaskThread "GC Thread#5" [stack: 0x000000c055100000,0x000000c055200000] [id=1484]
  0x0000027e63314000 ConcurrentGCThread "G1 Main Marker" [stack: 0x000000c053b00000,0x000000c053c00000] [id=7536]
  0x0000027e63316800 ConcurrentGCThread "G1 Conc#0" [stack: 0x000000c053c00000,0x000000c053d00000] [id=23836]
  0x0000027e7ef96800 ConcurrentGCThread "G1 Refine#0" [stack: 0x000000c053d00000,0x000000c053e00000] [id=21108]
  0x0000027e7ef97800 ConcurrentGCThread "G1 Young RemSet Sampling" [stack: 0x000000c053e00000,0x000000c053f00000] [id=27736]

Threads with active compile tasks:

VM state:at safepoint (normal execution)

VM Mutex/Monitor currently owned by a thread:  ([mutex/lock_event])
[0x0000027e6329d780] Threads_lock - owner thread: 0x0000027e7f0ab000
[0x0000027e6329bfe0] Heap_lock - owner thread: 0x0000027e6329e800

Heap address: 0x0000000703200000, size: 4046 MB, Compressed Oops mode: Zero based, Oop shift amount: 3
Narrow klass base: 0x0000000800000000, Narrow klass shift: 0
Compressed class space size: 1073741824 Address: 0x0000000800000000

Heap:
 garbage-first heap   total 260096K, used 34016K [0x0000000703200000, 0x0000000800000000)
  region size 1024K, 19 young (19456K), 2 survivors (2048K)
 Metaspace       used 14977K, capacity 15487K, committed 15744K, reserved 1062912K
  class space    used 1625K, capacity 1817K, committed 1920K, reserved 1048576K
Heap Regions: E=young(eden), S=young(survivor), O=old, HS=humongous(starts), HC=humongous(continues), CS=collection set, F=free, A=archive, TAMS=top-at-mark-start (previous, next)
|   0|0x0000000703200000, 0x0000000703300000, 0x0000000703300000|100%|HS|  |TAMS 0x0000000703200000, 0x0000000703200000| Complete 
|   1|0x0000000703300000, 0x0000000703400000, 0x0000000703400000|100%| O|  |TAMS 0x0000000703300000, 0x0000000703300000| Untracked 
|   2|0x0000000703400000, 0x0000000703500000, 0x0000000703500000|100%| O|  |TAMS 0x0000000703400000, 0x0000000703400000| Untracked 
|   3|0x0000000703500000, 0x0000000703600000, 0x0000000703600000|100%| O|  |TAMS 0x0000000703500000, 0x0000000703500000| Untracked 
|   4|0x0000000703600000, 0x0000000703700000, 0x0000000703700000|100%| O|  |TAMS 0x0000000703600000, 0x0000000703600000| Untracked 
|   5|0x0000000703700000, 0x0000000703800000, 0x0000000703800000|100%| O|  |TAMS 0x0000000703700000, 0x0000000703700000| Untracked 
|   6|0x0000000703800000, 0x0000000703900000, 0x0000000703900000|100%| O|  |TAMS 0x0000000703800000, 0x0000000703800000| Untracked 
|   7|0x0000000703900000, 0x0000000703a00000, 0x0000000703a00000|100%| O|  |TAMS 0x0000000703900000, 0x0000000703900000| Untracked 
|   8|0x0000000703a00000, 0x0000000703b00000, 0x0000000703b00000|100%| O|  |TAMS 0x0000000703a00000, 0x0000000703a00000| Untracked 
|   9|0x0000000703b00000, 0x0000000703c00000, 0x0000000703c00000|100%| O|  |TAMS 0x0000000703b00000, 0x0000000703b00000| Untracked 
|  10|0x0000000703c00000, 0x0000000703d00000, 0x0000000703d00000|100%| O|  |TAMS 0x0000000703c00000, 0x0000000703c00000| Untracked 
|  11|0x0000000703d00000, 0x0000000703e00000, 0x0000000703e00000|100%| O|  |TAMS 0x0000000703d00000, 0x0000000703d00000| Untracked 
|  12|0x0000000703e00000, 0x0000000703f00000, 0x0000000703f00000|100%| O|  |TAMS 0x0000000703e00000, 0x0000000703e00000| Untracked 
|  13|0x0000000703f00000, 0x0000000704000000, 0x0000000704000000|100%| O|  |TAMS 0x0000000703f00000, 0x0000000703f00000| Untracked 
|  14|0x0000000704000000, 0x0000000704100000, 0x0000000704100000|100%| O|  |TAMS 0x0000000704000000, 0x0000000704000000| Untracked 
|  15|0x0000000704100000, 0x0000000704200000, 0x0000000704200000|100%| O|  |TAMS 0x0000000704100000, 0x0000000704100000| Untracked 
|  16|0x0000000704200000, 0x000000070424e9c0, 0x0000000704300000| 30%| O|  |TAMS 0x0000000704200000, 0x0000000704200000| Untracked 
|  17|0x0000000704300000, 0x0000000704300000, 0x0000000704400000|  0%| F|  |TAMS 0x0000000704300000, 0x0000000704300000| Untracked 
|  18|0x0000000704400000, 0x0000000704400000, 0x0000000704500000|  0%| F|  |TAMS 0x0000000704400000, 0x0000000704400000| Untracked 
|  19|0x0000000704500000, 0x0000000704500000, 0x0000000704600000|  0%| F|  |TAMS 0x0000000704500000, 0x0000000704500000| Untracked 
|  20|0x0000000704600000, 0x0000000704600000, 0x0000000704700000|  0%| F|  |TAMS 0x0000000704600000, 0x0000000704600000| Untracked 
|  21|0x0000000704700000, 0x0000000704700000, 0x0000000704800000|  0%| F|  |TAMS 0x0000000704700000, 0x0000000704700000| Untracked 
|  22|0x0000000704800000, 0x0000000704800000, 0x0000000704900000|  0%| F|  |TAMS 0x0000000704800000, 0x0000000704800000| Untracked 
|  23|0x0000000704900000, 0x0000000704900000, 0x0000000704a00000|  0%| F|  |TAMS 0x0000000704900000, 0x0000000704900000| Untracked 
|  24|0x0000000704a00000, 0x0000000704a00000, 0x0000000704b00000|  0%| F|  |TAMS 0x0000000704a00000, 0x0000000704a00000| Untracked 
|  25|0x0000000704b00000, 0x0000000704b00000, 0x0000000704c00000|  0%| F|  |TAMS 0x0000000704b00000, 0x0000000704b00000| Untracked 
|  26|0x0000000704c00000, 0x0000000704c00000, 0x0000000704d00000|  0%| F|  |TAMS 0x0000000704c00000, 0x0000000704c00000| Untracked 
|  27|0x0000000704d00000, 0x0000000704d00000, 0x0000000704e00000|  0%| F|  |TAMS 0x0000000704d00000, 0x0000000704d00000| Untracked 
|  28|0x0000000704e00000, 0x0000000704e00000, 0x0000000704f00000|  0%| F|  |TAMS 0x0000000704e00000, 0x0000000704e00000| Untracked 
|  29|0x0000000704f00000, 0x0000000704f00000, 0x0000000705000000|  0%| F|  |TAMS 0x0000000704f00000, 0x0000000704f00000| Untracked 
|  30|0x0000000705000000, 0x0000000705000000, 0x0000000705100000|  0%| F|  |TAMS 0x0000000705000000, 0x0000000705000000| Untracked 
|  31|0x0000000705100000, 0x0000000705100000, 0x0000000705200000|  0%| F|  |TAMS 0x0000000705100000, 0x0000000705100000| Untracked 
|  32|0x0000000705200000, 0x0000000705200000, 0x0000000705300000|  0%| F|  |TAMS 0x0000000705200000, 0x0000000705200000| Untracked 
|  33|0x0000000705300000, 0x0000000705300000, 0x0000000705400000|  0%| F|  |TAMS 0x0000000705300000, 0x0000000705300000| Untracked 
|  34|0x0000000705400000, 0x0000000705400000, 0x0000000705500000|  0%| F|  |TAMS 0x0000000705400000, 0x0000000705400000| Untracked 
|  35|0x0000000705500000, 0x0000000705500000, 0x0000000705600000|  0%| F|  |TAMS 0x0000000705500000, 0x0000000705500000| Untracked 
|  36|0x0000000705600000, 0x0000000705600000, 0x0000000705700000|  0%| F|  |TAMS 0x0000000705600000, 0x0000000705600000| Untracked 
|  37|0x0000000705700000, 0x0000000705700000, 0x0000000705800000|  0%| F|  |TAMS 0x0000000705700000, 0x0000000705700000| Untracked 
|  38|0x0000000705800000, 0x0000000705800000, 0x0000000705900000|  0%| F|  |TAMS 0x0000000705800000, 0x0000000705800000| Untracked 
|  39|0x0000000705900000, 0x0000000705900000, 0x0000000705a00000|  0%| F|  |TAMS 0x0000000705900000, 0x0000000705900000| Untracked 
|  40|0x0000000705a00000, 0x0000000705a00000, 0x0000000705b00000|  0%| F|  |TAMS 0x0000000705a00000, 0x0000000705a00000| Untracked 
|  41|0x0000000705b00000, 0x0000000705b00000, 0x0000000705c00000|  0%| F|  |TAMS 0x0000000705b00000, 0x0000000705b00000| Untracked 
|  42|0x0000000705c00000, 0x0000000705c00000, 0x0000000705d00000|  0%| F|  |TAMS 0x0000000705c00000, 0x0000000705c00000| Untracked 
|  43|0x0000000705d00000, 0x0000000705d00000, 0x0000000705e00000|  0%| F|  |TAMS 0x0000000705d00000, 0x0000000705d00000| Untracked 
|  44|0x0000000705e00000, 0x0000000705e00000, 0x0000000705f00000|  0%| F|  |TAMS 0x0000000705e00000, 0x0000000705e00000| Untracked 
|  45|0x0000000705f00000, 0x0000000705f00000, 0x0000000706000000|  0%| F|  |TAMS 0x0000000705f00000, 0x0000000705f00000| Untracked 
|  46|0x0000000706000000, 0x0000000706000000, 0x0000000706100000|  0%| F|  |TAMS 0x0000000706000000, 0x0000000706000000| Untracked 
|  47|0x0000000706100000, 0x0000000706100000, 0x0000000706200000|  0%| F|  |TAMS 0x0000000706100000, 0x0000000706100000| Untracked 
|  48|0x0000000706200000, 0x0000000706200000, 0x0000000706300000|  0%| F|  |TAMS 0x0000000706200000, 0x0000000706200000| Untracked 
|  49|0x0000000706300000, 0x0000000706300000, 0x0000000706400000|  0%| F|  |TAMS 0x0000000706300000, 0x0000000706300000| Untracked 
|  50|0x0000000706400000, 0x0000000706400000, 0x0000000706500000|  0%| F|  |TAMS 0x0000000706400000, 0x0000000706400000| Untracked 
|  51|0x0000000706500000, 0x0000000706500000, 0x0000000706600000|  0%| F|  |TAMS 0x0000000706500000, 0x0000000706500000| Untracked 
|  52|0x0000000706600000, 0x0000000706600000, 0x0000000706700000|  0%| F|  |TAMS 0x0000000706600000, 0x0000000706600000| Untracked 
|  53|0x0000000706700000, 0x0000000706700000, 0x0000000706800000|  0%| F|  |TAMS 0x0000000706700000, 0x0000000706700000| Untracked 
|  54|0x0000000706800000, 0x0000000706800000, 0x0000000706900000|  0%| F|  |TAMS 0x0000000706800000, 0x0000000706800000| Untracked 
|  55|0x0000000706900000, 0x0000000706900000, 0x0000000706a00000|  0%| F|  |TAMS 0x0000000706900000, 0x0000000706900000| Untracked 
|  56|0x0000000706a00000, 0x0000000706a00000, 0x0000000706b00000|  0%| F|  |TAMS 0x0000000706a00000, 0x0000000706a00000| Untracked 
|  57|0x0000000706b00000, 0x0000000706b00000, 0x0000000706c00000|  0%| F|  |TAMS 0x0000000706b00000, 0x0000000706b00000| Untracked 
|  58|0x0000000706c00000, 0x0000000706c00000, 0x0000000706d00000|  0%| F|  |TAMS 0x0000000706c00000, 0x0000000706c00000| Untracked 
|  59|0x0000000706d00000, 0x0000000706d00000, 0x0000000706e00000|  0%| F|  |TAMS 0x0000000706d00000, 0x0000000706d00000| Untracked 
|  60|0x0000000706e00000, 0x0000000706e00000, 0x0000000706f00000|  0%| F|  |TAMS 0x0000000706e00000, 0x0000000706e00000| Untracked 
|  61|0x0000000706f00000, 0x0000000706f00000, 0x0000000707000000|  0%| F|  |TAMS 0x0000000706f00000, 0x0000000706f00000| Untracked 
|  62|0x0000000707000000, 0x0000000707000000, 0x0000000707100000|  0%| F|  |TAMS 0x0000000707000000, 0x0000000707000000| Untracked 
|  63|0x0000000707100000, 0x0000000707100000, 0x0000000707200000|  0%| F|  |TAMS 0x0000000707100000, 0x0000000707100000| Untracked 
|  64|0x0000000707200000, 0x0000000707200000, 0x0000000707300000|  0%| F|  |TAMS 0x0000000707200000, 0x0000000707200000| Untracked 
|  65|0x0000000707300000, 0x0000000707300000, 0x0000000707400000|  0%| F|  |TAMS 0x0000000707300000, 0x0000000707300000| Untracked 
|  66|0x0000000707400000, 0x0000000707400000, 0x0000000707500000|  0%| F|  |TAMS 0x0000000707400000, 0x0000000707400000| Untracked 
|  67|0x0000000707500000, 0x0000000707500000, 0x0000000707600000|  0%| F|  |TAMS 0x0000000707500000, 0x0000000707500000| Untracked 
|  68|0x0000000707600000, 0x0000000707600000, 0x0000000707700000|  0%| F|  |TAMS 0x0000000707600000, 0x0000000707600000| Untracked 
|  69|0x0000000707700000, 0x0000000707700000, 0x0000000707800000|  0%| F|  |TAMS 0x0000000707700000, 0x0000000707700000| Untracked 
|  70|0x0000000707800000, 0x0000000707800000, 0x0000000707900000|  0%| F|  |TAMS 0x0000000707800000, 0x0000000707800000| Untracked 
|  71|0x0000000707900000, 0x0000000707900000, 0x0000000707a00000|  0%| F|  |TAMS 0x0000000707900000, 0x0000000707900000| Untracked 
|  72|0x0000000707a00000, 0x0000000707a00000, 0x0000000707b00000|  0%| F|  |TAMS 0x0000000707a00000, 0x0000000707a00000| Untracked 
|  73|0x0000000707b00000, 0x0000000707b00000, 0x0000000707c00000|  0%| F|  |TAMS 0x0000000707b00000, 0x0000000707b00000| Untracked 
|  74|0x0000000707c00000, 0x0000000707c00000, 0x0000000707d00000|  0%| F|  |TAMS 0x0000000707c00000, 0x0000000707c00000| Untracked 
|  75|0x0000000707d00000, 0x0000000707d00000, 0x0000000707e00000|  0%| F|  |TAMS 0x0000000707d00000, 0x0000000707d00000| Untracked 
|  76|0x0000000707e00000, 0x0000000707e00000, 0x0000000707f00000|  0%| F|  |TAMS 0x0000000707e00000, 0x0000000707e00000| Untracked 
|  77|0x0000000707f00000, 0x0000000707f00000, 0x0000000708000000|  0%| F|  |TAMS 0x0000000707f00000, 0x0000000707f00000| Untracked 
|  78|0x0000000708000000, 0x0000000708000000, 0x0000000708100000|  0%| F|  |TAMS 0x0000000708000000, 0x0000000708000000| Untracked 
|  79|0x0000000708100000, 0x0000000708100000, 0x0000000708200000|  0%| F|  |TAMS 0x0000000708100000, 0x0000000708100000| Untracked 
|  80|0x0000000708200000, 0x0000000708200000, 0x0000000708300000|  0%| F|  |TAMS 0x0000000708200000, 0x0000000708200000| Untracked 
|  81|0x0000000708300000, 0x0000000708300000, 0x0000000708400000|  0%| F|  |TAMS 0x0000000708300000, 0x0000000708300000| Untracked 
|  82|0x0000000708400000, 0x0000000708400000, 0x0000000708500000|  0%| F|  |TAMS 0x0000000708400000, 0x0000000708400000| Untracked 
|  83|0x0000000708500000, 0x0000000708500000, 0x0000000708600000|  0%| F|  |TAMS 0x0000000708500000, 0x0000000708500000| Untracked 
|  84|0x0000000708600000, 0x0000000708600000, 0x0000000708700000|  0%| F|  |TAMS 0x0000000708600000, 0x0000000708600000| Untracked 
|  85|0x0000000708700000, 0x0000000708700000, 0x0000000708800000|  0%| F|  |TAMS 0x0000000708700000, 0x0000000708700000| Untracked 
|  86|0x0000000708800000, 0x0000000708800000, 0x0000000708900000|  0%| F|  |TAMS 0x0000000708800000, 0x0000000708800000| Untracked 
|  87|0x0000000708900000, 0x0000000708900000, 0x0000000708a00000|  0%| F|  |TAMS 0x0000000708900000, 0x0000000708900000| Untracked 
|  88|0x0000000708a00000, 0x0000000708a00000, 0x0000000708b00000|  0%| F|  |TAMS 0x0000000708a00000, 0x0000000708a00000| Untracked 
|  89|0x0000000708b00000, 0x0000000708b00000, 0x0000000708c00000|  0%| F|  |TAMS 0x0000000708b00000, 0x0000000708b00000| Untracked 
|  90|0x0000000708c00000, 0x0000000708c00000, 0x0000000708d00000|  0%| F|  |TAMS 0x0000000708c00000, 0x0000000708c00000| Untracked 
|  91|0x0000000708d00000, 0x0000000708d00000, 0x0000000708e00000|  0%| F|  |TAMS 0x0000000708d00000, 0x0000000708d00000| Untracked 
|  92|0x0000000708e00000, 0x0000000708e00000, 0x0000000708f00000|  0%| F|  |TAMS 0x0000000708e00000, 0x0000000708e00000| Untracked 
|  93|0x0000000708f00000, 0x0000000708f00000, 0x0000000709000000|  0%| F|  |TAMS 0x0000000708f00000, 0x0000000708f00000| Untracked 
|  94|0x0000000709000000, 0x0000000709000000, 0x0000000709100000|  0%| F|  |TAMS 0x0000000709000000, 0x0000000709000000| Untracked 
|  95|0x0000000709100000, 0x0000000709100000, 0x0000000709200000|  0%| F|  |TAMS 0x0000000709100000, 0x0000000709100000| Untracked 
|  96|0x0000000709200000, 0x0000000709200000, 0x0000000709300000|  0%| F|  |TAMS 0x0000000709200000, 0x0000000709200000| Untracked 
|  97|0x0000000709300000, 0x0000000709300000, 0x0000000709400000|  0%| F|  |TAMS 0x0000000709300000, 0x0000000709300000| Untracked 
|  98|0x0000000709400000, 0x0000000709400000, 0x0000000709500000|  0%| F|  |TAMS 0x0000000709400000, 0x0000000709400000| Untracked 
|  99|0x0000000709500000, 0x0000000709500000, 0x0000000709600000|  0%| F|  |TAMS 0x0000000709500000, 0x0000000709500000| Untracked 
| 100|0x0000000709600000, 0x0000000709600000, 0x0000000709700000|  0%| F|  |TAMS 0x0000000709600000, 0x0000000709600000| Untracked 
| 101|0x0000000709700000, 0x0000000709700000, 0x0000000709800000|  0%| F|  |TAMS 0x0000000709700000, 0x0000000709700000| Untracked 
| 102|0x0000000709800000, 0x0000000709800000, 0x0000000709900000|  0%| F|  |TAMS 0x0000000709800000, 0x0000000709800000| Untracked 
| 103|0x0000000709900000, 0x0000000709900000, 0x0000000709a00000|  0%| F|  |TAMS 0x0000000709900000, 0x0000000709900000| Untracked 
| 104|0x0000000709a00000, 0x0000000709a00000, 0x0000000709b00000|  0%| F|  |TAMS 0x0000000709a00000, 0x0000000709a00000| Untracked 
| 105|0x0000000709b00000, 0x0000000709b00000, 0x0000000709c00000|  0%| F|  |TAMS 0x0000000709b00000, 0x0000000709b00000| Untracked 
| 106|0x0000000709c00000, 0x0000000709c00000, 0x0000000709d00000|  0%| F|  |TAMS 0x0000000709c00000, 0x0000000709c00000| Untracked 
| 107|0x0000000709d00000, 0x0000000709d00000, 0x0000000709e00000|  0%| F|  |TAMS 0x0000000709d00000, 0x0000000709d00000| Untracked 
| 108|0x0000000709e00000, 0x0000000709e00000, 0x0000000709f00000|  0%| F|  |TAMS 0x0000000709e00000, 0x0000000709e00000| Untracked 
| 109|0x0000000709f00000, 0x0000000709f00000, 0x000000070a000000|  0%| F|  |TAMS 0x0000000709f00000, 0x0000000709f00000| Untracked 
| 110|0x000000070a000000, 0x000000070a000000, 0x000000070a100000|  0%| F|  |TAMS 0x000000070a000000, 0x000000070a000000| Untracked 
| 111|0x000000070a100000, 0x000000070a100000, 0x000000070a200000|  0%| F|  |TAMS 0x000000070a100000, 0x000000070a100000| Untracked 
| 112|0x000000070a200000, 0x000000070a200000, 0x000000070a300000|  0%| F|  |TAMS 0x000000070a200000, 0x000000070a200000| Untracked 
| 113|0x000000070a300000, 0x000000070a300000, 0x000000070a400000|  0%| F|  |TAMS 0x000000070a300000, 0x000000070a300000| Untracked 
| 114|0x000000070a400000, 0x000000070a400000, 0x000000070a500000|  0%| F|  |TAMS 0x000000070a400000, 0x000000070a400000| Untracked 
| 115|0x000000070a500000, 0x000000070a500000, 0x000000070a600000|  0%| F|  |TAMS 0x000000070a500000, 0x000000070a500000| Untracked 
| 116|0x000000070a600000, 0x000000070a600000, 0x000000070a700000|  0%| F|  |TAMS 0x000000070a600000, 0x000000070a600000| Untracked 
| 117|0x000000070a700000, 0x000000070a700000, 0x000000070a800000|  0%| F|  |TAMS 0x000000070a700000, 0x000000070a700000| Untracked 
| 118|0x000000070a800000, 0x000000070a800000, 0x000000070a900000|  0%| F|  |TAMS 0x000000070a800000, 0x000000070a800000| Untracked 
| 119|0x000000070a900000, 0x000000070a900000, 0x000000070aa00000|  0%| F|  |TAMS 0x000000070a900000, 0x000000070a900000| Untracked 
| 120|0x000000070aa00000, 0x000000070aa00000, 0x000000070ab00000|  0%| F|  |TAMS 0x000000070aa00000, 0x000000070aa00000| Untracked 
| 121|0x000000070ab00000, 0x000000070ab00000, 0x000000070ac00000|  0%| F|  |TAMS 0x000000070ab00000, 0x000000070ab00000| Untracked 
| 122|0x000000070ac00000, 0x000000070ac00000, 0x000000070ad00000|  0%| F|  |TAMS 0x000000070ac00000, 0x000000070ac00000| Untracked 
| 123|0x000000070ad00000, 0x000000070ad00000, 0x000000070ae00000|  0%| F|  |TAMS 0x000000070ad00000, 0x000000070ad00000| Untracked 
| 124|0x000000070ae00000, 0x000000070ae00000, 0x000000070af00000|  0%| F|  |TAMS 0x000000070ae00000, 0x000000070ae00000| Untracked 
| 125|0x000000070af00000, 0x000000070af00000, 0x000000070b000000|  0%| F|  |TAMS 0x000000070af00000, 0x000000070af00000| Untracked 
| 126|0x000000070b000000, 0x000000070b000000, 0x000000070b100000|  0%| F|  |TAMS 0x000000070b000000, 0x000000070b000000| Untracked 
| 127|0x000000070b100000, 0x000000070b100000, 0x000000070b200000|  0%| F|  |TAMS 0x000000070b100000, 0x000000070b100000| Untracked 
| 128|0x000000070b200000, 0x000000070b200000, 0x000000070b300000|  0%| F|  |TAMS 0x000000070b200000, 0x000000070b200000| Untracked 
| 129|0x000000070b300000, 0x000000070b300000, 0x000000070b400000|  0%| F|  |TAMS 0x000000070b300000, 0x000000070b300000| Untracked 
| 130|0x000000070b400000, 0x000000070b400000, 0x000000070b500000|  0%| F|  |TAMS 0x000000070b400000, 0x000000070b400000| Untracked 
| 131|0x000000070b500000, 0x000000070b500000, 0x000000070b600000|  0%| F|  |TAMS 0x000000070b500000, 0x000000070b500000| Untracked 
| 132|0x000000070b600000, 0x000000070b600000, 0x000000070b700000|  0%| F|  |TAMS 0x000000070b600000, 0x000000070b600000| Untracked 
| 133|0x000000070b700000, 0x000000070b700000, 0x000000070b800000|  0%| F|  |TAMS 0x000000070b700000, 0x000000070b700000| Untracked 
| 134|0x000000070b800000, 0x000000070b800000, 0x000000070b900000|  0%| F|  |TAMS 0x000000070b800000, 0x000000070b800000| Untracked 
| 135|0x000000070b900000, 0x000000070b900000, 0x000000070ba00000|  0%| F|  |TAMS 0x000000070b900000, 0x000000070b900000| Untracked 
| 136|0x000000070ba00000, 0x000000070ba00000, 0x000000070bb00000|  0%| F|  |TAMS 0x000000070ba00000, 0x000000070ba00000| Untracked 
| 137|0x000000070bb00000, 0x000000070bb00000, 0x000000070bc00000|  0%| F|  |TAMS 0x000000070bb00000, 0x000000070bb00000| Untracked 
| 138|0x000000070bc00000, 0x000000070bc00000, 0x000000070bd00000|  0%| F|  |TAMS 0x000000070bc00000, 0x000000070bc00000| Untracked 
| 139|0x000000070bd00000, 0x000000070bd00000, 0x000000070be00000|  0%| F|  |TAMS 0x000000070bd00000, 0x000000070bd00000| Untracked 
| 140|0x000000070be00000, 0x000000070be00000, 0x000000070bf00000|  0%| F|  |TAMS 0x000000070be00000, 0x000000070be00000| Untracked 
| 141|0x000000070bf00000, 0x000000070bf00000, 0x000000070c000000|  0%| F|  |TAMS 0x000000070bf00000, 0x000000070bf00000| Untracked 
| 142|0x000000070c000000, 0x000000070c000000, 0x000000070c100000|  0%| F|  |TAMS 0x000000070c000000, 0x000000070c000000| Untracked 
| 143|0x000000070c100000, 0x000000070c100000, 0x000000070c200000|  0%| F|  |TAMS 0x000000070c100000, 0x000000070c100000| Untracked 
| 144|0x000000070c200000, 0x000000070c200000, 0x000000070c300000|  0%| F|  |TAMS 0x000000070c200000, 0x000000070c200000| Untracked 
| 145|0x000000070c300000, 0x000000070c300000, 0x000000070c400000|  0%| F|  |TAMS 0x000000070c300000, 0x000000070c300000| Untracked 
| 146|0x000000070c400000, 0x000000070c400000, 0x000000070c500000|  0%| F|  |TAMS 0x000000070c400000, 0x000000070c400000| Untracked 
| 147|0x000000070c500000, 0x000000070c500000, 0x000000070c600000|  0%| F|  |TAMS 0x000000070c500000, 0x000000070c500000| Untracked 
| 148|0x000000070c600000, 0x000000070c600000, 0x000000070c700000|  0%| F|  |TAMS 0x000000070c600000, 0x000000070c600000| Untracked 
| 149|0x000000070c700000, 0x000000070c700000, 0x000000070c800000|  0%| F|  |TAMS 0x000000070c700000, 0x000000070c700000| Untracked 
| 150|0x000000070c800000, 0x000000070c800000, 0x000000070c900000|  0%| F|  |TAMS 0x000000070c800000, 0x000000070c800000| Untracked 
| 151|0x000000070c900000, 0x000000070c900000, 0x000000070ca00000|  0%| F|  |TAMS 0x000000070c900000, 0x000000070c900000| Untracked 
| 152|0x000000070ca00000, 0x000000070ca00000, 0x000000070cb00000|  0%| F|  |TAMS 0x000000070ca00000, 0x000000070ca00000| Untracked 
| 153|0x000000070cb00000, 0x000000070cb00000, 0x000000070cc00000|  0%| F|  |TAMS 0x000000070cb00000, 0x000000070cb00000| Untracked 
| 154|0x000000070cc00000, 0x000000070cc00000, 0x000000070cd00000|  0%| F|  |TAMS 0x000000070cc00000, 0x000000070cc00000| Untracked 
| 155|0x000000070cd00000, 0x000000070cd00000, 0x000000070ce00000|  0%| F|  |TAMS 0x000000070cd00000, 0x000000070cd00000| Untracked 
| 156|0x000000070ce00000, 0x000000070ce00000, 0x000000070cf00000|  0%| F|  |TAMS 0x000000070ce00000, 0x000000070ce00000| Untracked 
| 157|0x000000070cf00000, 0x000000070cf00000, 0x000000070d000000|  0%| F|  |TAMS 0x000000070cf00000, 0x000000070cf00000| Untracked 
| 158|0x000000070d000000, 0x000000070d000000, 0x000000070d100000|  0%| F|  |TAMS 0x000000070d000000, 0x000000070d000000| Untracked 
| 159|0x000000070d100000, 0x000000070d100000, 0x000000070d200000|  0%| F|  |TAMS 0x000000070d100000, 0x000000070d100000| Untracked 
| 160|0x000000070d200000, 0x000000070d200000, 0x000000070d300000|  0%| F|  |TAMS 0x000000070d200000, 0x000000070d200000| Untracked 
| 161|0x000000070d300000, 0x000000070d300000, 0x000000070d400000|  0%| F|  |TAMS 0x000000070d300000, 0x000000070d300000| Untracked 
| 162|0x000000070d400000, 0x000000070d400000, 0x000000070d500000|  0%| F|  |TAMS 0x000000070d400000, 0x000000070d400000| Untracked 
| 163|0x000000070d500000, 0x000000070d500000, 0x000000070d600000|  0%| F|  |TAMS 0x000000070d500000, 0x000000070d500000| Untracked 
| 164|0x000000070d600000, 0x000000070d600000, 0x000000070d700000|  0%| F|  |TAMS 0x000000070d600000, 0x000000070d600000| Untracked 
| 165|0x000000070d700000, 0x000000070d700000, 0x000000070d800000|  0%| F|  |TAMS 0x000000070d700000, 0x000000070d700000| Untracked 
| 166|0x000000070d800000, 0x000000070d800000, 0x000000070d900000|  0%| F|  |TAMS 0x000000070d800000, 0x000000070d800000| Untracked 
| 167|0x000000070d900000, 0x000000070d900000, 0x000000070da00000|  0%| F|  |TAMS 0x000000070d900000, 0x000000070d900000| Untracked 
| 168|0x000000070da00000, 0x000000070da00000, 0x000000070db00000|  0%| F|  |TAMS 0x000000070da00000, 0x000000070da00000| Untracked 
| 169|0x000000070db00000, 0x000000070db00000, 0x000000070dc00000|  0%| F|  |TAMS 0x000000070db00000, 0x000000070db00000| Untracked 
| 170|0x000000070dc00000, 0x000000070dc00000, 0x000000070dd00000|  0%| F|  |TAMS 0x000000070dc00000, 0x000000070dc00000| Untracked 
| 171|0x000000070dd00000, 0x000000070dd00000, 0x000000070de00000|  0%| F|  |TAMS 0x000000070dd00000, 0x000000070dd00000| Untracked 
| 172|0x000000070de00000, 0x000000070de00000, 0x000000070df00000|  0%| F|  |TAMS 0x000000070de00000, 0x000000070de00000| Untracked 
| 173|0x000000070df00000, 0x000000070df00000, 0x000000070e000000|  0%| F|  |TAMS 0x000000070df00000, 0x000000070df00000| Untracked 
| 174|0x000000070e000000, 0x000000070e000000, 0x000000070e100000|  0%| F|  |TAMS 0x000000070e000000, 0x000000070e000000| Untracked 
| 175|0x000000070e100000, 0x000000070e100000, 0x000000070e200000|  0%| F|  |TAMS 0x000000070e100000, 0x000000070e100000| Untracked 
| 176|0x000000070e200000, 0x000000070e200000, 0x000000070e300000|  0%| F|  |TAMS 0x000000070e200000, 0x000000070e200000| Untracked 
| 177|0x000000070e300000, 0x000000070e300000, 0x000000070e400000|  0%| F|  |TAMS 0x000000070e300000, 0x000000070e300000| Untracked 
| 178|0x000000070e400000, 0x000000070e400000, 0x000000070e500000|  0%| F|  |TAMS 0x000000070e400000, 0x000000070e400000| Untracked 
| 179|0x000000070e500000, 0x000000070e500000, 0x000000070e600000|  0%| F|  |TAMS 0x000000070e500000, 0x000000070e500000| Untracked 
| 180|0x000000070e600000, 0x000000070e600000, 0x000000070e700000|  0%| F|  |TAMS 0x000000070e600000, 0x000000070e600000| Untracked 
| 181|0x000000070e700000, 0x000000070e700000, 0x000000070e800000|  0%| F|  |TAMS 0x000000070e700000, 0x000000070e700000| Untracked 
| 182|0x000000070e800000, 0x000000070e800000, 0x000000070e900000|  0%| F|  |TAMS 0x000000070e800000, 0x000000070e800000| Untracked 
| 183|0x000000070e900000, 0x000000070e900000, 0x000000070ea00000|  0%| F|  |TAMS 0x000000070e900000, 0x000000070e900000| Untracked 
| 184|0x000000070ea00000, 0x000000070ea00000, 0x000000070eb00000|  0%| F|  |TAMS 0x000000070ea00000, 0x000000070ea00000| Untracked 
| 185|0x000000070eb00000, 0x000000070eb00000, 0x000000070ec00000|  0%| F|  |TAMS 0x000000070eb00000, 0x000000070eb00000| Untracked 
| 186|0x000000070ec00000, 0x000000070ec00000, 0x000000070ed00000|  0%| F|  |TAMS 0x000000070ec00000, 0x000000070ec00000| Untracked 
| 187|0x000000070ed00000, 0x000000070ed00000, 0x000000070ee00000|  0%| F|  |TAMS 0x000000070ed00000, 0x000000070ed00000| Untracked 
| 188|0x000000070ee00000, 0x000000070ee00000, 0x000000070ef00000|  0%| F|  |TAMS 0x000000070ee00000, 0x000000070ee00000| Untracked 
| 189|0x000000070ef00000, 0x000000070ef00000, 0x000000070f000000|  0%| F|  |TAMS 0x000000070ef00000, 0x000000070ef00000| Untracked 
| 190|0x000000070f000000, 0x000000070f000000, 0x000000070f100000|  0%| F|  |TAMS 0x000000070f000000, 0x000000070f000000| Untracked 
| 191|0x000000070f100000, 0x000000070f100000, 0x000000070f200000|  0%| F|  |TAMS 0x000000070f100000, 0x000000070f100000| Untracked 
| 192|0x000000070f200000, 0x000000070f200000, 0x000000070f300000|  0%| F|  |TAMS 0x000000070f200000, 0x000000070f200000| Untracked 
| 193|0x000000070f300000, 0x000000070f300000, 0x000000070f400000|  0%| F|  |TAMS 0x000000070f300000, 0x000000070f300000| Untracked 
| 194|0x000000070f400000, 0x000000070f400000, 0x000000070f500000|  0%| F|  |TAMS 0x000000070f400000, 0x000000070f400000| Untracked 
| 195|0x000000070f500000, 0x000000070f500000, 0x000000070f600000|  0%| F|  |TAMS 0x000000070f500000, 0x000000070f500000| Untracked 
| 196|0x000000070f600000, 0x000000070f600000, 0x000000070f700000|  0%| F|  |TAMS 0x000000070f600000, 0x000000070f600000| Untracked 
| 197|0x000000070f700000, 0x000000070f700000, 0x000000070f800000|  0%| F|  |TAMS 0x000000070f700000, 0x000000070f700000| Untracked 
| 198|0x000000070f800000, 0x000000070f800000, 0x000000070f900000|  0%| F|  |TAMS 0x000000070f800000, 0x000000070f800000| Untracked 
| 199|0x000000070f900000, 0x000000070f900000, 0x000000070fa00000|  0%| F|  |TAMS 0x000000070f900000, 0x000000070f900000| Untracked 
| 200|0x000000070fa00000, 0x000000070fa00000, 0x000000070fb00000|  0%| F|  |TAMS 0x000000070fa00000, 0x000000070fa00000| Untracked 
| 201|0x000000070fb00000, 0x000000070fb00000, 0x000000070fc00000|  0%| F|  |TAMS 0x000000070fb00000, 0x000000070fb00000| Untracked 
| 202|0x000000070fc00000, 0x000000070fc00000, 0x000000070fd00000|  0%| F|  |TAMS 0x000000070fc00000, 0x000000070fc00000| Untracked 
| 203|0x000000070fd00000, 0x000000070fd00000, 0x000000070fe00000|  0%| F|  |TAMS 0x000000070fd00000, 0x000000070fd00000| Untracked 
| 204|0x000000070fe00000, 0x000000070fe00000, 0x000000070ff00000|  0%| F|  |TAMS 0x000000070fe00000, 0x000000070fe00000| Untracked 
| 205|0x000000070ff00000, 0x000000070ff00000, 0x0000000710000000|  0%| F|  |TAMS 0x000000070ff00000, 0x000000070ff00000| Untracked 
| 206|0x0000000710000000, 0x0000000710000000, 0x0000000710100000|  0%| F|  |TAMS 0x0000000710000000, 0x0000000710000000| Untracked 
| 207|0x0000000710100000, 0x0000000710100000, 0x0000000710200000|  0%| F|  |TAMS 0x0000000710100000, 0x0000000710100000| Untracked 
| 208|0x0000000710200000, 0x0000000710200000, 0x0000000710300000|  0%| F|  |TAMS 0x0000000710200000, 0x0000000710200000| Untracked 
| 209|0x0000000710300000, 0x0000000710300000, 0x0000000710400000|  0%| F|  |TAMS 0x0000000710300000, 0x0000000710300000| Untracked 
| 210|0x0000000710400000, 0x0000000710400000, 0x0000000710500000|  0%| F|  |TAMS 0x0000000710400000, 0x0000000710400000| Untracked 
| 211|0x0000000710500000, 0x0000000710500000, 0x0000000710600000|  0%| F|  |TAMS 0x0000000710500000, 0x0000000710500000| Untracked 
| 212|0x0000000710600000, 0x0000000710600000, 0x0000000710700000|  0%| F|  |TAMS 0x0000000710600000, 0x0000000710600000| Untracked 
| 213|0x0000000710700000, 0x0000000710700000, 0x0000000710800000|  0%| F|  |TAMS 0x0000000710700000, 0x0000000710700000| Untracked 
| 214|0x0000000710800000, 0x0000000710800000, 0x0000000710900000|  0%| F|  |TAMS 0x0000000710800000, 0x0000000710800000| Untracked 
| 215|0x0000000710900000, 0x0000000710900000, 0x0000000710a00000|  0%| F|  |TAMS 0x0000000710900000, 0x0000000710900000| Untracked 
| 216|0x0000000710a00000, 0x0000000710a00000, 0x0000000710b00000|  0%| F|  |TAMS 0x0000000710a00000, 0x0000000710a00000| Untracked 
| 217|0x0000000710b00000, 0x0000000710b00000, 0x0000000710c00000|  0%| F|  |TAMS 0x0000000710b00000, 0x0000000710b00000| Untracked 
| 218|0x0000000710c00000, 0x0000000710c00000, 0x0000000710d00000|  0%| F|  |TAMS 0x0000000710c00000, 0x0000000710c00000| Untracked 
| 219|0x0000000710d00000, 0x0000000710d00000, 0x0000000710e00000|  0%| F|  |TAMS 0x0000000710d00000, 0x0000000710d00000| Untracked 
| 220|0x0000000710e00000, 0x0000000710e00000, 0x0000000710f00000|  0%| F|  |TAMS 0x0000000710e00000, 0x0000000710e00000| Untracked 
| 221|0x0000000710f00000, 0x0000000710f00000, 0x0000000711000000|  0%| F|  |TAMS 0x0000000710f00000, 0x0000000710f00000| Untracked 
| 222|0x0000000711000000, 0x0000000711000000, 0x0000000711100000|  0%| F|  |TAMS 0x0000000711000000, 0x0000000711000000| Untracked 
| 223|0x0000000711100000, 0x0000000711100000, 0x0000000711200000|  0%| F|  |TAMS 0x0000000711100000, 0x0000000711100000| Untracked 
| 224|0x0000000711200000, 0x0000000711200000, 0x0000000711300000|  0%| F|  |TAMS 0x0000000711200000, 0x0000000711200000| Untracked 
| 225|0x0000000711300000, 0x0000000711300000, 0x0000000711400000|  0%| F|  |TAMS 0x0000000711300000, 0x0000000711300000| Untracked 
| 226|0x0000000711400000, 0x0000000711400000, 0x0000000711500000|  0%| F|  |TAMS 0x0000000711400000, 0x0000000711400000| Untracked 
| 227|0x0000000711500000, 0x0000000711600000, 0x0000000711600000|100%| E|CS|TAMS 0x0000000711500000, 0x0000000711500000| Complete 
| 228|0x0000000711600000, 0x0000000711700000, 0x0000000711700000|100%| E|CS|TAMS 0x0000000711600000, 0x0000000711600000| Complete 
| 229|0x0000000711700000, 0x0000000711800000, 0x0000000711800000|100%| E|CS|TAMS 0x0000000711700000, 0x0000000711700000| Complete 
| 230|0x0000000711800000, 0x0000000711800000, 0x0000000711900000|  0%| F|  |TAMS 0x0000000711800000, 0x0000000711800000| Untracked 
| 231|0x0000000711900000, 0x0000000711900000, 0x0000000711a00000|  0%| F|  |TAMS 0x0000000711900000, 0x0000000711900000| Untracked 
| 232|0x0000000711a00000, 0x0000000711a00000, 0x0000000711b00000|  0%| F|  |TAMS 0x0000000711a00000, 0x0000000711a00000| Untracked 
| 233|0x0000000711b00000, 0x0000000711b00000, 0x0000000711c00000|  0%| F|  |TAMS 0x0000000711b00000, 0x0000000711b00000| Untracked 
| 234|0x0000000711c00000, 0x0000000711c00000, 0x0000000711d00000|  0%| F|  |TAMS 0x0000000711c00000, 0x0000000711c00000| Untracked 
| 235|0x0000000711d00000, 0x0000000711daff20, 0x0000000711e00000| 68%| S|  |TAMS 0x0000000711d00000, 0x0000000711d00000| Complete 
| 236|0x0000000711e00000, 0x0000000711f00000, 0x0000000711f00000|100%| S|  |TAMS 0x0000000711e00000, 0x0000000711e00000| Complete 
| 237|0x0000000711f00000, 0x0000000711ffd0d0, 0x0000000712000000| 98%| E|CS|TAMS 0x0000000711f00000, 0x0000000711f00000| Complete 
| 238|0x0000000712000000, 0x0000000712100000, 0x0000000712100000|100%| E|CS|TAMS 0x0000000712000000, 0x0000000712000000| Complete 
| 239|0x0000000712100000, 0x0000000712200000, 0x0000000712200000|100%| E|CS|TAMS 0x0000000712100000, 0x0000000712100000| Complete 
| 240|0x0000000712200000, 0x0000000712300000, 0x0000000712300000|100%| E|CS|TAMS 0x0000000712200000, 0x0000000712200000| Complete 
| 241|0x0000000712300000, 0x0000000712400000, 0x0000000712400000|100%| E|CS|TAMS 0x0000000712300000, 0x0000000712300000| Complete 
| 242|0x0000000712400000, 0x0000000712500000, 0x0000000712500000|100%| E|CS|TAMS 0x0000000712400000, 0x0000000712400000| Complete 
| 243|0x0000000712500000, 0x0000000712600000, 0x0000000712600000|100%| E|CS|TAMS 0x0000000712500000, 0x0000000712500000| Complete 
| 244|0x0000000712600000, 0x0000000712700000, 0x0000000712700000|100%| E|CS|TAMS 0x0000000712600000, 0x0000000712600000| Complete 
| 245|0x0000000712700000, 0x0000000712800000, 0x0000000712800000|100%| E|CS|TAMS 0x0000000712700000, 0x0000000712700000| Complete 
| 246|0x0000000712800000, 0x0000000712900000, 0x0000000712900000|100%| E|CS|TAMS 0x0000000712800000, 0x0000000712800000| Complete 
| 247|0x0000000712900000, 0x0000000712a00000, 0x0000000712a00000|100%| E|CS|TAMS 0x0000000712900000, 0x0000000712900000| Complete 
| 248|0x0000000712a00000, 0x0000000712b00000, 0x0000000712b00000|100%| E|CS|TAMS 0x0000000712a00000, 0x0000000712a00000| Complete 
| 249|0x0000000712b00000, 0x0000000712c00000, 0x0000000712c00000|100%| E|CS|TAMS 0x0000000712b00000, 0x0000000712b00000| Complete 
| 250|0x0000000712c00000, 0x0000000712d00000, 0x0000000712d00000|100%| E|CS|TAMS 0x0000000712c00000, 0x0000000712c00000| Complete 
| 251|0x0000000712d00000, 0x0000000712e00000, 0x0000000712e00000|100%| E|CS|TAMS 0x0000000712d00000, 0x0000000712d00000| Complete 
| 252|0x0000000712e00000, 0x0000000712f00000, 0x0000000712f00000|100%| E|CS|TAMS 0x0000000712e00000, 0x0000000712e00000| Complete 
| 253|0x0000000712f00000, 0x0000000713000000, 0x0000000713000000|100%| E|CS|TAMS 0x0000000712f00000, 0x0000000712f00000| Complete 

Card table byte_map: [0x0000027e7b310000,0x0000027e7bb00000] _byte_map_base: 0x0000027e77af7000

Marking Bits (Prev, Next): (CMBitMap*) 0x0000027e633036f8, (CMBitMap*) 0x0000027e63303730
 Prev Bits: [0x0000027e00000000, 0x0000027e03f38000)
 Next Bits: [0x0000027e03f40000, 0x0000027e07e78000)

Polling page: 0x0000027e62a60000

Metaspace:

Usage:
  Non-class:     13.35 MB capacity,    13.04 MB ( 98%) used,   275.80 KB (  2%) free+waste,    42.31 KB ( <1%) overhead. 
      Class:      1.77 MB capacity,     1.59 MB ( 89%) used,   170.12 KB (  9%) free+waste,    21.25 KB (  1%) overhead. 
       Both:     15.12 MB capacity,    14.63 MB ( 97%) used,   445.91 KB (  3%) free+waste,    63.56 KB ( <1%) overhead. 

Virtual space:
  Non-class space:       14.00 MB reserved,      13.50 MB ( 96%) committed 
      Class space:        1.00 GB reserved,       1.88 MB ( <1%) committed 
             Both:        1.01 GB reserved,      15.38 MB (  1%) committed 

Chunk freelists:
   Non-Class:  3.25 KB
       Class:  896 bytes
        Both:  4.13 KB

CodeHeap 'non-profiled nmethods': size=238336Kb used=2308Kb max_used=2308Kb free=236027Kb
 bounds [0x0000027e6bd10000, 0x0000027e6bf80000, 0x0000027e7a5d0000]
CodeHeap 'non-nmethods': size=7424Kb used=2821Kb max_used=2821Kb free=4602Kb
 bounds [0x0000027e6b5d0000, 0x0000027e6b8a0000, 0x0000027e6bd10000]
 total_blobs=1942 nmethods=1487 adapters=362
 compilation: enabled
              stopped_count=0, restarted_count=0
 full_count=0

Compilation events (10 events):
Event: 1.147 Thread 0x0000027e089fa800 1484       1       java.util.jar.Attributes$Name::hash (148 bytes)
Event: 1.147 Thread 0x0000027e089fa800 nmethod 1484 0x0000027e6bf4f090 code [0x0000027e6bf4f2a0, 0x0000027e6bf4f870]
Event: 1.148 Thread 0x0000027e08ce7800 1485       1       java.util.zip.ZipFile$InflaterCleanupAction::run (12 bytes)
Event: 1.148 Thread 0x0000027e08ce7800 nmethod 1485 0x0000027e6bf4fc10 code [0x0000027e6bf4fdc0, 0x0000027e6bf4ff10]
Event: 1.150 Thread 0x0000027e7f9b3800 1486       1       java.lang.Integer::numberOfLeadingZeros (78 bytes)
Event: 1.150 Thread 0x0000027e7f9b3800 nmethod 1486 0x0000027e6bf50010 code [0x0000027e6bf501c0, 0x0000027e6bf50338]
Event: 1.152 Thread 0x0000027e089f8000 1487       1       java.util.jar.JarFile::getManifest (5 bytes)
Event: 1.152 Thread 0x0000027e08ce7800 1488       1       java.util.jar.JarFile::getManifestFromReference (117 bytes)
Event: 1.152 Thread 0x0000027e089f8000 nmethod 1487 0x0000027e6bf50390 code [0x0000027e6bf50540, 0x0000027e6bf50670]
Event: 1.153 Thread 0x0000027e08ce7800 nmethod 1488 0x0000027e6bf50710 code [0x0000027e6bf50940, 0x0000027e6bf510d0]

GC Heap History (3 events):
Event: 0.985 GC heap before
{Heap before GC invocations=0 (full 0):
 garbage-first heap   total 260096K, used 24576K [0x0000000703200000, 0x0000000800000000)
  region size 1024K, 24 young (24576K), 0 survivors (0K)
 Metaspace       used 11647K, capacity 11964K, committed 12160K, reserved 1060864K
  class space    used 1220K, capacity 1308K, committed 1408K, reserved 1048576K
}
Event: 0.990 GC heap after
{Heap after GC invocations=1 (full 0):
 garbage-first heap   total 260096K, used 16620K [0x0000000703200000, 0x0000000800000000)
  region size 1024K, 3 young (3072K), 3 survivors (3072K)
 Metaspace       used 11647K, capacity 11964K, committed 12160K, reserved 1060864K
  class space    used 1220K, capacity 1308K, committed 1408K, reserved 1048576K
}
Event: 1.155 GC heap before
{Heap before GC invocations=1 (full 0):
 garbage-first heap   total 260096K, used 33004K [0x0000000703200000, 0x0000000800000000)
  region size 1024K, 20 young (20480K), 3 survivors (3072K)
 Metaspace       used 14977K, capacity 15487K, committed 15744K, reserved 1062912K
  class space    used 1625K, capacity 1817K, committed 1920K, reserved 1048576K
}

Deoptimization events (0 events):
No events

Classes redefined (0 events):
No events

Internal exceptions (10 events):
Event: 0.994 Thread 0x0000027e6329e800 Exception <a 'java/lang/NoSuchMethodError'{0x0000000712f222b8}: java.lang.invoke.DelegatingMethodHandle$Holder.reinvoke_L(Ljava/lang/Object;ILjava/lang/Object;)Ljava/lang/Object;> (0x0000000712f222b8) thrown at [t:/workspace/open/src/hotspot/share/interpr
Event: 0.994 Thread 0x0000027e08b7a800 Exception <a 'java/lang/NoSuchMethodError'{0x0000000712fb5020}: java.lang.invoke.DelegatingMethodHandle$Holder.reinvoke_L(Ljava/lang/Object;ILjava/lang/Object;)Ljava/lang/Object;> (0x0000000712fb5020) thrown at [t:/workspace/open/src/hotspot/share/interpr
Event: 1.027 Thread 0x0000027e6329e800 Exception <a 'java/lang/ClassNotFoundException'{0x0000000712c23120}: javax/smartcardio/CardPermission> (0x0000000712c23120) thrown at [t:/workspace/open/src/hotspot/share/classfile/systemDictionary.cpp, line 231]
Event: 1.029 Thread 0x0000027e6329e800 Exception <a 'java/io/FileNotFoundException'{0x0000000712c317b0}> (0x0000000712c317b0) thrown at [t:/workspace/open/src/hotspot/share/prims/jni.cpp, line 615]
Event: 1.031 Thread 0x0000027e08c3f800 Exception <a 'java/lang/NoSuchMethodError'{0x0000000712ca1688}: <clinit>> (0x0000000712ca1688) thrown at [t:/workspace/open/src/hotspot/share/prims/jni.cpp, line 1364]
Event: 1.040 Thread 0x0000027e08c3f800 Exception <a 'java/lang/ClassNotFoundException'{0x0000000712b337e0}: javax/management/remote/rmi/RMIConnectionImpl_Skel> (0x0000000712b337e0) thrown at [t:/workspace/open/src/hotspot/share/classfile/systemDictionary.cpp, line 231]
Event: 1.041 Thread 0x0000027e08cce800 Exception <a 'java/lang/NoSuchMethodError'{0x0000000712bdb100}: java.lang.invoke.Invokers$Holder.linkToTargetMethod(Ljava/lang/Object;JLjava/lang/Object;)Ljava/lang/Object;> (0x0000000712bdb100) thrown at [t:/workspace/open/src/hotspot/share/interpreter/l
Event: 1.052 Thread 0x0000027e08c3f800 Exception <a 'java/lang/reflect/InvocationTargetException'{0x0000000712a65a88}> (0x0000000712a65a88) thrown at [t:/workspace/open/src/hotspot/share/runtime/reflection.cpp, line 1242]
Event: 1.054 Thread 0x0000027e08c3f800 Exception <a 'java/lang/NoSuchMethodError'{0x0000000712a8c1b0}: <clinit>> (0x0000000712a8c1b0) thrown at [t:/workspace/open/src/hotspot/share/prims/jni.cpp, line 1364]
Event: 1.091 Thread 0x0000027e6329e800 Exception <a 'java/lang/NoSuchMethodError'{0x00000007127cd8c8}: java.lang.invoke.DirectMethodHandle$Holder.invokeStaticInit(Ljava/lang/Object;Ljava/lang/Object;)I> (0x00000007127cd8c8) thrown at [t:/workspace/open/src/hotspot/share/interpreter/linkResolve

Events (10 events):
Event: 1.128 loading class java/util/stream/Node$Builder
Event: 1.128 loading class java/util/stream/Node$Builder done
Event: 1.128 loading class java/util/stream/Nodes$ArrayNode
Event: 1.128 loading class java/util/stream/Nodes$ArrayNode done
Event: 1.128 loading class java/util/stream/Nodes$FixedNodeBuilder done
Event: 1.146 loading class java/util/jar/JarVerifier
Event: 1.146 loading class java/util/jar/JarVerifier done
Event: 1.146 loading class java/security/CodeSigner
Event: 1.146 loading class java/security/CodeSigner done
Event: 1.154 Executing VM operation: G1CollectForAllocation


Dynamic libraries:
0x00007ff6c0570000 - 0x00007ff6c05b7000 	C:\Program Files\Java\jdk-11.0.4\bin\javaw.exe
0x00007ff9b5b40000 - 0x00007ff9b5d30000 	C:\WINDOWS\SYSTEM32\ntdll.dll
0x00007ff96fa40000 - 0x00007ff96fa54000 	C:\Program Files\AVAST Software\Avast\aswhook.dll
0x00007ff9b3f90000 - 0x00007ff9b4042000 	C:\WINDOWS\System32\KERNEL32.DLL
0x00007ff9b3630000 - 0x00007ff9b38d3000 	C:\WINDOWS\System32\KERNELBASE.dll
0x00007ff9b5410000 - 0x00007ff9b54b3000 	C:\WINDOWS\System32\ADVAPI32.dll
0x00007ff9b55f0000 - 0x00007ff9b568e000 	C:\WINDOWS\System32\msvcrt.dll
0x00007ff9b5340000 - 0x00007ff9b53d7000 	C:\WINDOWS\System32\sechost.dll
0x00007ff9b3bf0000 - 0x00007ff9b3d10000 	C:\WINDOWS\System32\RPCRT4.dll
0x00007ff9b4de0000 - 0x00007ff9b4f73000 	C:\WINDOWS\System32\USER32.dll
0x00007ff9b3b40000 - 0x00007ff9b3b61000 	C:\WINDOWS\System32\win32u.dll
0x00007ff9b53e0000 - 0x00007ff9b5406000 	C:\WINDOWS\System32\GDI32.dll
0x00007ff9b32f0000 - 0x00007ff9b3484000 	C:\WINDOWS\System32\gdi32full.dll
0x00007ff9b2ad0000 - 0x00007ff9b2b6e000 	C:\WINDOWS\System32\msvcp_win.dll
0x00007ff9b3960000 - 0x00007ff9b3a5a000 	C:\WINDOWS\System32\ucrtbase.dll
0x00007ff9a5af0000 - 0x00007ff9a5d75000 	C:\WINDOWS\WinSxS\amd64_microsoft.windows.common-controls_6595b64144ccf1df_6.0.18362.356_none_e6c4af7d130f27cc\COMCTL32.dll
0x00007ff9b4f80000 - 0x00007ff9b52b6000 	C:\WINDOWS\System32\combase.dll
0x00007ff9b3b70000 - 0x00007ff9b3bf0000 	C:\WINDOWS\System32\bcryptPrimitives.dll
0x00007ff9aadc0000 - 0x00007ff9aadca000 	C:\WINDOWS\SYSTEM32\VERSION.dll
0x00007ff9b4050000 - 0x00007ff9b407e000 	C:\WINDOWS\System32\IMM32.DLL
0x00007ff9ab3d0000 - 0x00007ff9ab3e6000 	C:\Program Files\Java\jdk-11.0.4\bin\vcruntime140.dll
0x00007ff96f480000 - 0x00007ff96f52a000 	C:\Program Files\Java\jdk-11.0.4\bin\msvcp140.dll
0x00007ff958a00000 - 0x00007ff959527000 	C:\Program Files\Java\jdk-11.0.4\bin\server\jvm.dll
0x00007ff9b4a80000 - 0x00007ff9b4a88000 	C:\WINDOWS\System32\PSAPI.DLL
0x00007ff9a2a10000 - 0x00007ff9a2a19000 	C:\WINDOWS\SYSTEM32\WSOCK32.dll
0x00007ff9b4a90000 - 0x00007ff9b4aff000 	C:\WINDOWS\System32\WS2_32.dll
0x00007ff9b0b40000 - 0x00007ff9b0b64000 	C:\WINDOWS\SYSTEM32\WINMM.dll
0x00007ff9b0a80000 - 0x00007ff9b0aad000 	C:\WINDOWS\SYSTEM32\WINMMBASE.dll
0x00007ff9b3490000 - 0x00007ff9b34da000 	C:\WINDOWS\System32\cfgmgr32.dll
0x00007ff9b2a90000 - 0x00007ff9b2aa1000 	C:\WINDOWS\System32\kernel.appcore.dll
0x00007ff9acd40000 - 0x00007ff9acd51000 	C:\Program Files\Java\jdk-11.0.4\bin\verify.dll
0x00007ff9a5fe0000 - 0x00007ff9a61d4000 	C:\WINDOWS\SYSTEM32\DBGHELP.DLL
0x00007ff9a6470000 - 0x00007ff9a649a000 	C:\WINDOWS\SYSTEM32\dbgcore.DLL
0x00007ff9ab370000 - 0x00007ff9ab399000 	C:\Program Files\Java\jdk-11.0.4\bin\java.dll
0x00007ff9a91f0000 - 0x00007ff9a9206000 	C:\Program Files\Java\jdk-11.0.4\bin\zip.dll
0x00007ff9acea0000 - 0x00007ff9aceaa000 	C:\Program Files\Java\jdk-11.0.4\bin\jimage.dll
0x00007ff9b4080000 - 0x00007ff9b4765000 	C:\WINDOWS\System32\SHELL32.dll
0x00007ff9b3d20000 - 0x00007ff9b3dc9000 	C:\WINDOWS\System32\shcore.dll
0x00007ff9b2b70000 - 0x00007ff9b32ee000 	C:\WINDOWS\System32\windows.storage.dll
0x00007ff9b2a20000 - 0x00007ff9b2a3f000 	C:\WINDOWS\System32\profapi.dll
0x00007ff9b2a40000 - 0x00007ff9b2a8a000 	C:\WINDOWS\System32\powrprof.dll
0x00007ff9b2a10000 - 0x00007ff9b2a20000 	C:\WINDOWS\System32\UMPDC.dll
0x00007ff9b5590000 - 0x00007ff9b55e2000 	C:\WINDOWS\System32\shlwapi.dll
0x00007ff9b3940000 - 0x00007ff9b3957000 	C:\WINDOWS\System32\cryptsp.dll
0x00007ff9a91d0000 - 0x00007ff9a91e9000 	C:\Program Files\Java\jdk-11.0.4\bin\net.dll
0x00007ff9ab810000 - 0x00007ff9ab900000 	C:\WINDOWS\SYSTEM32\WINHTTP.dll
0x00007ff9a9ce0000 - 0x00007ff9a9eb6000 	C:\WINDOWS\SYSTEM32\urlmon.dll
0x00007ff9a4690000 - 0x00007ff9a4936000 	C:\WINDOWS\SYSTEM32\iertutil.dll
0x00007ff9b2450000 - 0x00007ff9b245c000 	C:\WINDOWS\SYSTEM32\CRYPTBASE.DLL
0x00007ff9b2280000 - 0x00007ff9b22e7000 	C:\WINDOWS\system32\mswsock.dll
0x00007ff9a7cf0000 - 0x00007ff9a7d03000 	C:\Program Files\Java\jdk-11.0.4\bin\nio.dll
0x00007ff9abcb0000 - 0x00007ff9abcb9000 	C:\Program Files\Java\jdk-11.0.4\bin\management.dll
0x00007ff9aba10000 - 0x00007ff9aba1c000 	C:\Program Files\Java\jdk-11.0.4\bin\management_ext.dll
0x00007ff996210000 - 0x00007ff996226000 	C:\WINDOWS\system32\napinsp.dll
0x00007ff9961c0000 - 0x00007ff9961da000 	C:\WINDOWS\system32\pnrpnsp.dll
0x00007ff9b1fb0000 - 0x00007ff9b207a000 	C:\WINDOWS\SYSTEM32\DNSAPI.dll
0x00007ff9b3d10000 - 0x00007ff9b3d18000 	C:\WINDOWS\System32\NSI.dll
0x00007ff9b1f70000 - 0x00007ff9b1faa000 	C:\WINDOWS\SYSTEM32\IPHLPAPI.DLL
0x00007ff995650000 - 0x00007ff99565e000 	C:\WINDOWS\System32\winrnr.dll
0x00007ff9af210000 - 0x00007ff9af22c000 	C:\WINDOWS\system32\NLAapi.dll
0x00007ff9add00000 - 0x00007ff9add15000 	C:\WINDOWS\system32\wshbth.dll
0x00007ff9a3dd0000 - 0x00007ff9a3dda000 	C:\Windows\System32\rasadhlp.dll
0x00007ff9a55b0000 - 0x00007ff9a5627000 	C:\WINDOWS\System32\fwpuclnt.dll
0x00007ff9b3a60000 - 0x00007ff9b3a86000 	C:\WINDOWS\System32\bcrypt.dll
0x00007ff9b1dc0000 - 0x00007ff9b1df3000 	C:\WINDOWS\system32\rsaenh.dll
0x00007ff9b2900000 - 0x00007ff9b2925000 	C:\WINDOWS\SYSTEM32\USERENV.dll
0x00007ff9a5630000 - 0x00007ff9a5646000 	C:\WINDOWS\SYSTEM32\dhcpcsvc6.DLL
0x00007ff9a5730000 - 0x00007ff9a574c000 	C:\WINDOWS\SYSTEM32\dhcpcsvc.DLL

dbghelp: loaded successfully - version: 4.0.5 - missing functions: none
symbol engine: initialized successfully - sym options: 0x614 - pdb path: .;C:\Program Files\Java\jdk-11.0.4\bin;C:\WINDOWS\SYSTEM32;C:\Program Files\AVAST Software\Avast;C:\WINDOWS\WinSxS\amd64_microsoft.windows.common-controls_6595b64144ccf1df_6.0.18362.356_none_e6c4af7d130f27cc;C:\Program Files\Java\jdk-11.0.4\bin\server

VM Arguments:
jvm_args: -Dcom.sun.management.jmxremote -Dcom.sun.management.jmxremote.port=61969 -Dcom.sun.management.jmxremote.authenticate=false -Dcom.sun.management.jmxremote.ssl=false -Djava.rmi.server.hostname=localhost -Dspring.jmx.enabled=true -Dspring.application.admin.enabled=true -Xverify:none -XX:TieredStopAtLevel=1 -Dfile.encoding=UTF-8 
java_command: com.esd.cursomc.CursomcApplication --spring.output.ansi.enabled=always
java_class_path (initial): C:\ws-sts\cursomc\target\classes;C:\Users\elton\.m2\repository\org\springframework\boot\spring-boot-starter-web\2.1.8.RELEASE\spring-boot-starter-web-2.1.8.RELEASE.jar;C:\Users\elton\.m2\repository\org\springframework\boot\spring-boot-starter\2.1.8.RELEASE\spring-boot-starter-2.1.8.RELEASE.jar;C:\Users\elton\.m2\repository\org\springframework\boot\spring-boot-starter-logging\2.1.8.RELEASE\spring-boot-starter-logging-2.1.8.RELEASE.jar;C:\Users\elton\.m2\repository\ch\qos\logback\logback-classic\1.2.3\logback-classic-1.2.3.jar;C:\Users\elton\.m2\repository\ch\qos\logback\logback-core\1.2.3\logback-core-1.2.3.jar;C:\Users\elton\.m2\repository\org\apache\logging\log4j\log4j-to-slf4j\2.11.2\log4j-to-slf4j-2.11.2.jar;C:\Users\elton\.m2\repository\org\apache\logging\log4j\log4j-api\2.11.2\log4j-api-2.11.2.jar;C:\Users\elton\.m2\repository\org\slf4j\jul-to-slf4j\1.7.28\jul-to-slf4j-1.7.28.jar;C:\Users\elton\.m2\repository\javax\annotation\javax.annotation-api\1.3.2\javax.annotation-api-1.3.2.jar;C:\Users\elton\.m2\repository\org\yaml\snakeyaml\1.23\snakeyaml-1.23.jar;C:\Users\elton\.m2\repository\org\springframework\boot\spring-boot-starter-json\2.1.8.RELEASE\spring-boot-starter-json-2.1.8.RELEASE.jar;C:\Users\elton\.m2\repository\com\fasterxml\jackson\datatype\jackson-datatype-jdk8\2.9.9\jackson-datatype-jdk8-2.9.9.jar;C:\Users\elton\.m2\repository\com\fasterxml\jackson\datatype\jackson-datatype-jsr310\2.9.9\jackson-datatype-jsr310-2.9.9.jar;C:\Users\elton\.m2\repository\com\fasterxml\jackson\module\jackson-module-parameter-names\2.9.9\jackson-module-parameter-names-2.9.9.jar;C:\Users\elton\.m2\repository\org\springframework\boot\spring-boot-starter-tomcat\2.1.8.RELEASE\spring-boot-starter-tomcat-2.1.8.RELEASE.jar;C:\Users\elton\.m2\repository\org\apache\tomcat\embed\tomcat-embed-core\9.0.24\tomcat-embed-core-9.0.24.jar;C:\Users\elton\.m2\repository\org\apache\tomcat\embed\tomcat-embed-el\9.0.24\tomcat-embed-el-9.0.24.jar;C:\Users\elton\.m2\rep
Launcher Type: SUN_STANDARD

[Global flags]
     bool BytecodeVerificationLocal                = false                                     {product} {command line}
     bool BytecodeVerificationRemote               = false                                     {product} {command line}
     intx CICompilerCount                          = 4                                         {product} {ergonomic}
     uint ConcGCThreads                            = 3                                         {product} {ergonomic}
     uint G1ConcRefinementThreads                  = 10                                        {product} {ergonomic}
   size_t G1HeapRegionSize                         = 1048576                                   {product} {ergonomic}
    uintx GCDrainStackTargetSize                   = 64                                        {product} {ergonomic}
   size_t InitialHeapSize                          = 266338304                                 {product} {ergonomic}
     bool ManagementServer                         = true                                      {product} {command line}
   size_t MarkStackSize                            = 4194304                                   {product} {ergonomic}
   size_t MaxHeapSize                              = 4242538496                                {product} {ergonomic}
   size_t MaxNewSize                               = 2544893952                                {product} {ergonomic}
   size_t MinHeapDeltaBytes                        = 1048576                                   {product} {ergonomic}
    uintx NonNMethodCodeHeapSize                   = 7549744                                {pd product} {ergonomic}
    uintx NonProfiledCodeHeapSize                  = 244108496                              {pd product} {ergonomic}
    uintx ProfiledCodeHeapSize                     = 0                                      {pd product} {ergonomic}
    uintx ReservedCodeCacheSize                    = 251658240                              {pd product} {ergonomic}
     bool SegmentedCodeCache                       = true                                      {product} {ergonomic}
     intx TieredStopAtLevel                        = 1                                         {product} {command line}
     bool UseCompressedClassPointers               = true                                 {lp64_product} {ergonomic}
     bool UseCompressedOops                        = true                                 {lp64_product} {ergonomic}
     bool UseG1GC                                  = true                                      {product} {ergonomic}
     bool UseLargePagesIndividualAllocation        = false                                  {pd product} {ergonomic}

Logging:
Log output configuration:
 #0: stdout all=warning uptime,level,tags
 #1: stderr all=off uptime,level,tags

Environment Variables:
JAVA_HOME=C:\Program Files\Java\jdk-11.0.4
PATH=C:/Program Files/Java/jdk-11.0.4/bin/server;C:/Program Files/Java/jdk-11.0.4/bin;C:\Windows\system32;C:\Windows;C:\Windows\System32\Wbem;C:\Windows\System32\WindowsPowerShell\v1.0\;C:\Windows\System32\OpenSSH\;C:\Program Files (x86)\NVIDIA Corporation\PhysX\Common;C:\Program Files\Microsoft SQL Server\120\Tools\Binn\;C:\Program Files\Common Files\Autodesk Shared\;C:\Program Files\dotnet\;C:\Program Files\Microsoft SQL Server\130\Tools\Binn\;C:\Program Files\VDownloader;C:\Program Files\Java\jdk-11.0.4\bin;C:\Program Files (x86)\Intel\Intel(R) Management Engine Components\DAL;C:\Program Files\Intel\Intel(R) Management Engine Components\DAL;C:\WINDOWS\system32;C:\WINDOWS;C:\WINDOWS\System32\Wbem;C:\WINDOWS\System32\WindowsPowerShell\v1.0\;C:\WINDOWS\System32\OpenSSH\;C:\Program Files\MongoDB\Server\4.2\bin;C:\xampp\mysql\bin;C:\Program Files\MySQL\MySQL Shell 8.0\bin\;C:\Users\elton\AppData\Local\Microsoft\WindowsApps;C:\Program Files\heroku\bin;C:\sts-4.3.2.RELEASE;
USERNAME=elton
OS=Windows_NT
PROCESSOR_IDENTIFIER=Intel64 Family 6 Model 158 Stepping 10, GenuineIntel



---------------  S Y S T E M  ---------------

OS: Windows 10 , 64 bit Build 18362 (10.0.18362.329)

CPU:total 12 (initial active 12) (6 cores per cpu, 2 threads per core) family 6 model 158 stepping 10, cmov, cx8, fxsr, mmx, sse, sse2, sse3, ssse3, sse4.1, sse4.2, popcnt, avx, avx2, aes, clmul, erms, 3dnowpref, lzcnt, ht, tsc, tscinvbit, bmi1, bmi2, adx, fma

Memory: 4k page, system-wide physical 16178M (5523M free)
TotalPageFile size 22578M (AvailPageFile size 5324M)
current process WorkingSet (physical memory assigned to process): 101M, peak: 101M
current process commit charge ("private bytes"): 367M, peak: 367M

vm_info: Java HotSpot(TM) 64-Bit Server VM (11.0.4+10-LTS) for windows-amd64 JRE (11.0.4+10-LTS), built on Jul  4 2019 16:28:13 by "mach5one" with MS VC++ 15.5 (VS2017)

END.
