#
# A fatal error has been detected by the Java Runtime Environment:
#
#  EXCEPTION_ACCESS_VIOLATION (0xc0000005) at pc=0x00007ffc925456f6, pid=21152, tid=12704
#
# JRE version: Java(TM) SE Runtime Environment (11.0.4+10) (build 11.0.4+10-LTS)
# Java VM: Java HotSpot(TM) 64-Bit Server VM (11.0.4+10-LTS, mixed mode, tiered, compressed oops, g1 gc, windows-amd64)
# Problematic frame:
# V  [jvm.dll+0x6256f6]
#
# No core dump will be written. Minidumps are not enabled by default on client versions of Windows
#
# If you would like to submit a bug report, please visit:
#   http://bugreport.java.com/bugreport/crash.jsp
#

---------------  S U M M A R Y ------------

Command Line: -Dcom.sun.management.jmxremote -Dcom.sun.management.jmxremote.port=53178 -Dcom.sun.management.jmxremote.authenticate=false -Dcom.sun.management.jmxremote.ssl=false -Djava.rmi.server.hostname=localhost -Dspring.jmx.enabled=true -Dspring.application.admin.enabled=true -Xverify:none -XX:TieredStopAtLevel=1 -Dfile.encoding=UTF-8 com.esd.cursomc.CursomcApplication --spring.output.ansi.enabled=always

Host: Intel(R) Core(TM) i7-8750H CPU @ 2.20GHz, 12 cores, 15G,  Windows 10 , 64 bit Build 18362 (10.0.18362.329)
Time: Tue Oct  8 09:49:40 2019 Hora oficial do Brasil elapsed time: 1 seconds (0d 0h 0m 1s)

---------------  T H R E A D  ---------------

Current thread (0x0000023957751000):  GCTaskThread "GC Thread#2" [stack: 0x000000eebe900000,0x000000eebea00000] [id=12704]

Stack: [0x000000eebe900000,0x000000eebea00000],  sp=0x000000eebe9fde00,  free space=1015k
Native frames: (J=compiled Java code, j=interpreted, Vv=VM code, C=native code)
V  [jvm.dll+0x6256f6]
V  [jvm.dll+0x5ea5c9]
V  [jvm.dll+0x2e2ba5]
V  [jvm.dll+0x2e2629]
V  [jvm.dll+0x736717]
V  [jvm.dll+0x736b80]
V  [jvm.dll+0x329e95]
V  [jvm.dll+0x329998]
V  [jvm.dll+0x2f5b90]
V  [jvm.dll+0x7a5690]
V  [jvm.dll+0x634c82]
C  [ucrtbase.dll+0x1d9f2]
C  [KERNEL32.DLL+0x17bd4]
C  [ntdll.dll+0x6cee1]

JavaThread 0x00000239568c4000 (nid = 23468) was being processed
Java frames: (J=compiled Java code, j=interpreted, Vv=VM code)
j  java.lang.Object.wait(J)V+0 java.base@11.0.4
j  java.lang.ref.ReferenceQueue.remove(J)Ljava/lang/ref/Reference;+59 java.base@11.0.4
j  jdk.internal.ref.CleanerImpl.run()V+65 java.base@11.0.4
j  java.lang.Thread.run()V+11 java.base@11.0.4
j  jdk.internal.misc.InnocuousThread.run()V+20 java.base@11.0.4
v  ~StubRoutines::call_stub

siginfo: EXCEPTION_ACCESS_VIOLATION (0xc0000005), reading address 0x000000040000001b


Register to memory mapping:

RIP=0x00007ffc925456f6 jvm.dll
RAX=0x0000000400000003 is an unknown value
RBX=0x0000000000000703 is an unknown value
RCX=0x0000000000000003 is an unknown value
RDX=0x000000eebe9fde90 points into unknown readable memory: a0 d1 f4 55 39 02 00 00
RSP=0x000000eebe9fde00 points into unknown readable memory: c0 00 00 00 00 00 00 00
RBP=0x000000000000003b is an unknown value
RSI={method} {0x0000023955f4d1a8} 'remove' '(J)Ljava/lang/ref/Reference;' in 'java/lang/ref/ReferenceQueue'
RDI=0x0000000000000703 is an unknown value
R8 =0x000000000000003b is an unknown value
R9 =0x000000eebe9fdfa8 points into unknown readable memory: 00 00 00 00 00 00 00 00
R10=0x0000023955f4d068 is pointing into metadata
R11=0x000000eebe9fe028 points into unknown readable memory: 29 26 20 92 fc 7f 00 00
R12=0x000000eebe9fdfa8 points into unknown readable memory: 00 00 00 00 00 00 00 00
R13=0x00000000000003d8 is an unknown value
R14=0x0000023957740740 points into unknown readable memory: 03 00 00 00 04 00 00 00
R15=0x000000eebe9fde90 points into unknown readable memory: a0 d1 f4 55 39 02 00 00


Registers:
RAX=0x0000000400000003, RBX=0x0000000000000703, RCX=0x0000000000000003, RDX=0x000000eebe9fde90
RSP=0x000000eebe9fde00, RBP=0x000000000000003b, RSI=0x0000023955f4d1a0, RDI=0x0000000000000703
R8 =0x000000000000003b, R9 =0x000000eebe9fdfa8, R10=0x0000023955f4d068, R11=0x000000eebe9fe028
R12=0x000000eebe9fdfa8, R13=0x00000000000003d8, R14=0x0000023957740740, R15=0x000000eebe9fde90
RIP=0x00007ffc925456f6, EFLAGS=0x0000000000010206

Top of Stack: (sp=0x000000eebe9fde00)
0x000000eebe9fde00:   00000000000000c0 0000023955e00cc8
0x000000eebe9fde10:   000000eebe9fdfa8 000000eebe9fde90
0x000000eebe9fde20:   0000000000000009 00000239577f7788
0x000000eebe9fde30:   0000023957a140d0 0000023957a14058
0x000000eebe9fde40:   000000000000003b 000000000000003b
0x000000eebe9fde50:   0000023955f4d1a0 000000eebe9fdfb0
0x000000eebe9fde60:   000000eebe9fdfa8 00007ffc9250a5c9
0x000000eebe9fde70:   000000eebe9fdfa8 000000eebe9fdfb0
0x000000eebe9fde80:   0000023955f4d1a0 000000eebe9fdfa8
0x000000eebe9fde90:   0000023955f4d1a0 0000023957751000
0x000000eebe9fdea0:   0000023957a140d0 00007ffc92202ba5
0x000000eebe9fdeb0:   000000eebe9fe170 000000eebe9fe140
0x000000eebe9fdec0:   000000eebe9fdfb0 0000023957a140d0
0x000000eebe9fded0:   0000000703f24701 0000023955f4d1a0
0x000000eebe9fdee0:   0000023957751000 000002390000000a
0x000000eebe9fdef0:   0000023957751000 0000000000000fdd 

Instructions: (pc=0x00007ffc925456f6)
0x00007ffc925456d6:   24 70 48 89 77 10 8b fb 66 90 8b c7 25 1f 00 00
0x00007ffc925456e6:   80 7d 07 ff c8 83 c8 e0 ff c0 48 63 c8 49 8b 06
0x00007ffc925456f6:   48 8b 14 c8 48 85 d2 74 15 48 8b 02 48 85 c0 74
0x00007ffc92545706:   0d 49 3b 07 75 08 0f b7 42 08 3b c5 74 79 ff c7 


Stack slot to memory mapping:
stack at sp + 0 slots: 0x00000000000000c0 is an unknown value
stack at sp + 1 slots: {method} {0x0000023955e00cd0} 'wait' '(J)V' in 'java/lang/Object'
stack at sp + 2 slots: 0x000000eebe9fdfa8 points into unknown readable memory: 00 00 00 00 00 00 00 00
stack at sp + 3 slots: 0x000000eebe9fde90 points into unknown readable memory: a0 d1 f4 55 39 02 00 00
stack at sp + 4 slots: 0x0000000000000009 is an unknown value
stack at sp + 5 slots: 0x00000239577f7788 points into unknown readable memory: 74 68 6f 64 20 6f 72 67
stack at sp + 6 slots: 0x0000023957a140d0 points into unknown readable memory: d0 1b 7a 92 fc 7f 00 00
stack at sp + 7 slots: 0x0000023957a14058 points into unknown readable memory: e0 1b 7a 92 fc 7f 00 00


---------------  P R O C E S S  ---------------

Threads class SMR info:
_java_thread_list=0x00000239578ddbd0, length=15, elements={
0x000002393217e800, 0x0000023955dfe000, 0x00000239566aa800, 0x0000023956702800,
0x0000023956704000, 0x000002395670f000, 0x0000023956719800, 0x00000239568c4000,
0x00000239568d0000, 0x00000239568d1000, 0x0000023956944800, 0x000002395775a800,
0x0000023957771800, 0x00000239574d1800, 0x00000239578e6800
}

Java Threads: ( => current thread )
  0x000002393217e800 JavaThread "main" [_thread_blocked, id=1076, stack(0x000000eebd500000,0x000000eebd600000)]
  0x0000023955dfe000 JavaThread "Reference Handler" daemon [_thread_blocked, id=30644, stack(0x000000eebdc00000,0x000000eebdd00000)]
  0x00000239566aa800 JavaThread "Finalizer" daemon [_thread_blocked, id=24528, stack(0x000000eebdd00000,0x000000eebde00000)]
  0x0000023956702800 JavaThread "Signal Dispatcher" daemon [_thread_blocked, id=12092, stack(0x000000eebde00000,0x000000eebdf00000)]
  0x0000023956704000 JavaThread "Attach Listener" daemon [_thread_blocked, id=29024, stack(0x000000eebdf00000,0x000000eebe000000)]
  0x000002395670f000 JavaThread "C1 CompilerThread0" daemon [_thread_blocked, id=4644, stack(0x000000eebe000000,0x000000eebe100000)]
  0x0000023956719800 JavaThread "Sweeper thread" daemon [_thread_blocked, id=23724, stack(0x000000eebe100000,0x000000eebe200000)]
  0x00000239568c4000 JavaThread "Common-Cleaner" daemon [_thread_blocked, id=23468, stack(0x000000eebe200000,0x000000eebe300000)]
  0x00000239568d0000 JavaThread "C1 CompilerThread1" daemon [_thread_blocked, id=12420, stack(0x000000eebe300000,0x000000eebe400000)]
  0x00000239568d1000 JavaThread "C1 CompilerThread2" daemon [_thread_blocked, id=31168, stack(0x000000eebe400000,0x000000eebe500000)]
  0x0000023956944800 JavaThread "Service Thread" daemon [_thread_blocked, id=412, stack(0x000000eebe500000,0x000000eebe600000)]
  0x000002395775a800 JavaThread "RMI TCP Accept-0" daemon [_thread_in_native, id=23472, stack(0x000000eebe600000,0x000000eebe700000)]
  0x0000023957771800 JavaThread "RMI TCP Accept-53178" daemon [_thread_blocked, id=19964, stack(0x000000eebe700000,0x000000eebe800000)]
  0x00000239574d1800 JavaThread "RMI TCP Accept-0" daemon [_thread_in_native, id=19584, stack(0x000000eebee00000,0x000000eebef00000)]
  0x00000239578e6800 JavaThread "C1 CompilerThread3" daemon [_thread_blocked, id=16876, stack(0x000000eebf000000,0x000000eebf100000)]

Other Threads:
  0x0000023955df8000 VMThread "VM Thread" [stack: 0x000000eebdb00000,0x000000eebdc00000] [id=16684]
  0x0000023957835800 WatcherThread [stack: 0x000000eebef00000,0x000000eebf000000] [id=22552]
  0x0000023932193800 GCTaskThread "GC Thread#0" [stack: 0x000000eebd600000,0x000000eebd700000] [id=8804]
  0x0000023957773800 GCTaskThread "GC Thread#1" [stack: 0x000000eebe800000,0x000000eebe900000] [id=25556]
=>0x0000023957751000 GCTaskThread "GC Thread#2" [stack: 0x000000eebe900000,0x000000eebea00000] [id=12704]
  0x0000023957810800 GCTaskThread "GC Thread#3" [stack: 0x000000eebea00000,0x000000eebeb00000] [id=17908]
  0x0000023957811000 GCTaskThread "GC Thread#4" [stack: 0x000000eebeb00000,0x000000eebec00000] [id=17376]
  0x0000023957811800 GCTaskThread "GC Thread#5" [stack: 0x000000eebec00000,0x000000eebed00000] [id=27728]
  0x00000239321f2800 ConcurrentGCThread "G1 Main Marker" [stack: 0x000000eebd700000,0x000000eebd800000] [id=24276]
  0x00000239321f4000 ConcurrentGCThread "G1 Conc#0" [stack: 0x000000eebd800000,0x000000eebd900000] [id=29076]
  0x0000023955cde800 ConcurrentGCThread "G1 Refine#0" [stack: 0x000000eebd900000,0x000000eebda00000] [id=15732]
  0x0000023956947000 ConcurrentGCThread "G1 Refine#1" [stack: 0x000000eebed00000,0x000000eebee00000] [id=8848]
  0x0000023955ce1000 ConcurrentGCThread "G1 Young RemSet Sampling" [stack: 0x000000eebda00000,0x000000eebdb00000] [id=26588]

Threads with active compile tasks:

VM state:at safepoint (normal execution)

VM Mutex/Monitor currently owned by a thread:  ([mutex/lock_event])
[0x000002393217c950] Threads_lock - owner thread: 0x0000023955df8000
[0x000002393217b480] Heap_lock - owner thread: 0x000002393217e800

Heap address: 0x0000000703200000, size: 4046 MB, Compressed Oops mode: Zero based, Oop shift amount: 3
Narrow klass base: 0x0000000800000000, Narrow klass shift: 0
Compressed class space size: 1073741824 Address: 0x0000000800000000

Heap:
 garbage-first heap   total 260096K, used 32843K [0x0000000703200000, 0x0000000800000000)
  region size 1024K, 18 young (18432K), 2 survivors (2048K)
 Metaspace       used 14270K, capacity 14697K, committed 14720K, reserved 1062912K
  class space    used 1516K, capacity 1649K, committed 1664K, reserved 1048576K
Heap Regions: E=young(eden), S=young(survivor), O=old, HS=humongous(starts), HC=humongous(continues), CS=collection set, F=free, A=archive, TAMS=top-at-mark-start (previous, next)
|   0|0x0000000703200000, 0x0000000703300000, 0x0000000703300000|100%|HS|  |TAMS 0x0000000703200000, 0x0000000703200000| Complete 
|   1|0x0000000703300000, 0x0000000703400000, 0x0000000703400000|100%| O|  |TAMS 0x0000000703300000, 0x0000000703300000| Untracked 
|   2|0x0000000703400000, 0x0000000703500000, 0x0000000703500000|100%| O|  |TAMS 0x0000000703400000, 0x0000000703400000| Untracked 
|   3|0x0000000703500000, 0x0000000703600000, 0x0000000703600000|100%| O|  |TAMS 0x0000000703500000, 0x0000000703500000| Untracked 
|   4|0x0000000703600000, 0x0000000703700000, 0x0000000703700000|100%| O|  |TAMS 0x0000000703600000, 0x0000000703600000| Untracked 
|   5|0x0000000703700000, 0x0000000703800000, 0x0000000703800000|100%| O|  |TAMS 0x0000000703700000, 0x0000000703700000| Untracked 
|   6|0x0000000703800000, 0x0000000703900000, 0x0000000703900000|100%| O|  |TAMS 0x0000000703800000, 0x0000000703800000| Untracked 
|   7|0x0000000703900000, 0x0000000703a00000, 0x0000000703a00000|100%| O|  |TAMS 0x0000000703900000, 0x0000000703900000| Untracked 
|   8|0x0000000703a00000, 0x0000000703b00000, 0x0000000703b00000|100%| O|  |TAMS 0x0000000703a00000, 0x0000000703a00000| Untracked 
|   9|0x0000000703b00000, 0x0000000703c00000, 0x0000000703c00000|100%| O|  |TAMS 0x0000000703b00000, 0x0000000703b00000| Untracked 
|  10|0x0000000703c00000, 0x0000000703d00000, 0x0000000703d00000|100%| O|  |TAMS 0x0000000703c00000, 0x0000000703c00000| Untracked 
|  11|0x0000000703d00000, 0x0000000703e00000, 0x0000000703e00000|100%| O|  |TAMS 0x0000000703d00000, 0x0000000703d00000| Untracked 
|  12|0x0000000703e00000, 0x0000000703f00000, 0x0000000703f00000|100%| O|  |TAMS 0x0000000703e00000, 0x0000000703e00000| Untracked 
|  13|0x0000000703f00000, 0x0000000704000000, 0x0000000704000000|100%| O|  |TAMS 0x0000000703f00000, 0x0000000703f00000| Untracked 
|  14|0x0000000704000000, 0x0000000704100000, 0x0000000704100000|100%| O|  |TAMS 0x0000000704000000, 0x0000000704000000| Untracked 
|  15|0x0000000704100000, 0x0000000704200000, 0x0000000704200000|100%| O|  |TAMS 0x0000000704100000, 0x0000000704100000| Untracked 
|  16|0x0000000704200000, 0x0000000704221700, 0x0000000704300000| 13%| O|  |TAMS 0x0000000704200000, 0x0000000704200000| Untracked 
|  17|0x0000000704300000, 0x0000000704300000, 0x0000000704400000|  0%| F|  |TAMS 0x0000000704300000, 0x0000000704300000| Untracked 
|  18|0x0000000704400000, 0x0000000704400000, 0x0000000704500000|  0%| F|  |TAMS 0x0000000704400000, 0x0000000704400000| Untracked 
|  19|0x0000000704500000, 0x0000000704500000, 0x0000000704600000|  0%| F|  |TAMS 0x0000000704500000, 0x0000000704500000| Untracked 
|  20|0x0000000704600000, 0x0000000704600000, 0x0000000704700000|  0%| F|  |TAMS 0x0000000704600000, 0x0000000704600000| Untracked 
|  21|0x0000000704700000, 0x0000000704700000, 0x0000000704800000|  0%| F|  |TAMS 0x0000000704700000, 0x0000000704700000| Untracked 
|  22|0x0000000704800000, 0x0000000704800000, 0x0000000704900000|  0%| F|  |TAMS 0x0000000704800000, 0x0000000704800000| Untracked 
|  23|0x0000000704900000, 0x0000000704900000, 0x0000000704a00000|  0%| F|  |TAMS 0x0000000704900000, 0x0000000704900000| Untracked 
|  24|0x0000000704a00000, 0x0000000704a00000, 0x0000000704b00000|  0%| F|  |TAMS 0x0000000704a00000, 0x0000000704a00000| Untracked 
|  25|0x0000000704b00000, 0x0000000704b00000, 0x0000000704c00000|  0%| F|  |TAMS 0x0000000704b00000, 0x0000000704b00000| Untracked 
|  26|0x0000000704c00000, 0x0000000704c00000, 0x0000000704d00000|  0%| F|  |TAMS 0x0000000704c00000, 0x0000000704c00000| Untracked 
|  27|0x0000000704d00000, 0x0000000704d00000, 0x0000000704e00000|  0%| F|  |TAMS 0x0000000704d00000, 0x0000000704d00000| Untracked 
|  28|0x0000000704e00000, 0x0000000704e00000, 0x0000000704f00000|  0%| F|  |TAMS 0x0000000704e00000, 0x0000000704e00000| Untracked 
|  29|0x0000000704f00000, 0x0000000704f00000, 0x0000000705000000|  0%| F|  |TAMS 0x0000000704f00000, 0x0000000704f00000| Untracked 
|  30|0x0000000705000000, 0x0000000705000000, 0x0000000705100000|  0%| F|  |TAMS 0x0000000705000000, 0x0000000705000000| Untracked 
|  31|0x0000000705100000, 0x0000000705100000, 0x0000000705200000|  0%| F|  |TAMS 0x0000000705100000, 0x0000000705100000| Untracked 
|  32|0x0000000705200000, 0x0000000705200000, 0x0000000705300000|  0%| F|  |TAMS 0x0000000705200000, 0x0000000705200000| Untracked 
|  33|0x0000000705300000, 0x0000000705300000, 0x0000000705400000|  0%| F|  |TAMS 0x0000000705300000, 0x0000000705300000| Untracked 
|  34|0x0000000705400000, 0x0000000705400000, 0x0000000705500000|  0%| F|  |TAMS 0x0000000705400000, 0x0000000705400000| Untracked 
|  35|0x0000000705500000, 0x0000000705500000, 0x0000000705600000|  0%| F|  |TAMS 0x0000000705500000, 0x0000000705500000| Untracked 
|  36|0x0000000705600000, 0x0000000705600000, 0x0000000705700000|  0%| F|  |TAMS 0x0000000705600000, 0x0000000705600000| Untracked 
|  37|0x0000000705700000, 0x0000000705700000, 0x0000000705800000|  0%| F|  |TAMS 0x0000000705700000, 0x0000000705700000| Untracked 
|  38|0x0000000705800000, 0x0000000705800000, 0x0000000705900000|  0%| F|  |TAMS 0x0000000705800000, 0x0000000705800000| Untracked 
|  39|0x0000000705900000, 0x0000000705900000, 0x0000000705a00000|  0%| F|  |TAMS 0x0000000705900000, 0x0000000705900000| Untracked 
|  40|0x0000000705a00000, 0x0000000705a00000, 0x0000000705b00000|  0%| F|  |TAMS 0x0000000705a00000, 0x0000000705a00000| Untracked 
|  41|0x0000000705b00000, 0x0000000705b00000, 0x0000000705c00000|  0%| F|  |TAMS 0x0000000705b00000, 0x0000000705b00000| Untracked 
|  42|0x0000000705c00000, 0x0000000705c00000, 0x0000000705d00000|  0%| F|  |TAMS 0x0000000705c00000, 0x0000000705c00000| Untracked 
|  43|0x0000000705d00000, 0x0000000705d00000, 0x0000000705e00000|  0%| F|  |TAMS 0x0000000705d00000, 0x0000000705d00000| Untracked 
|  44|0x0000000705e00000, 0x0000000705e00000, 0x0000000705f00000|  0%| F|  |TAMS 0x0000000705e00000, 0x0000000705e00000| Untracked 
|  45|0x0000000705f00000, 0x0000000705f00000, 0x0000000706000000|  0%| F|  |TAMS 0x0000000705f00000, 0x0000000705f00000| Untracked 
|  46|0x0000000706000000, 0x0000000706000000, 0x0000000706100000|  0%| F|  |TAMS 0x0000000706000000, 0x0000000706000000| Untracked 
|  47|0x0000000706100000, 0x0000000706100000, 0x0000000706200000|  0%| F|  |TAMS 0x0000000706100000, 0x0000000706100000| Untracked 
|  48|0x0000000706200000, 0x0000000706200000, 0x0000000706300000|  0%| F|  |TAMS 0x0000000706200000, 0x0000000706200000| Untracked 
|  49|0x0000000706300000, 0x0000000706300000, 0x0000000706400000|  0%| F|  |TAMS 0x0000000706300000, 0x0000000706300000| Untracked 
|  50|0x0000000706400000, 0x0000000706400000, 0x0000000706500000|  0%| F|  |TAMS 0x0000000706400000, 0x0000000706400000| Untracked 
|  51|0x0000000706500000, 0x0000000706500000, 0x0000000706600000|  0%| F|  |TAMS 0x0000000706500000, 0x0000000706500000| Untracked 
|  52|0x0000000706600000, 0x0000000706600000, 0x0000000706700000|  0%| F|  |TAMS 0x0000000706600000, 0x0000000706600000| Untracked 
|  53|0x0000000706700000, 0x0000000706700000, 0x0000000706800000|  0%| F|  |TAMS 0x0000000706700000, 0x0000000706700000| Untracked 
|  54|0x0000000706800000, 0x0000000706800000, 0x0000000706900000|  0%| F|  |TAMS 0x0000000706800000, 0x0000000706800000| Untracked 
|  55|0x0000000706900000, 0x0000000706900000, 0x0000000706a00000|  0%| F|  |TAMS 0x0000000706900000, 0x0000000706900000| Untracked 
|  56|0x0000000706a00000, 0x0000000706a00000, 0x0000000706b00000|  0%| F|  |TAMS 0x0000000706a00000, 0x0000000706a00000| Untracked 
|  57|0x0000000706b00000, 0x0000000706b00000, 0x0000000706c00000|  0%| F|  |TAMS 0x0000000706b00000, 0x0000000706b00000| Untracked 
|  58|0x0000000706c00000, 0x0000000706c00000, 0x0000000706d00000|  0%| F|  |TAMS 0x0000000706c00000, 0x0000000706c00000| Untracked 
|  59|0x0000000706d00000, 0x0000000706d00000, 0x0000000706e00000|  0%| F|  |TAMS 0x0000000706d00000, 0x0000000706d00000| Untracked 
|  60|0x0000000706e00000, 0x0000000706e00000, 0x0000000706f00000|  0%| F|  |TAMS 0x0000000706e00000, 0x0000000706e00000| Untracked 
|  61|0x0000000706f00000, 0x0000000706f00000, 0x0000000707000000|  0%| F|  |TAMS 0x0000000706f00000, 0x0000000706f00000| Untracked 
|  62|0x0000000707000000, 0x0000000707000000, 0x0000000707100000|  0%| F|  |TAMS 0x0000000707000000, 0x0000000707000000| Untracked 
|  63|0x0000000707100000, 0x0000000707100000, 0x0000000707200000|  0%| F|  |TAMS 0x0000000707100000, 0x0000000707100000| Untracked 
|  64|0x0000000707200000, 0x0000000707200000, 0x0000000707300000|  0%| F|  |TAMS 0x0000000707200000, 0x0000000707200000| Untracked 
|  65|0x0000000707300000, 0x0000000707300000, 0x0000000707400000|  0%| F|  |TAMS 0x0000000707300000, 0x0000000707300000| Untracked 
|  66|0x0000000707400000, 0x0000000707400000, 0x0000000707500000|  0%| F|  |TAMS 0x0000000707400000, 0x0000000707400000| Untracked 
|  67|0x0000000707500000, 0x0000000707500000, 0x0000000707600000|  0%| F|  |TAMS 0x0000000707500000, 0x0000000707500000| Untracked 
|  68|0x0000000707600000, 0x0000000707600000, 0x0000000707700000|  0%| F|  |TAMS 0x0000000707600000, 0x0000000707600000| Untracked 
|  69|0x0000000707700000, 0x0000000707700000, 0x0000000707800000|  0%| F|  |TAMS 0x0000000707700000, 0x0000000707700000| Untracked 
|  70|0x0000000707800000, 0x0000000707800000, 0x0000000707900000|  0%| F|  |TAMS 0x0000000707800000, 0x0000000707800000| Untracked 
|  71|0x0000000707900000, 0x0000000707900000, 0x0000000707a00000|  0%| F|  |TAMS 0x0000000707900000, 0x0000000707900000| Untracked 
|  72|0x0000000707a00000, 0x0000000707a00000, 0x0000000707b00000|  0%| F|  |TAMS 0x0000000707a00000, 0x0000000707a00000| Untracked 
|  73|0x0000000707b00000, 0x0000000707b00000, 0x0000000707c00000|  0%| F|  |TAMS 0x0000000707b00000, 0x0000000707b00000| Untracked 
|  74|0x0000000707c00000, 0x0000000707c00000, 0x0000000707d00000|  0%| F|  |TAMS 0x0000000707c00000, 0x0000000707c00000| Untracked 
|  75|0x0000000707d00000, 0x0000000707d00000, 0x0000000707e00000|  0%| F|  |TAMS 0x0000000707d00000, 0x0000000707d00000| Untracked 
|  76|0x0000000707e00000, 0x0000000707e00000, 0x0000000707f00000|  0%| F|  |TAMS 0x0000000707e00000, 0x0000000707e00000| Untracked 
|  77|0x0000000707f00000, 0x0000000707f00000, 0x0000000708000000|  0%| F|  |TAMS 0x0000000707f00000, 0x0000000707f00000| Untracked 
|  78|0x0000000708000000, 0x0000000708000000, 0x0000000708100000|  0%| F|  |TAMS 0x0000000708000000, 0x0000000708000000| Untracked 
|  79|0x0000000708100000, 0x0000000708100000, 0x0000000708200000|  0%| F|  |TAMS 0x0000000708100000, 0x0000000708100000| Untracked 
|  80|0x0000000708200000, 0x0000000708200000, 0x0000000708300000|  0%| F|  |TAMS 0x0000000708200000, 0x0000000708200000| Untracked 
|  81|0x0000000708300000, 0x0000000708300000, 0x0000000708400000|  0%| F|  |TAMS 0x0000000708300000, 0x0000000708300000| Untracked 
|  82|0x0000000708400000, 0x0000000708400000, 0x0000000708500000|  0%| F|  |TAMS 0x0000000708400000, 0x0000000708400000| Untracked 
|  83|0x0000000708500000, 0x0000000708500000, 0x0000000708600000|  0%| F|  |TAMS 0x0000000708500000, 0x0000000708500000| Untracked 
|  84|0x0000000708600000, 0x0000000708600000, 0x0000000708700000|  0%| F|  |TAMS 0x0000000708600000, 0x0000000708600000| Untracked 
|  85|0x0000000708700000, 0x0000000708700000, 0x0000000708800000|  0%| F|  |TAMS 0x0000000708700000, 0x0000000708700000| Untracked 
|  86|0x0000000708800000, 0x0000000708800000, 0x0000000708900000|  0%| F|  |TAMS 0x0000000708800000, 0x0000000708800000| Untracked 
|  87|0x0000000708900000, 0x0000000708900000, 0x0000000708a00000|  0%| F|  |TAMS 0x0000000708900000, 0x0000000708900000| Untracked 
|  88|0x0000000708a00000, 0x0000000708a00000, 0x0000000708b00000|  0%| F|  |TAMS 0x0000000708a00000, 0x0000000708a00000| Untracked 
|  89|0x0000000708b00000, 0x0000000708b00000, 0x0000000708c00000|  0%| F|  |TAMS 0x0000000708b00000, 0x0000000708b00000| Untracked 
|  90|0x0000000708c00000, 0x0000000708c00000, 0x0000000708d00000|  0%| F|  |TAMS 0x0000000708c00000, 0x0000000708c00000| Untracked 
|  91|0x0000000708d00000, 0x0000000708d00000, 0x0000000708e00000|  0%| F|  |TAMS 0x0000000708d00000, 0x0000000708d00000| Untracked 
|  92|0x0000000708e00000, 0x0000000708e00000, 0x0000000708f00000|  0%| F|  |TAMS 0x0000000708e00000, 0x0000000708e00000| Untracked 
|  93|0x0000000708f00000, 0x0000000708f00000, 0x0000000709000000|  0%| F|  |TAMS 0x0000000708f00000, 0x0000000708f00000| Untracked 
|  94|0x0000000709000000, 0x0000000709000000, 0x0000000709100000|  0%| F|  |TAMS 0x0000000709000000, 0x0000000709000000| Untracked 
|  95|0x0000000709100000, 0x0000000709100000, 0x0000000709200000|  0%| F|  |TAMS 0x0000000709100000, 0x0000000709100000| Untracked 
|  96|0x0000000709200000, 0x0000000709200000, 0x0000000709300000|  0%| F|  |TAMS 0x0000000709200000, 0x0000000709200000| Untracked 
|  97|0x0000000709300000, 0x0000000709300000, 0x0000000709400000|  0%| F|  |TAMS 0x0000000709300000, 0x0000000709300000| Untracked 
|  98|0x0000000709400000, 0x0000000709400000, 0x0000000709500000|  0%| F|  |TAMS 0x0000000709400000, 0x0000000709400000| Untracked 
|  99|0x0000000709500000, 0x0000000709500000, 0x0000000709600000|  0%| F|  |TAMS 0x0000000709500000, 0x0000000709500000| Untracked 
| 100|0x0000000709600000, 0x0000000709600000, 0x0000000709700000|  0%| F|  |TAMS 0x0000000709600000, 0x0000000709600000| Untracked 
| 101|0x0000000709700000, 0x0000000709700000, 0x0000000709800000|  0%| F|  |TAMS 0x0000000709700000, 0x0000000709700000| Untracked 
| 102|0x0000000709800000, 0x0000000709800000, 0x0000000709900000|  0%| F|  |TAMS 0x0000000709800000, 0x0000000709800000| Untracked 
| 103|0x0000000709900000, 0x0000000709900000, 0x0000000709a00000|  0%| F|  |TAMS 0x0000000709900000, 0x0000000709900000| Untracked 
| 104|0x0000000709a00000, 0x0000000709a00000, 0x0000000709b00000|  0%| F|  |TAMS 0x0000000709a00000, 0x0000000709a00000| Untracked 
| 105|0x0000000709b00000, 0x0000000709b00000, 0x0000000709c00000|  0%| F|  |TAMS 0x0000000709b00000, 0x0000000709b00000| Untracked 
| 106|0x0000000709c00000, 0x0000000709c00000, 0x0000000709d00000|  0%| F|  |TAMS 0x0000000709c00000, 0x0000000709c00000| Untracked 
| 107|0x0000000709d00000, 0x0000000709d00000, 0x0000000709e00000|  0%| F|  |TAMS 0x0000000709d00000, 0x0000000709d00000| Untracked 
| 108|0x0000000709e00000, 0x0000000709e00000, 0x0000000709f00000|  0%| F|  |TAMS 0x0000000709e00000, 0x0000000709e00000| Untracked 
| 109|0x0000000709f00000, 0x0000000709f00000, 0x000000070a000000|  0%| F|  |TAMS 0x0000000709f00000, 0x0000000709f00000| Untracked 
| 110|0x000000070a000000, 0x000000070a000000, 0x000000070a100000|  0%| F|  |TAMS 0x000000070a000000, 0x000000070a000000| Untracked 
| 111|0x000000070a100000, 0x000000070a100000, 0x000000070a200000|  0%| F|  |TAMS 0x000000070a100000, 0x000000070a100000| Untracked 
| 112|0x000000070a200000, 0x000000070a200000, 0x000000070a300000|  0%| F|  |TAMS 0x000000070a200000, 0x000000070a200000| Untracked 
| 113|0x000000070a300000, 0x000000070a300000, 0x000000070a400000|  0%| F|  |TAMS 0x000000070a300000, 0x000000070a300000| Untracked 
| 114|0x000000070a400000, 0x000000070a400000, 0x000000070a500000|  0%| F|  |TAMS 0x000000070a400000, 0x000000070a400000| Untracked 
| 115|0x000000070a500000, 0x000000070a500000, 0x000000070a600000|  0%| F|  |TAMS 0x000000070a500000, 0x000000070a500000| Untracked 
| 116|0x000000070a600000, 0x000000070a600000, 0x000000070a700000|  0%| F|  |TAMS 0x000000070a600000, 0x000000070a600000| Untracked 
| 117|0x000000070a700000, 0x000000070a700000, 0x000000070a800000|  0%| F|  |TAMS 0x000000070a700000, 0x000000070a700000| Untracked 
| 118|0x000000070a800000, 0x000000070a800000, 0x000000070a900000|  0%| F|  |TAMS 0x000000070a800000, 0x000000070a800000| Untracked 
| 119|0x000000070a900000, 0x000000070a900000, 0x000000070aa00000|  0%| F|  |TAMS 0x000000070a900000, 0x000000070a900000| Untracked 
| 120|0x000000070aa00000, 0x000000070aa00000, 0x000000070ab00000|  0%| F|  |TAMS 0x000000070aa00000, 0x000000070aa00000| Untracked 
| 121|0x000000070ab00000, 0x000000070ab00000, 0x000000070ac00000|  0%| F|  |TAMS 0x000000070ab00000, 0x000000070ab00000| Untracked 
| 122|0x000000070ac00000, 0x000000070ac00000, 0x000000070ad00000|  0%| F|  |TAMS 0x000000070ac00000, 0x000000070ac00000| Untracked 
| 123|0x000000070ad00000, 0x000000070ad00000, 0x000000070ae00000|  0%| F|  |TAMS 0x000000070ad00000, 0x000000070ad00000| Untracked 
| 124|0x000000070ae00000, 0x000000070ae00000, 0x000000070af00000|  0%| F|  |TAMS 0x000000070ae00000, 0x000000070ae00000| Untracked 
| 125|0x000000070af00000, 0x000000070af00000, 0x000000070b000000|  0%| F|  |TAMS 0x000000070af00000, 0x000000070af00000| Untracked 
| 126|0x000000070b000000, 0x000000070b000000, 0x000000070b100000|  0%| F|  |TAMS 0x000000070b000000, 0x000000070b000000| Untracked 
| 127|0x000000070b100000, 0x000000070b100000, 0x000000070b200000|  0%| F|  |TAMS 0x000000070b100000, 0x000000070b100000| Untracked 
| 128|0x000000070b200000, 0x000000070b200000, 0x000000070b300000|  0%| F|  |TAMS 0x000000070b200000, 0x000000070b200000| Untracked 
| 129|0x000000070b300000, 0x000000070b300000, 0x000000070b400000|  0%| F|  |TAMS 0x000000070b300000, 0x000000070b300000| Untracked 
| 130|0x000000070b400000, 0x000000070b400000, 0x000000070b500000|  0%| F|  |TAMS 0x000000070b400000, 0x000000070b400000| Untracked 
| 131|0x000000070b500000, 0x000000070b500000, 0x000000070b600000|  0%| F|  |TAMS 0x000000070b500000, 0x000000070b500000| Untracked 
| 132|0x000000070b600000, 0x000000070b600000, 0x000000070b700000|  0%| F|  |TAMS 0x000000070b600000, 0x000000070b600000| Untracked 
| 133|0x000000070b700000, 0x000000070b700000, 0x000000070b800000|  0%| F|  |TAMS 0x000000070b700000, 0x000000070b700000| Untracked 
| 134|0x000000070b800000, 0x000000070b800000, 0x000000070b900000|  0%| F|  |TAMS 0x000000070b800000, 0x000000070b800000| Untracked 
| 135|0x000000070b900000, 0x000000070b900000, 0x000000070ba00000|  0%| F|  |TAMS 0x000000070b900000, 0x000000070b900000| Untracked 
| 136|0x000000070ba00000, 0x000000070ba00000, 0x000000070bb00000|  0%| F|  |TAMS 0x000000070ba00000, 0x000000070ba00000| Untracked 
| 137|0x000000070bb00000, 0x000000070bb00000, 0x000000070bc00000|  0%| F|  |TAMS 0x000000070bb00000, 0x000000070bb00000| Untracked 
| 138|0x000000070bc00000, 0x000000070bc00000, 0x000000070bd00000|  0%| F|  |TAMS 0x000000070bc00000, 0x000000070bc00000| Untracked 
| 139|0x000000070bd00000, 0x000000070bd00000, 0x000000070be00000|  0%| F|  |TAMS 0x000000070bd00000, 0x000000070bd00000| Untracked 
| 140|0x000000070be00000, 0x000000070be00000, 0x000000070bf00000|  0%| F|  |TAMS 0x000000070be00000, 0x000000070be00000| Untracked 
| 141|0x000000070bf00000, 0x000000070bf00000, 0x000000070c000000|  0%| F|  |TAMS 0x000000070bf00000, 0x000000070bf00000| Untracked 
| 142|0x000000070c000000, 0x000000070c000000, 0x000000070c100000|  0%| F|  |TAMS 0x000000070c000000, 0x000000070c000000| Untracked 
| 143|0x000000070c100000, 0x000000070c100000, 0x000000070c200000|  0%| F|  |TAMS 0x000000070c100000, 0x000000070c100000| Untracked 
| 144|0x000000070c200000, 0x000000070c200000, 0x000000070c300000|  0%| F|  |TAMS 0x000000070c200000, 0x000000070c200000| Untracked 
| 145|0x000000070c300000, 0x000000070c300000, 0x000000070c400000|  0%| F|  |TAMS 0x000000070c300000, 0x000000070c300000| Untracked 
| 146|0x000000070c400000, 0x000000070c400000, 0x000000070c500000|  0%| F|  |TAMS 0x000000070c400000, 0x000000070c400000| Untracked 
| 147|0x000000070c500000, 0x000000070c500000, 0x000000070c600000|  0%| F|  |TAMS 0x000000070c500000, 0x000000070c500000| Untracked 
| 148|0x000000070c600000, 0x000000070c600000, 0x000000070c700000|  0%| F|  |TAMS 0x000000070c600000, 0x000000070c600000| Untracked 
| 149|0x000000070c700000, 0x000000070c700000, 0x000000070c800000|  0%| F|  |TAMS 0x000000070c700000, 0x000000070c700000| Untracked 
| 150|0x000000070c800000, 0x000000070c800000, 0x000000070c900000|  0%| F|  |TAMS 0x000000070c800000, 0x000000070c800000| Untracked 
| 151|0x000000070c900000, 0x000000070c900000, 0x000000070ca00000|  0%| F|  |TAMS 0x000000070c900000, 0x000000070c900000| Untracked 
| 152|0x000000070ca00000, 0x000000070ca00000, 0x000000070cb00000|  0%| F|  |TAMS 0x000000070ca00000, 0x000000070ca00000| Untracked 
| 153|0x000000070cb00000, 0x000000070cb00000, 0x000000070cc00000|  0%| F|  |TAMS 0x000000070cb00000, 0x000000070cb00000| Untracked 
| 154|0x000000070cc00000, 0x000000070cc00000, 0x000000070cd00000|  0%| F|  |TAMS 0x000000070cc00000, 0x000000070cc00000| Untracked 
| 155|0x000000070cd00000, 0x000000070cd00000, 0x000000070ce00000|  0%| F|  |TAMS 0x000000070cd00000, 0x000000070cd00000| Untracked 
| 156|0x000000070ce00000, 0x000000070ce00000, 0x000000070cf00000|  0%| F|  |TAMS 0x000000070ce00000, 0x000000070ce00000| Untracked 
| 157|0x000000070cf00000, 0x000000070cf00000, 0x000000070d000000|  0%| F|  |TAMS 0x000000070cf00000, 0x000000070cf00000| Untracked 
| 158|0x000000070d000000, 0x000000070d000000, 0x000000070d100000|  0%| F|  |TAMS 0x000000070d000000, 0x000000070d000000| Untracked 
| 159|0x000000070d100000, 0x000000070d100000, 0x000000070d200000|  0%| F|  |TAMS 0x000000070d100000, 0x000000070d100000| Untracked 
| 160|0x000000070d200000, 0x000000070d200000, 0x000000070d300000|  0%| F|  |TAMS 0x000000070d200000, 0x000000070d200000| Untracked 
| 161|0x000000070d300000, 0x000000070d300000, 0x000000070d400000|  0%| F|  |TAMS 0x000000070d300000, 0x000000070d300000| Untracked 
| 162|0x000000070d400000, 0x000000070d400000, 0x000000070d500000|  0%| F|  |TAMS 0x000000070d400000, 0x000000070d400000| Untracked 
| 163|0x000000070d500000, 0x000000070d500000, 0x000000070d600000|  0%| F|  |TAMS 0x000000070d500000, 0x000000070d500000| Untracked 
| 164|0x000000070d600000, 0x000000070d600000, 0x000000070d700000|  0%| F|  |TAMS 0x000000070d600000, 0x000000070d600000| Untracked 
| 165|0x000000070d700000, 0x000000070d700000, 0x000000070d800000|  0%| F|  |TAMS 0x000000070d700000, 0x000000070d700000| Untracked 
| 166|0x000000070d800000, 0x000000070d800000, 0x000000070d900000|  0%| F|  |TAMS 0x000000070d800000, 0x000000070d800000| Untracked 
| 167|0x000000070d900000, 0x000000070d900000, 0x000000070da00000|  0%| F|  |TAMS 0x000000070d900000, 0x000000070d900000| Untracked 
| 168|0x000000070da00000, 0x000000070da00000, 0x000000070db00000|  0%| F|  |TAMS 0x000000070da00000, 0x000000070da00000| Untracked 
| 169|0x000000070db00000, 0x000000070db00000, 0x000000070dc00000|  0%| F|  |TAMS 0x000000070db00000, 0x000000070db00000| Untracked 
| 170|0x000000070dc00000, 0x000000070dc00000, 0x000000070dd00000|  0%| F|  |TAMS 0x000000070dc00000, 0x000000070dc00000| Untracked 
| 171|0x000000070dd00000, 0x000000070dd00000, 0x000000070de00000|  0%| F|  |TAMS 0x000000070dd00000, 0x000000070dd00000| Untracked 
| 172|0x000000070de00000, 0x000000070de00000, 0x000000070df00000|  0%| F|  |TAMS 0x000000070de00000, 0x000000070de00000| Untracked 
| 173|0x000000070df00000, 0x000000070df00000, 0x000000070e000000|  0%| F|  |TAMS 0x000000070df00000, 0x000000070df00000| Untracked 
| 174|0x000000070e000000, 0x000000070e000000, 0x000000070e100000|  0%| F|  |TAMS 0x000000070e000000, 0x000000070e000000| Untracked 
| 175|0x000000070e100000, 0x000000070e100000, 0x000000070e200000|  0%| F|  |TAMS 0x000000070e100000, 0x000000070e100000| Untracked 
| 176|0x000000070e200000, 0x000000070e200000, 0x000000070e300000|  0%| F|  |TAMS 0x000000070e200000, 0x000000070e200000| Untracked 
| 177|0x000000070e300000, 0x000000070e300000, 0x000000070e400000|  0%| F|  |TAMS 0x000000070e300000, 0x000000070e300000| Untracked 
| 178|0x000000070e400000, 0x000000070e400000, 0x000000070e500000|  0%| F|  |TAMS 0x000000070e400000, 0x000000070e400000| Untracked 
| 179|0x000000070e500000, 0x000000070e500000, 0x000000070e600000|  0%| F|  |TAMS 0x000000070e500000, 0x000000070e500000| Untracked 
| 180|0x000000070e600000, 0x000000070e600000, 0x000000070e700000|  0%| F|  |TAMS 0x000000070e600000, 0x000000070e600000| Untracked 
| 181|0x000000070e700000, 0x000000070e700000, 0x000000070e800000|  0%| F|  |TAMS 0x000000070e700000, 0x000000070e700000| Untracked 
| 182|0x000000070e800000, 0x000000070e800000, 0x000000070e900000|  0%| F|  |TAMS 0x000000070e800000, 0x000000070e800000| Untracked 
| 183|0x000000070e900000, 0x000000070e900000, 0x000000070ea00000|  0%| F|  |TAMS 0x000000070e900000, 0x000000070e900000| Untracked 
| 184|0x000000070ea00000, 0x000000070ea00000, 0x000000070eb00000|  0%| F|  |TAMS 0x000000070ea00000, 0x000000070ea00000| Untracked 
| 185|0x000000070eb00000, 0x000000070eb00000, 0x000000070ec00000|  0%| F|  |TAMS 0x000000070eb00000, 0x000000070eb00000| Untracked 
| 186|0x000000070ec00000, 0x000000070ec00000, 0x000000070ed00000|  0%| F|  |TAMS 0x000000070ec00000, 0x000000070ec00000| Untracked 
| 187|0x000000070ed00000, 0x000000070ed00000, 0x000000070ee00000|  0%| F|  |TAMS 0x000000070ed00000, 0x000000070ed00000| Untracked 
| 188|0x000000070ee00000, 0x000000070ee00000, 0x000000070ef00000|  0%| F|  |TAMS 0x000000070ee00000, 0x000000070ee00000| Untracked 
| 189|0x000000070ef00000, 0x000000070ef00000, 0x000000070f000000|  0%| F|  |TAMS 0x000000070ef00000, 0x000000070ef00000| Untracked 
| 190|0x000000070f000000, 0x000000070f000000, 0x000000070f100000|  0%| F|  |TAMS 0x000000070f000000, 0x000000070f000000| Untracked 
| 191|0x000000070f100000, 0x000000070f100000, 0x000000070f200000|  0%| F|  |TAMS 0x000000070f100000, 0x000000070f100000| Untracked 
| 192|0x000000070f200000, 0x000000070f200000, 0x000000070f300000|  0%| F|  |TAMS 0x000000070f200000, 0x000000070f200000| Untracked 
| 193|0x000000070f300000, 0x000000070f300000, 0x000000070f400000|  0%| F|  |TAMS 0x000000070f300000, 0x000000070f300000| Untracked 
| 194|0x000000070f400000, 0x000000070f400000, 0x000000070f500000|  0%| F|  |TAMS 0x000000070f400000, 0x000000070f400000| Untracked 
| 195|0x000000070f500000, 0x000000070f500000, 0x000000070f600000|  0%| F|  |TAMS 0x000000070f500000, 0x000000070f500000| Untracked 
| 196|0x000000070f600000, 0x000000070f600000, 0x000000070f700000|  0%| F|  |TAMS 0x000000070f600000, 0x000000070f600000| Untracked 
| 197|0x000000070f700000, 0x000000070f700000, 0x000000070f800000|  0%| F|  |TAMS 0x000000070f700000, 0x000000070f700000| Untracked 
| 198|0x000000070f800000, 0x000000070f800000, 0x000000070f900000|  0%| F|  |TAMS 0x000000070f800000, 0x000000070f800000| Untracked 
| 199|0x000000070f900000, 0x000000070f900000, 0x000000070fa00000|  0%| F|  |TAMS 0x000000070f900000, 0x000000070f900000| Untracked 
| 200|0x000000070fa00000, 0x000000070fa00000, 0x000000070fb00000|  0%| F|  |TAMS 0x000000070fa00000, 0x000000070fa00000| Untracked 
| 201|0x000000070fb00000, 0x000000070fb00000, 0x000000070fc00000|  0%| F|  |TAMS 0x000000070fb00000, 0x000000070fb00000| Untracked 
| 202|0x000000070fc00000, 0x000000070fc00000, 0x000000070fd00000|  0%| F|  |TAMS 0x000000070fc00000, 0x000000070fc00000| Untracked 
| 203|0x000000070fd00000, 0x000000070fd00000, 0x000000070fe00000|  0%| F|  |TAMS 0x000000070fd00000, 0x000000070fd00000| Untracked 
| 204|0x000000070fe00000, 0x000000070fe00000, 0x000000070ff00000|  0%| F|  |TAMS 0x000000070fe00000, 0x000000070fe00000| Untracked 
| 205|0x000000070ff00000, 0x000000070ff00000, 0x0000000710000000|  0%| F|  |TAMS 0x000000070ff00000, 0x000000070ff00000| Untracked 
| 206|0x0000000710000000, 0x0000000710000000, 0x0000000710100000|  0%| F|  |TAMS 0x0000000710000000, 0x0000000710000000| Untracked 
| 207|0x0000000710100000, 0x0000000710100000, 0x0000000710200000|  0%| F|  |TAMS 0x0000000710100000, 0x0000000710100000| Untracked 
| 208|0x0000000710200000, 0x0000000710200000, 0x0000000710300000|  0%| F|  |TAMS 0x0000000710200000, 0x0000000710200000| Untracked 
| 209|0x0000000710300000, 0x0000000710300000, 0x0000000710400000|  0%| F|  |TAMS 0x0000000710300000, 0x0000000710300000| Untracked 
| 210|0x0000000710400000, 0x0000000710400000, 0x0000000710500000|  0%| F|  |TAMS 0x0000000710400000, 0x0000000710400000| Untracked 
| 211|0x0000000710500000, 0x0000000710500000, 0x0000000710600000|  0%| F|  |TAMS 0x0000000710500000, 0x0000000710500000| Untracked 
| 212|0x0000000710600000, 0x0000000710600000, 0x0000000710700000|  0%| F|  |TAMS 0x0000000710600000, 0x0000000710600000| Untracked 
| 213|0x0000000710700000, 0x0000000710700000, 0x0000000710800000|  0%| F|  |TAMS 0x0000000710700000, 0x0000000710700000| Untracked 
| 214|0x0000000710800000, 0x0000000710800000, 0x0000000710900000|  0%| F|  |TAMS 0x0000000710800000, 0x0000000710800000| Untracked 
| 215|0x0000000710900000, 0x0000000710900000, 0x0000000710a00000|  0%| F|  |TAMS 0x0000000710900000, 0x0000000710900000| Untracked 
| 216|0x0000000710a00000, 0x0000000710a00000, 0x0000000710b00000|  0%| F|  |TAMS 0x0000000710a00000, 0x0000000710a00000| Untracked 
| 217|0x0000000710b00000, 0x0000000710b00000, 0x0000000710c00000|  0%| F|  |TAMS 0x0000000710b00000, 0x0000000710b00000| Untracked 
| 218|0x0000000710c00000, 0x0000000710c00000, 0x0000000710d00000|  0%| F|  |TAMS 0x0000000710c00000, 0x0000000710c00000| Untracked 
| 219|0x0000000710d00000, 0x0000000710d00000, 0x0000000710e00000|  0%| F|  |TAMS 0x0000000710d00000, 0x0000000710d00000| Untracked 
| 220|0x0000000710e00000, 0x0000000710e00000, 0x0000000710f00000|  0%| F|  |TAMS 0x0000000710e00000, 0x0000000710e00000| Untracked 
| 221|0x0000000710f00000, 0x0000000710f00000, 0x0000000711000000|  0%| F|  |TAMS 0x0000000710f00000, 0x0000000710f00000| Untracked 
| 222|0x0000000711000000, 0x0000000711000000, 0x0000000711100000|  0%| F|  |TAMS 0x0000000711000000, 0x0000000711000000| Untracked 
| 223|0x0000000711100000, 0x0000000711100000, 0x0000000711200000|  0%| F|  |TAMS 0x0000000711100000, 0x0000000711100000| Untracked 
| 224|0x0000000711200000, 0x0000000711200000, 0x0000000711300000|  0%| F|  |TAMS 0x0000000711200000, 0x0000000711200000| Untracked 
| 225|0x0000000711300000, 0x0000000711300000, 0x0000000711400000|  0%| F|  |TAMS 0x0000000711300000, 0x0000000711300000| Untracked 
| 226|0x0000000711400000, 0x0000000711400000, 0x0000000711500000|  0%| F|  |TAMS 0x0000000711400000, 0x0000000711400000| Untracked 
| 227|0x0000000711500000, 0x0000000711600000, 0x0000000711600000|100%| E|CS|TAMS 0x0000000711500000, 0x0000000711500000| Complete 
| 228|0x0000000711600000, 0x0000000711700000, 0x0000000711700000|100%| E|CS|TAMS 0x0000000711600000, 0x0000000711600000| Complete 
| 229|0x0000000711700000, 0x0000000711800000, 0x0000000711800000|100%| E|CS|TAMS 0x0000000711700000, 0x0000000711700000| Complete 
| 230|0x0000000711800000, 0x0000000711800000, 0x0000000711900000|  0%| F|  |TAMS 0x0000000711800000, 0x0000000711800000| Untracked 
| 231|0x0000000711900000, 0x0000000711900000, 0x0000000711a00000|  0%| F|  |TAMS 0x0000000711900000, 0x0000000711900000| Untracked 
| 232|0x0000000711a00000, 0x0000000711a00000, 0x0000000711b00000|  0%| F|  |TAMS 0x0000000711a00000, 0x0000000711a00000| Untracked 
| 233|0x0000000711b00000, 0x0000000711b00000, 0x0000000711c00000|  0%| F|  |TAMS 0x0000000711b00000, 0x0000000711b00000| Untracked 
| 234|0x0000000711c00000, 0x0000000711c00000, 0x0000000711d00000|  0%| F|  |TAMS 0x0000000711c00000, 0x0000000711c00000| Untracked 
| 235|0x0000000711d00000, 0x0000000711d00000, 0x0000000711e00000|  0%| F|  |TAMS 0x0000000711d00000, 0x0000000711d00000| Untracked 
| 236|0x0000000711e00000, 0x0000000711e422d0, 0x0000000711f00000| 25%| S|  |TAMS 0x0000000711e00000, 0x0000000711e00000| Complete 
| 237|0x0000000711f00000, 0x0000000712000000, 0x0000000712000000|100%| S|  |TAMS 0x0000000711f00000, 0x0000000711f00000| Complete 
| 238|0x0000000712000000, 0x00000007120fe2e0, 0x0000000712100000| 99%| E|CS|TAMS 0x0000000712000000, 0x0000000712000000| Complete 
| 239|0x0000000712100000, 0x0000000712200000, 0x0000000712200000|100%| E|CS|TAMS 0x0000000712100000, 0x0000000712100000| Complete 
| 240|0x0000000712200000, 0x0000000712300000, 0x0000000712300000|100%| E|CS|TAMS 0x0000000712200000, 0x0000000712200000| Complete 
| 241|0x0000000712300000, 0x0000000712400000, 0x0000000712400000|100%| E|CS|TAMS 0x0000000712300000, 0x0000000712300000| Complete 
| 242|0x0000000712400000, 0x0000000712500000, 0x0000000712500000|100%| E|CS|TAMS 0x0000000712400000, 0x0000000712400000| Complete 
| 243|0x0000000712500000, 0x0000000712600000, 0x0000000712600000|100%| E|CS|TAMS 0x0000000712500000, 0x0000000712500000| Complete 
| 244|0x0000000712600000, 0x0000000712700000, 0x0000000712700000|100%| E|CS|TAMS 0x0000000712600000, 0x0000000712600000| Complete 
| 245|0x0000000712700000, 0x0000000712800000, 0x0000000712800000|100%| E|CS|TAMS 0x0000000712700000, 0x0000000712700000| Complete 
| 246|0x0000000712800000, 0x0000000712900000, 0x0000000712900000|100%| E|CS|TAMS 0x0000000712800000, 0x0000000712800000| Complete 
| 247|0x0000000712900000, 0x0000000712a00000, 0x0000000712a00000|100%| E|CS|TAMS 0x0000000712900000, 0x0000000712900000| Complete 
| 248|0x0000000712a00000, 0x0000000712b00000, 0x0000000712b00000|100%| E|CS|TAMS 0x0000000712a00000, 0x0000000712a00000| Complete 
| 249|0x0000000712b00000, 0x0000000712c00000, 0x0000000712c00000|100%| E|CS|TAMS 0x0000000712b00000, 0x0000000712b00000| Complete 
| 250|0x0000000712c00000, 0x0000000712d00000, 0x0000000712d00000|100%| E|CS|TAMS 0x0000000712c00000, 0x0000000712c00000| Complete 
| 251|0x0000000712d00000, 0x0000000712e00000, 0x0000000712e00000|100%| E|CS|TAMS 0x0000000712d00000, 0x0000000712d00000| Complete 
| 252|0x0000000712e00000, 0x0000000712f00000, 0x0000000712f00000|100%| E|CS|TAMS 0x0000000712e00000, 0x0000000712e00000| Complete 
| 253|0x0000000712f00000, 0x0000000713000000, 0x0000000713000000|100%| E|CS|TAMS 0x0000000712f00000, 0x0000000712f00000| Complete 

Card table byte_map: [0x000002394a1f0000,0x000002394a9e0000] _byte_map_base: 0x00000239469d7000

Marking Bits (Prev, Next): (CMBitMap*) 0x00000239321e22a8, (CMBitMap*) 0x00000239321e22e0
 Prev Bits: [0x000002394b1d0000, 0x000002394f108000)
 Next Bits: [0x000002394f110000, 0x0000023953048000)

Polling page: 0x0000023931940000

Metaspace:

Usage:
  Non-class:     12.74 MB capacity,    12.46 MB ( 98%) used,   259.75 KB (  2%) free+waste,    33.81 KB ( <1%) overhead. 
      Class:      1.61 MB capacity,     1.48 MB ( 92%) used,   116.39 KB (  7%) free+waste,    16.56 KB (  1%) overhead. 
       Both:     14.35 MB capacity,    13.94 MB ( 97%) used,   376.14 KB (  3%) free+waste,    50.38 KB ( <1%) overhead. 

Virtual space:
  Non-class space:       14.00 MB reserved,      12.75 MB ( 91%) committed 
      Class space:        1.00 GB reserved,       1.63 MB ( <1%) committed 
             Both:        1.01 GB reserved,      14.38 MB (  1%) committed 

Chunk freelists:
   Non-Class:  1.00 KB
       Class:  1.88 KB
        Both:  2.88 KB

CodeHeap 'non-profiled nmethods': size=238336Kb used=2269Kb max_used=2269Kb free=236066Kb
 bounds [0x000002393abf0000, 0x000002393ae60000, 0x00000239494b0000]
CodeHeap 'non-nmethods': size=7424Kb used=2807Kb max_used=2807Kb free=4616Kb
 bounds [0x000002393a4b0000, 0x000002393a770000, 0x000002393abf0000]
 total_blobs=1882 nmethods=1450 adapters=339
 compilation: enabled
              stopped_count=0, restarted_count=0
 full_count=0

Compilation events (10 events):
Event: 1.508 Thread 0x000002395670f000 nmethod 1446 0x000002393ae23310 code [0x000002393ae234e0, 0x000002393ae23660]
Event: 1.508 Thread 0x00000239568d1000 nmethod 1445 0x000002393ae23790 code [0x000002393ae23a60, 0x000002393ae24920]
Event: 1.509 Thread 0x00000239568d0000 1447       1       java.util.jar.Attributes$Name::hash (148 bytes)
Event: 1.509 Thread 0x00000239568d0000 nmethod 1447 0x000002393ae25510 code [0x000002393ae25720, 0x000002393ae25cf0]
Event: 1.510 Thread 0x00000239578e6800 1448       1       java.util.zip.ZipFile$InflaterCleanupAction::run (12 bytes)
Event: 1.510 Thread 0x00000239578e6800 nmethod 1448 0x000002393ae26090 code [0x000002393ae26240, 0x000002393ae26390]
Event: 1.515 Thread 0x000002395670f000 1449       1       java.util.jar.JarFile::getManifest (5 bytes)
Event: 1.515 Thread 0x00000239568d1000 1450       1       java.util.jar.JarFile::getManifestFromReference (117 bytes)
Event: 1.515 Thread 0x000002395670f000 nmethod 1449 0x000002393ae26490 code [0x000002393ae26640, 0x000002393ae26770]
Event: 1.515 Thread 0x00000239568d1000 nmethod 1450 0x000002393ae26810 code [0x000002393ae26a40, 0x000002393ae271d0]

GC Heap History (3 events):
Event: 1.310 GC heap before
{Heap before GC invocations=0 (full 0):
 garbage-first heap   total 260096K, used 25600K [0x0000000703200000, 0x0000000800000000)
  region size 1024K, 24 young (24576K), 0 survivors (0K)
 Metaspace       used 11720K, capacity 12013K, committed 12160K, reserved 1060864K
  class space    used 1235K, capacity 1346K, committed 1408K, reserved 1048576K
}
Event: 1.315 GC heap after
{Heap after GC invocations=1 (full 0):
 garbage-first heap   total 260096K, used 16466K [0x0000000703200000, 0x0000000800000000)
  region size 1024K, 3 young (3072K), 3 survivors (3072K)
 Metaspace       used 11720K, capacity 12013K, committed 12160K, reserved 1060864K
  class space    used 1235K, capacity 1346K, committed 1408K, reserved 1048576K
}
Event: 1.518 GC heap before
{Heap before GC invocations=1 (full 0):
 garbage-first heap   total 260096K, used 31826K [0x0000000703200000, 0x0000000800000000)
  region size 1024K, 19 young (19456K), 3 survivors (3072K)
 Metaspace       used 14270K, capacity 14697K, committed 14720K, reserved 1062912K
  class space    used 1516K, capacity 1649K, committed 1664K, reserved 1048576K
}

Deoptimization events (0 events):
No events

Classes redefined (0 events):
No events

Internal exceptions (10 events):
Event: 1.274 Thread 0x000002393217e800 Exception <a 'java/lang/NoSuchMethodError'{0x00000007119397e8}: java.lang.invoke.DirectMethodHandle$Holder.invokeStatic(Ljava/lang/Object;Ljava/lang/Object;IIII)Ljava/lang/Object;> (0x00000007119397e8) thrown at [t:/workspace/open/src/hotspot/share/interp
Event: 1.274 Thread 0x000002393217e800 Exception <a 'java/lang/NoSuchMethodError'{0x000000071193cb30}: java.lang.invoke.DirectMethodHandle$Holder.invokeStaticInit(Ljava/lang/Object;Ljava/lang/Object;IIII)Ljava/lang/Object;> (0x000000071193cb30) thrown at [t:/workspace/open/src/hotspot/share/in
Event: 1.281 Thread 0x000002393217e800 Exception <a 'java/lang/ClassNotFoundException'{0x000000071195a348}: javax/management/remote/rmi/RMIServerImpl_Skel> (0x000000071195a348) thrown at [t:/workspace/open/src/hotspot/share/classfile/systemDictionary.cpp, line 231]
Event: 1.307 Thread 0x000002393217e800 Exception <a 'java/lang/ClassNotFoundException'{0x0000000711861690}: jdk/internal/agent/resources/spi/agentProvider> (0x0000000711861690) thrown at [t:/workspace/open/src/hotspot/share/classfile/systemDictionary.cpp, line 231]
Event: 1.318 Thread 0x000002393217e800 Exception <a 'java/lang/NoSuchMethodError'{0x0000000712f32bd8}: java.lang.invoke.DirectMethodHandle$Holder.invokeStatic(Ljava/lang/Object;Ljava/lang/Object;Ljava/lang/Object;Ljava/lang/Object;Ljava/lang/Object;Ljava/lang/Object;Ljava/lang/Object;Ljava/lan
Event: 1.318 Thread 0x000002393217e800 Exception <a 'java/lang/NoSuchMethodError'{0x0000000712f3f598}: java.lang.invoke.DirectMethodHandle$Holder.invokeStatic(Ljava/lang/Object;Ljava/lang/Object;Ljava/lang/Object;Ljava/lang/Object;Ljava/lang/Object;Ljava/lang/Object;Ljava/lang/Object;Ljava/lan
Event: 1.319 Thread 0x000002393217e800 Exception <a 'java/lang/NoSuchMethodError'{0x0000000712f59670}: java.lang.invoke.DelegatingMethodHandle$Holder.reinvoke_L(Ljava/lang/Object;ILjava/lang/Object;)Ljava/lang/Object;> (0x0000000712f59670) thrown at [t:/workspace/open/src/hotspot/share/interpr
Event: 1.348 Thread 0x000002393217e800 Exception <a 'java/lang/ClassNotFoundException'{0x0000000712d660a8}: javax/smartcardio/CardPermission> (0x0000000712d660a8) thrown at [t:/workspace/open/src/hotspot/share/classfile/systemDictionary.cpp, line 231]
Event: 1.350 Thread 0x000002393217e800 Exception <a 'java/io/FileNotFoundException'{0x0000000712d74738}> (0x0000000712d74738) thrown at [t:/workspace/open/src/hotspot/share/prims/jni.cpp, line 615]
Event: 1.425 Thread 0x000002393217e800 Exception <a 'java/lang/NoSuchMethodError'{0x00000007129ba618}: java.lang.invoke.DirectMethodHandle$Holder.invokeStaticInit(Ljava/lang/Object;Ljava/lang/Object;)I> (0x00000007129ba618) thrown at [t:/workspace/open/src/hotspot/share/interpreter/linkResolve

Events (10 events):
Event: 1.484 loading class java/util/stream/Node$Builder
Event: 1.484 loading class java/util/stream/Node$Builder done
Event: 1.484 loading class java/util/stream/Nodes$ArrayNode
Event: 1.484 loading class java/util/stream/Nodes$ArrayNode done
Event: 1.484 loading class java/util/stream/Nodes$FixedNodeBuilder done
Event: 1.506 loading class java/util/jar/JarVerifier
Event: 1.507 loading class java/util/jar/JarVerifier done
Event: 1.507 loading class java/security/CodeSigner
Event: 1.507 loading class java/security/CodeSigner done
Event: 1.518 Executing VM operation: G1CollectForAllocation


Dynamic libraries:
0x00007ff786b20000 - 0x00007ff786b67000 	C:\Program Files\Java\jdk-11.0.4\bin\javaw.exe
0x00007ffcfdfa0000 - 0x00007ffcfe190000 	C:\WINDOWS\SYSTEM32\ntdll.dll
0x00007ffcbe420000 - 0x00007ffcbe434000 	C:\Program Files\AVAST Software\Avast\aswhook.dll
0x00007ffcfcc20000 - 0x00007ffcfccd2000 	C:\WINDOWS\System32\KERNEL32.DLL
0x00007ffcfba50000 - 0x00007ffcfbcf3000 	C:\WINDOWS\System32\KERNELBASE.dll
0x00007ffcfc0b0000 - 0x00007ffcfc153000 	C:\WINDOWS\System32\ADVAPI32.dll
0x00007ffcfc220000 - 0x00007ffcfc2be000 	C:\WINDOWS\System32\msvcrt.dll
0x00007ffcfc6a0000 - 0x00007ffcfc737000 	C:\WINDOWS\System32\sechost.dll
0x00007ffcfd410000 - 0x00007ffcfd530000 	C:\WINDOWS\System32\RPCRT4.dll
0x00007ffcfd1a0000 - 0x00007ffcfd333000 	C:\WINDOWS\System32\USER32.dll
0x00007ffcfb180000 - 0x00007ffcfb1a1000 	C:\WINDOWS\System32\win32u.dll
0x00007ffcfd170000 - 0x00007ffcfd196000 	C:\WINDOWS\System32\GDI32.dll
0x00007ffcfafe0000 - 0x00007ffcfb174000 	C:\WINDOWS\System32\gdi32full.dll
0x00007ffcfb960000 - 0x00007ffcfb9fe000 	C:\WINDOWS\System32\msvcp_win.dll
0x00007ffcfbf30000 - 0x00007ffcfc02a000 	C:\WINDOWS\System32\ucrtbase.dll
0x00007ffcecc40000 - 0x00007ffcecec5000 	C:\WINDOWS\WinSxS\amd64_microsoft.windows.common-controls_6595b64144ccf1df_6.0.18362.356_none_e6c4af7d130f27cc\COMCTL32.dll
0x00007ffcfd530000 - 0x00007ffcfd866000 	C:\WINDOWS\System32\combase.dll
0x00007ffcfbd00000 - 0x00007ffcfbd80000 	C:\WINDOWS\System32\bcryptPrimitives.dll
0x00007ffcf2eb0000 - 0x00007ffcf2eba000 	C:\WINDOWS\SYSTEM32\VERSION.dll
0x00007ffcfcff0000 - 0x00007ffcfd01e000 	C:\WINDOWS\System32\IMM32.DLL
0x00007ffcef600000 - 0x00007ffcef616000 	C:\Program Files\Java\jdk-11.0.4\bin\vcruntime140.dll
0x00007ffcb5490000 - 0x00007ffcb553a000 	C:\Program Files\Java\jdk-11.0.4\bin\msvcp140.dll
0x00007ffc91f20000 - 0x00007ffc92a47000 	C:\Program Files\Java\jdk-11.0.4\bin\server\jvm.dll
0x00007ffcfd020000 - 0x00007ffcfd028000 	C:\WINDOWS\System32\PSAPI.DLL
0x00007ffceb870000 - 0x00007ffceb879000 	C:\WINDOWS\SYSTEM32\WSOCK32.dll
0x00007ffcfcbb0000 - 0x00007ffcfcc1f000 	C:\WINDOWS\System32\WS2_32.dll
0x00007ffcf7ed0000 - 0x00007ffcf7ef4000 	C:\WINDOWS\SYSTEM32\WINMM.dll
0x00007ffcf7dc0000 - 0x00007ffcf7ded000 	C:\WINDOWS\SYSTEM32\WINMMBASE.dll
0x00007ffcfba00000 - 0x00007ffcfba4a000 	C:\WINDOWS\System32\cfgmgr32.dll
0x00007ffcfaef0000 - 0x00007ffcfaf01000 	C:\WINDOWS\System32\kernel.appcore.dll
0x00007ffcf23c0000 - 0x00007ffcf23d1000 	C:\Program Files\Java\jdk-11.0.4\bin\verify.dll
0x00007ffcf9770000 - 0x00007ffcf9964000 	C:\WINDOWS\SYSTEM32\DBGHELP.DLL
0x00007ffcf0ec0000 - 0x00007ffcf0eea000 	C:\WINDOWS\SYSTEM32\dbgcore.DLL
0x00007ffcef920000 - 0x00007ffcef949000 	C:\Program Files\Java\jdk-11.0.4\bin\java.dll
0x00007ffcf2310000 - 0x00007ffcf2326000 	C:\Program Files\Java\jdk-11.0.4\bin\zip.dll
0x00007ffcf6910000 - 0x00007ffcf691a000 	C:\Program Files\Java\jdk-11.0.4\bin\jimage.dll
0x00007ffcfd870000 - 0x00007ffcfdf55000 	C:\WINDOWS\System32\SHELL32.dll
0x00007ffcfc320000 - 0x00007ffcfc3c9000 	C:\WINDOWS\System32\shcore.dll
0x00007ffcfb1b0000 - 0x00007ffcfb92e000 	C:\WINDOWS\System32\windows.storage.dll
0x00007ffcfaf10000 - 0x00007ffcfaf2f000 	C:\WINDOWS\System32\profapi.dll
0x00007ffcfaea0000 - 0x00007ffcfaeea000 	C:\WINDOWS\System32\powrprof.dll
0x00007ffcfae70000 - 0x00007ffcfae80000 	C:\WINDOWS\System32\UMPDC.dll
0x00007ffcfc2c0000 - 0x00007ffcfc312000 	C:\WINDOWS\System32\shlwapi.dll
0x00007ffcfc030000 - 0x00007ffcfc047000 	C:\WINDOWS\System32\cryptsp.dll
0x00007ffcf0240000 - 0x00007ffcf0259000 	C:\Program Files\Java\jdk-11.0.4\bin\net.dll
0x00007ffcf1640000 - 0x00007ffcf1730000 	C:\WINDOWS\SYSTEM32\WINHTTP.dll
0x00007ffce7940000 - 0x00007ffce7b16000 	C:\WINDOWS\SYSTEM32\urlmon.dll
0x00007ffce7600000 - 0x00007ffce78a6000 	C:\WINDOWS\SYSTEM32\iertutil.dll
0x00007ffcfa8b0000 - 0x00007ffcfa8bc000 	C:\WINDOWS\SYSTEM32\CRYPTBASE.DLL
0x00007ffcfa6c0000 - 0x00007ffcfa727000 	C:\WINDOWS\system32\mswsock.dll
0x00007ffcef900000 - 0x00007ffcef913000 	C:\Program Files\Java\jdk-11.0.4\bin\nio.dll
0x00007ffcef820000 - 0x00007ffcef829000 	C:\Program Files\Java\jdk-11.0.4\bin\management.dll
0x00007ffcef5f0000 - 0x00007ffcef5fc000 	C:\Program Files\Java\jdk-11.0.4\bin\management_ext.dll
0x00007ffcde880000 - 0x00007ffcde896000 	C:\WINDOWS\system32\napinsp.dll
0x00007ffcde860000 - 0x00007ffcde87a000 	C:\WINDOWS\system32\pnrpnsp.dll
0x00007ffcfa400000 - 0x00007ffcfa4ca000 	C:\WINDOWS\SYSTEM32\DNSAPI.dll
0x00007ffcfc210000 - 0x00007ffcfc218000 	C:\WINDOWS\System32\NSI.dll
0x00007ffcfa3c0000 - 0x00007ffcfa3fa000 	C:\WINDOWS\SYSTEM32\IPHLPAPI.DLL
0x00007ffcde850000 - 0x00007ffcde85e000 	C:\WINDOWS\System32\winrnr.dll
0x00007ffcf6880000 - 0x00007ffcf689c000 	C:\WINDOWS\system32\NLAapi.dll
0x00007ffcf5e50000 - 0x00007ffcf5e65000 	C:\WINDOWS\system32\wshbth.dll
0x00007ffcf0380000 - 0x00007ffcf038a000 	C:\Windows\System32\rasadhlp.dll
0x00007ffcf05f0000 - 0x00007ffcf0667000 	C:\WINDOWS\System32\fwpuclnt.dll
0x00007ffcfb930000 - 0x00007ffcfb956000 	C:\WINDOWS\System32\bcrypt.dll
0x00007ffcfa210000 - 0x00007ffcfa243000 	C:\WINDOWS\system32\rsaenh.dll
0x00007ffcfad90000 - 0x00007ffcfadb5000 	C:\WINDOWS\SYSTEM32\USERENV.dll
0x00007ffcf12f0000 - 0x00007ffcf1306000 	C:\WINDOWS\SYSTEM32\dhcpcsvc6.DLL
0x00007ffcf2220000 - 0x00007ffcf223c000 	C:\WINDOWS\SYSTEM32\dhcpcsvc.DLL

dbghelp: loaded successfully - version: 4.0.5 - missing functions: none
symbol engine: initialized successfully - sym options: 0x614 - pdb path: .;C:\Program Files\Java\jdk-11.0.4\bin;C:\WINDOWS\SYSTEM32;C:\Program Files\AVAST Software\Avast;C:\WINDOWS\WinSxS\amd64_microsoft.windows.common-controls_6595b64144ccf1df_6.0.18362.356_none_e6c4af7d130f27cc;C:\Program Files\Java\jdk-11.0.4\bin\server

VM Arguments:
jvm_args: -Dcom.sun.management.jmxremote -Dcom.sun.management.jmxremote.port=53178 -Dcom.sun.management.jmxremote.authenticate=false -Dcom.sun.management.jmxremote.ssl=false -Djava.rmi.server.hostname=localhost -Dspring.jmx.enabled=true -Dspring.application.admin.enabled=true -Xverify:none -XX:TieredStopAtLevel=1 -Dfile.encoding=UTF-8 
java_command: com.esd.cursomc.CursomcApplication --spring.output.ansi.enabled=always
java_class_path (initial): C:\ws-sts\cursomc\target\classes;C:\Users\elton\.m2\repository\org\springframework\boot\spring-boot-starter-web\2.1.8.RELEASE\spring-boot-starter-web-2.1.8.RELEASE.jar;C:\Users\elton\.m2\repository\org\springframework\boot\spring-boot-starter\2.1.8.RELEASE\spring-boot-starter-2.1.8.RELEASE.jar;C:\Users\elton\.m2\repository\org\springframework\boot\spring-boot-starter-logging\2.1.8.RELEASE\spring-boot-starter-logging-2.1.8.RELEASE.jar;C:\Users\elton\.m2\repository\ch\qos\logback\logback-classic\1.2.3\logback-classic-1.2.3.jar;C:\Users\elton\.m2\repository\ch\qos\logback\logback-core\1.2.3\logback-core-1.2.3.jar;C:\Users\elton\.m2\repository\org\apache\logging\log4j\log4j-to-slf4j\2.11.2\log4j-to-slf4j-2.11.2.jar;C:\Users\elton\.m2\repository\org\apache\logging\log4j\log4j-api\2.11.2\log4j-api-2.11.2.jar;C:\Users\elton\.m2\repository\org\slf4j\jul-to-slf4j\1.7.28\jul-to-slf4j-1.7.28.jar;C:\Users\elton\.m2\repository\javax\annotation\javax.annotation-api\1.3.2\javax.annotation-api-1.3.2.jar;C:\Users\elton\.m2\repository\org\yaml\snakeyaml\1.23\snakeyaml-1.23.jar;C:\Users\elton\.m2\repository\org\springframework\boot\spring-boot-starter-json\2.1.8.RELEASE\spring-boot-starter-json-2.1.8.RELEASE.jar;C:\Users\elton\.m2\repository\com\fasterxml\jackson\datatype\jackson-datatype-jdk8\2.9.9\jackson-datatype-jdk8-2.9.9.jar;C:\Users\elton\.m2\repository\com\fasterxml\jackson\datatype\jackson-datatype-jsr310\2.9.9\jackson-datatype-jsr310-2.9.9.jar;C:\Users\elton\.m2\repository\com\fasterxml\jackson\module\jackson-module-parameter-names\2.9.9\jackson-module-parameter-names-2.9.9.jar;C:\Users\elton\.m2\repository\org\springframework\boot\spring-boot-starter-tomcat\2.1.8.RELEASE\spring-boot-starter-tomcat-2.1.8.RELEASE.jar;C:\Users\elton\.m2\repository\org\apache\tomcat\embed\tomcat-embed-core\9.0.24\tomcat-embed-core-9.0.24.jar;C:\Users\elton\.m2\repository\org\apache\tomcat\embed\tomcat-embed-el\9.0.24\tomcat-embed-el-9.0.24.jar;C:\Users\elton\.m2\rep
Launcher Type: SUN_STANDARD

[Global flags]
     bool BytecodeVerificationLocal                = false                                     {product} {command line}
     bool BytecodeVerificationRemote               = false                                     {product} {command line}
     intx CICompilerCount                          = 4                                         {product} {ergonomic}
     uint ConcGCThreads                            = 3                                         {product} {ergonomic}
     uint G1ConcRefinementThreads                  = 10                                        {product} {ergonomic}
   size_t G1HeapRegionSize                         = 1048576                                   {product} {ergonomic}
    uintx GCDrainStackTargetSize                   = 64                                        {product} {ergonomic}
   size_t InitialHeapSize                          = 266338304                                 {product} {ergonomic}
     bool ManagementServer                         = true                                      {product} {command line}
   size_t MarkStackSize                            = 4194304                                   {product} {ergonomic}
   size_t MaxHeapSize                              = 4242538496                                {product} {ergonomic}
   size_t MaxNewSize                               = 2544893952                                {product} {ergonomic}
   size_t MinHeapDeltaBytes                        = 1048576                                   {product} {ergonomic}
    uintx NonNMethodCodeHeapSize                   = 7549744                                {pd product} {ergonomic}
    uintx NonProfiledCodeHeapSize                  = 244108496                              {pd product} {ergonomic}
    uintx ProfiledCodeHeapSize                     = 0                                      {pd product} {ergonomic}
    uintx ReservedCodeCacheSize                    = 251658240                              {pd product} {ergonomic}
     bool SegmentedCodeCache                       = true                                      {product} {ergonomic}
     intx TieredStopAtLevel                        = 1                                         {product} {command line}
     bool UseCompressedClassPointers               = true                                 {lp64_product} {ergonomic}
     bool UseCompressedOops                        = true                                 {lp64_product} {ergonomic}
     bool UseG1GC                                  = true                                      {product} {ergonomic}
     bool UseLargePagesIndividualAllocation        = false                                  {pd product} {ergonomic}

Logging:
Log output configuration:
 #0: stdout all=warning uptime,level,tags
 #1: stderr all=off uptime,level,tags

Environment Variables:
JAVA_HOME=C:\Program Files\Java\jdk-11.0.4
PATH=C:/Program Files/Java/jdk-11.0.4/bin/server;C:/Program Files/Java/jdk-11.0.4/bin;C:\Windows\system32;C:\Windows;C:\Windows\System32\Wbem;C:\Windows\System32\WindowsPowerShell\v1.0\;C:\Windows\System32\OpenSSH\;C:\Program Files (x86)\NVIDIA Corporation\PhysX\Common;C:\Program Files\Microsoft SQL Server\120\Tools\Binn\;C:\Program Files\Common Files\Autodesk Shared\;C:\Program Files\dotnet\;C:\Program Files\Microsoft SQL Server\130\Tools\Binn\;C:\Program Files\VDownloader;C:\Program Files\Java\jdk-11.0.4\bin;C:\Program Files (x86)\Intel\Intel(R) Management Engine Components\DAL;C:\Program Files\Intel\Intel(R) Management Engine Components\DAL;C:\WINDOWS\system32;C:\WINDOWS;C:\WINDOWS\System32\Wbem;C:\WINDOWS\System32\WindowsPowerShell\v1.0\;C:\WINDOWS\System32\OpenSSH\;C:\Program Files\MongoDB\Server\4.2\bin;C:\xampp\mysql\bin;C:\Program Files\nodejs\;C:\Program Files\MySQL\MySQL Shell 8.0\bin\;C:\Users\elton\AppData\Local\Microsoft\WindowsApps;C:\Program Files\heroku\bin;C:\Users\elton\AppData\Roaming\npm;C:\Users\elton\AppData\Local\Programs\Microsoft VS Code\bin;C:\sts-4.3.2.RELEASE;
USERNAME=elton
OS=Windows_NT
PROCESSOR_IDENTIFIER=Intel64 Family 6 Model 158 Stepping 10, GenuineIntel



---------------  S Y S T E M  ---------------

OS: Windows 10 , 64 bit Build 18362 (10.0.18362.329)

CPU:total 12 (initial active 12) (6 cores per cpu, 2 threads per core) family 6 model 158 stepping 10, cmov, cx8, fxsr, mmx, sse, sse2, sse3, ssse3, sse4.1, sse4.2, popcnt, avx, avx2, aes, clmul, erms, 3dnowpref, lzcnt, ht, tsc, tscinvbit, bmi1, bmi2, adx, fma

Memory: 4k page, system-wide physical 16178M (6453M free)
TotalPageFile size 22834M (AvailPageFile size 7509M)
current process WorkingSet (physical memory assigned to process): 100M, peak: 100M
current process commit charge ("private bytes"): 365M, peak: 365M

vm_info: Java HotSpot(TM) 64-Bit Server VM (11.0.4+10-LTS) for windows-amd64 JRE (11.0.4+10-LTS), built on Jul  4 2019 16:28:13 by "mach5one" with MS VC++ 15.5 (VS2017)

END.
