#
# A fatal error has been detected by the Java Runtime Environment:
#
#  EXCEPTION_ACCESS_VIOLATION (0xc0000005) at pc=0x00007ffc921e4e90, pid=22276, tid=18716
#
# JRE version: Java(TM) SE Runtime Environment (11.0.4+10) (build 11.0.4+10-LTS)
# Java VM: Java HotSpot(TM) 64-Bit Server VM (11.0.4+10-LTS, mixed mode, tiered, compressed oops, g1 gc, windows-amd64)
# Problematic frame:
# V  [jvm.dll+0x2c4e90]
#
# No core dump will be written. Minidumps are not enabled by default on client versions of Windows
#
# If you would like to submit a bug report, please visit:
#   http://bugreport.java.com/bugreport/crash.jsp
#

---------------  S U M M A R Y ------------

Command Line: -Dcom.sun.management.jmxremote -Dcom.sun.management.jmxremote.port=53395 -Dcom.sun.management.jmxremote.authenticate=false -Dcom.sun.management.jmxremote.ssl=false -Djava.rmi.server.hostname=localhost -Dspring.jmx.enabled=true -Dspring.application.admin.enabled=true -Xverify:none -XX:TieredStopAtLevel=1 -Dfile.encoding=UTF-8 com.esd.cursomc.CursomcApplication --spring.output.ansi.enabled=always

Host: Intel(R) Core(TM) i7-8750H CPU @ 2.20GHz, 12 cores, 15G,  Windows 10 , 64 bit Build 18362 (10.0.18362.329)
Time: Tue Oct  8 16:41:14 2019 Hora oficial do Brasil elapsed time: 24478 seconds (0d 6h 47m 58s)

---------------  T H R E A D  ---------------

Current thread (0x0000014a67307800):  VMThread "VM Thread" [stack: 0x0000003e97a00000,0x0000003e97b00000] [id=18716]

Stack: [0x0000003e97a00000,0x0000003e97b00000],  sp=0x0000003e97aff1e0,  free space=1020k
Native frames: (J=compiled Java code, j=interpreted, Vv=VM code, C=native code)
V  [jvm.dll+0x2c4e90]
V  [jvm.dll+0x1e5cbc]
V  [jvm.dll+0x1e8c1f]
V  [jvm.dll+0x2f45b2]
V  [jvm.dll+0x304cf8]
V  [jvm.dll+0x2f04e5]
V  [jvm.dll+0x77c0b3]
V  [jvm.dll+0x77b66c]
V  [jvm.dll+0x779b27]
V  [jvm.dll+0x77a350]
V  [jvm.dll+0x77a65f]
V  [jvm.dll+0x634c82]
C  [ucrtbase.dll+0x1d9f2]
C  [KERNEL32.DLL+0x17bd4]
C  [ntdll.dll+0x6cee1]


siginfo: EXCEPTION_ACCESS_VIOLATION (0xc0000005), reading address 0x000000040000000b


Register to memory mapping:

RIP=0x00007ffc921e4e90 jvm.dll
RAX=0x0 is NULL
RBX=0x0000000400000003 is an unknown value
RCX=0x0000014a68c6aba0 points into unknown readable memory: 01 00 00 00 00 00 00 00
RDX=0x0000014a414f0000 points into unknown readable memory: 00 00 00 00 00 00 00 00
RSP=0x0000003e97aff1e0 points into unknown readable memory: 20 9e c4 68 4a 01 00 00
RBP=0x0 is NULL
RSI=0x0000014a68c38660 points into unknown readable memory: 03 00 00 00 04 00 00 00
RDI=0x0000014a68c6aba0 points into unknown readable memory: 01 00 00 00 00 00 00 00
R8 =0x0000014a414212c0 points into unknown readable memory: c0 0c 42 41 4a 01 00 00
R9 =0x0000000000000001 is an unknown value
R10=0x0000000000008000 is an unknown value
R11=0x0000003e97aff180 points into unknown readable memory: d8 03 00 00 00 00 00 00
R12=0x00007ffc9275b248 jvm.dll
R13=0x00007ffc929afbb0 jvm.dll
R14=0x0 is NULL
R15=0x0 is NULL


Registers:
RAX=0x0000000000000000, RBX=0x0000000400000003, RCX=0x0000014a68c6aba0, RDX=0x0000014a414f0000
RSP=0x0000003e97aff1e0, RBP=0x0000000000000000, RSI=0x0000014a68c38660, RDI=0x0000014a68c6aba0
R8 =0x0000014a414212c0, R9 =0x0000000000000001, R10=0x0000000000008000, R11=0x0000003e97aff180
R12=0x00007ffc9275b248, R13=0x00007ffc929afbb0, R14=0x0000000000000000, R15=0x0000000000000000
RIP=0x00007ffc921e4e90, EFLAGS=0x0000000000010206

Top of Stack: (sp=0x0000003e97aff1e0)
0x0000003e97aff1e0:   0000014a68c49e20 00007ffcfbf3f87b
0x0000003e97aff1f0:   0000014a68b27730 0000000000000000
0x0000003e97aff200:   00000000000003d8 0000014a68c49e20
0x0000003e97aff210:   0000003e97aff450 00007ffc92105cbc
0x0000003e97aff220:   0000014a68c6aba0 0000000000000000
0x0000003e97aff230:   0000014a672c2b78 0000014a68c49e20
0x0000003e97aff240:   00007ffc92780ef0 0000000000000001
0x0000003e97aff250:   0000000000000000 00007ffc9275b248
0x0000003e97aff260:   0000014a68c49e20 00007ffc92108c1f
0x0000003e97aff270:   0000014a68b27730 0000014a68c7a190
0x0000003e97aff280:   0000000000000001 0000000000000000
0x0000003e97aff290:   0000014a4369bf10 00007ffc922145b2
0x0000003e97aff2a0:   0000000000000000 00007ffcfbf3f87b
0x0000003e97aff2b0:   0000014a68de3360 0000000000000001
0x0000003e97aff2c0:   00007ffc927eb738 00007ffc00000000
0x0000003e97aff2d0:   0000014a0000001a 00007ffc92032f2a 

Instructions: (pc=0x00007ffc921e4e90)
0x00007ffc921e4e70:   48 89 74 24 48 4c 89 74 24 50 45 8b f7 0f 1f 00
0x00007ffc921e4e80:   48 8b 77 08 4a 8b 1c 36 48 85 db 74 59 0f 1f 00
0x00007ffc921e4e90:   48 8b 43 08 48 83 e0 fe 4a 89 04 36 48 8b 43 18
0x00007ffc921e4ea0:   48 85 c0 74 24 66 66 66 0f 1f 84 00 00 00 00 00 


Stack slot to memory mapping:
stack at sp + 0 slots: 0x0000014a68c49e20 points into unknown readable memory: 78 9a b2 68 4a 01 00 00
stack at sp + 1 slots: 0x00007ffcfbf3f87b ucrtbase.dll
stack at sp + 2 slots: 0x0000014a68b27730 points into unknown readable memory: 6d 00 00 00 00 00 00 00
stack at sp + 3 slots: 0x0 is NULL
stack at sp + 4 slots: 0x00000000000003d8 is an unknown value
stack at sp + 5 slots: 0x0000014a68c49e20 points into unknown readable memory: 78 9a b2 68 4a 01 00 00
stack at sp + 6 slots: 0x0000003e97aff450 points into unknown readable memory: 00 f5 af 97 3e 00 00 00
stack at sp + 7 slots: 0x00007ffc92105cbc jvm.dll

VM_Operation (0x0000003e987fee80): G1CollectFull, mode: safepoint, requested by thread 0x0000014a68f77000


---------------  P R O C E S S  ---------------

Threads class SMR info:
_java_thread_list=0x0000014a6d2fa180, length=20, elements={
0x0000014a6730e000, 0x0000014a67bba800, 0x0000014a67c12800, 0x0000014a67c14800,
0x0000014a67c16000, 0x0000014a67c23000, 0x0000014a67dd4000, 0x0000014a67e51800,
0x0000014a68c75000, 0x0000014a68c82000, 0x0000014a68a55000, 0x0000014a68d80000,
0x0000014a68dd0000, 0x0000014a6b241000, 0x0000014a68f75800, 0x0000014a68f76800,
0x0000014a68f70800, 0x0000014a68f78000, 0x0000014a68f77000, 0x0000014a68e2a800
}

Java Threads: ( => current thread )
  0x0000014a6730e000 JavaThread "Reference Handler" daemon [_thread_blocked, id=26584, stack(0x0000003e97b00000,0x0000003e97c00000)]
  0x0000014a67bba800 JavaThread "Finalizer" daemon [_thread_blocked, id=23352, stack(0x0000003e97c00000,0x0000003e97d00000)]
  0x0000014a67c12800 JavaThread "Signal Dispatcher" daemon [_thread_blocked, id=8204, stack(0x0000003e97d00000,0x0000003e97e00000)]
  0x0000014a67c14800 JavaThread "Attach Listener" daemon [_thread_blocked, id=15084, stack(0x0000003e97e00000,0x0000003e97f00000)]
  0x0000014a67c16000 JavaThread "C1 CompilerThread0" daemon [_thread_blocked, id=16228, stack(0x0000003e97f00000,0x0000003e98000000)]
  0x0000014a67c23000 JavaThread "Sweeper thread" daemon [_thread_blocked, id=27208, stack(0x0000003e98000000,0x0000003e98100000)]
  0x0000014a67dd4000 JavaThread "Common-Cleaner" daemon [_thread_blocked, id=11056, stack(0x0000003e98100000,0x0000003e98200000)]
  0x0000014a67e51800 JavaThread "Service Thread" daemon [_thread_blocked, id=25992, stack(0x0000003e98400000,0x0000003e98500000)]
  0x0000014a68c75000 JavaThread "RMI TCP Accept-0" daemon [_thread_in_native, id=26760, stack(0x0000003e98500000,0x0000003e98600000)]
  0x0000014a68c82000 JavaThread "RMI TCP Accept-53395" daemon [_thread_in_native, id=27144, stack(0x0000003e98600000,0x0000003e98700000)]
  0x0000014a68a55000 JavaThread "RMI TCP Accept-0" daemon [_thread_in_native, id=10500, stack(0x0000003e98d00000,0x0000003e98e00000)]
  0x0000014a68d80000 JavaThread "RMI Scheduler(0)" daemon [_thread_blocked, id=5076, stack(0x0000003e98f00000,0x0000003e99000000)]
  0x0000014a68dd0000 JavaThread "JMX server connection timeout 20" daemon [_thread_blocked, id=4168, stack(0x0000003e99100000,0x0000003e99200000)]
  0x0000014a6b241000 JavaThread "mysql-cj-abandoned-connection-cleanup" daemon [_thread_blocked, id=25076, stack(0x0000003e99c00000,0x0000003e99d00000)]
  0x0000014a68f75800 JavaThread "http-nio-8080-Acceptor" daemon [_thread_blocked, id=20012, stack(0x0000003e9af00000,0x0000003e9b000000)]
  0x0000014a68f76800 JavaThread "DestroyJavaVM" [_thread_blocked, id=12000, stack(0x0000003e97400000,0x0000003e97500000)]
  0x0000014a68f70800 JavaThread "JMX server connection timeout 105" daemon [_thread_blocked, id=20484, stack(0x0000003e98200000,0x0000003e98300000)]
  0x0000014a68f78000 JavaThread "RMI TCP Connection(701)-127.0.0.1" daemon [_thread_in_native, id=15068, stack(0x0000003e98300000,0x0000003e98400000)]
  0x0000014a68f77000 JavaThread "Thread-1" [_thread_blocked, id=16648, stack(0x0000003e98700000,0x0000003e98800000)]
  0x0000014a68e2a800 JavaThread "C1 CompilerThread1" daemon [_thread_blocked, id=28712, stack(0x0000003e99000000,0x0000003e99100000)]

Other Threads:
=>0x0000014a67307800 VMThread "VM Thread" [stack: 0x0000003e97a00000,0x0000003e97b00000] [id=18716]
  0x0000014a68d58000 WatcherThread [stack: 0x0000003e98e00000,0x0000003e98f00000] [id=13920]
  0x0000014a436a3800 GCTaskThread "GC Thread#0" [stack: 0x0000003e97500000,0x0000003e97600000] [id=12960]
  0x0000014a68d2f800 GCTaskThread "GC Thread#1" [stack: 0x0000003e98800000,0x0000003e98900000] [id=29556]
  0x0000014a68d30000 GCTaskThread "GC Thread#2" [stack: 0x0000003e98900000,0x0000003e98a00000] [id=2528]
  0x0000014a68d30800 GCTaskThread "GC Thread#3" [stack: 0x0000003e98a00000,0x0000003e98b00000] [id=21464]
  0x0000014a68d31800 GCTaskThread "GC Thread#4" [stack: 0x0000003e98b00000,0x0000003e98c00000] [id=20124]
  0x0000014a68d36000 GCTaskThread "GC Thread#5" [stack: 0x0000003e98c00000,0x0000003e98d00000] [id=29368]
  0x0000014a69322000 GCTaskThread "GC Thread#6" [stack: 0x0000003e99600000,0x0000003e99700000] [id=10284]
  0x0000014a6932e000 GCTaskThread "GC Thread#7" [stack: 0x0000003e99700000,0x0000003e99800000] [id=31028]
  0x0000014a6c6fc800 GCTaskThread "GC Thread#8" [stack: 0x0000003e99d00000,0x0000003e99e00000] [id=1352]
  0x0000014a6c6fd000 GCTaskThread "GC Thread#9" [stack: 0x0000003e99e00000,0x0000003e99f00000] [id=11836]
  0x0000014a43702800 ConcurrentGCThread "G1 Main Marker" [stack: 0x0000003e97600000,0x0000003e97700000] [id=30612]
  0x0000014a43704000 ConcurrentGCThread "G1 Conc#0" [stack: 0x0000003e97700000,0x0000003e97800000] [id=17212]
  0x0000014a69165000 ConcurrentGCThread "G1 Conc#1" [stack: 0x0000003e99800000,0x0000003e99900000] [id=16328]
  0x0000014a68d42800 ConcurrentGCThread "G1 Conc#2" [stack: 0x0000003e99900000,0x0000003e99a00000] [id=13128]
  0x0000014a671ef800 ConcurrentGCThread "G1 Refine#0" [stack: 0x0000003e97800000,0x0000003e97900000] [id=28600]
  0x0000014a671f0800 ConcurrentGCThread "G1 Young RemSet Sampling" [stack: 0x0000003e97900000,0x0000003e97a00000] [id=8664]

Threads with active compile tasks:

VM state:at safepoint (normal execution)

VM Mutex/Monitor currently owned by a thread:  ([mutex/lock_event])
[0x0000014a4368bcf0] Threads_lock - owner thread: 0x0000014a67307800
[0x0000014a4368b510] Heap_lock - owner thread: 0x0000014a68f77000

Heap address: 0x0000000703200000, size: 4046 MB, Compressed Oops mode: Zero based, Oop shift amount: 3
Narrow klass base: 0x0000000800000000, Narrow klass shift: 0
Compressed class space size: 1073741824 Address: 0x0000000800000000

Heap:
 garbage-first heap   total 312320K, used 108099K [0x0000000703200000, 0x0000000800000000)
  region size 1024K, 71 young (72704K), 13 survivors (13312K)
 Metaspace       used 77737K, capacity 79808K, committed 80256K, reserved 1118208K
  class space    used 10179K, capacity 10951K, committed 11136K, reserved 1048576K
Heap Regions: E=young(eden), S=young(survivor), O=old, HS=humongous(starts), HC=humongous(continues), CS=collection set, F=free, A=archive, TAMS=top-at-mark-start (previous, next)
|   0|0x0000000703200000, 0x0000000703300000, 0x0000000703300000|100%|HS|  |TAMS 0x0000000703200000, 0x0000000703200000| Untracked 
|   1|0x0000000703300000, 0x00000007033fede0, 0x0000000703400000| 99%| O|  |TAMS 0x0000000703300000, 0x0000000703300000| Untracked 
|   2|0x0000000703400000, 0x00000007034ffaf0, 0x0000000703500000| 99%| O|  |TAMS 0x0000000703400000, 0x0000000703400000| Untracked 
|   3|0x0000000703500000, 0x00000007035ffd30, 0x0000000703600000| 99%| O|  |TAMS 0x0000000703500000, 0x0000000703500000| Untracked 
|   4|0x0000000703600000, 0x00000007036f9b90, 0x0000000703700000| 97%| O|  |TAMS 0x0000000703600000, 0x0000000703600000| Untracked 
|   5|0x0000000703700000, 0x00000007037ffd38, 0x0000000703800000| 99%| O|  |TAMS 0x0000000703700000, 0x0000000703700000| Untracked 
|   6|0x0000000703800000, 0x00000007038fffd0, 0x0000000703900000| 99%| O|  |TAMS 0x0000000703800000, 0x0000000703800000| Untracked 
|   7|0x0000000703900000, 0x00000007039fffd0, 0x0000000703a00000| 99%| O|  |TAMS 0x0000000703900000, 0x0000000703900000| Untracked 
|   8|0x0000000703a00000, 0x0000000703b00000, 0x0000000703b00000|100%| O|  |TAMS 0x0000000703a00000, 0x0000000703a00000| Untracked 
|   9|0x0000000703b00000, 0x0000000703bff0d0, 0x0000000703c00000| 99%| O|  |TAMS 0x0000000703b00000, 0x0000000703b00000| Untracked 
|  10|0x0000000703c00000, 0x0000000703cfffe8, 0x0000000703d00000| 99%| O|  |TAMS 0x0000000703c00000, 0x0000000703c00000| Untracked 
|  11|0x0000000703d00000, 0x0000000703dfffe0, 0x0000000703e00000| 99%| O|  |TAMS 0x0000000703d00000, 0x0000000703d00000| Untracked 
|  12|0x0000000703e00000, 0x0000000703f00000, 0x0000000703f00000|100%| O|  |TAMS 0x0000000703e00000, 0x0000000703e00000| Untracked 
|  13|0x0000000703f00000, 0x0000000703ffffc0, 0x0000000704000000| 99%| O|  |TAMS 0x0000000703f00000, 0x0000000703f00000| Untracked 
|  14|0x0000000704000000, 0x00000007040ffff8, 0x0000000704100000| 99%| O|  |TAMS 0x0000000704000000, 0x0000000704000000| Untracked 
|  15|0x0000000704100000, 0x00000007041fcda8, 0x0000000704200000| 98%| O|  |TAMS 0x0000000704100000, 0x0000000704100000| Untracked 
|  16|0x0000000704200000, 0x00000007042fff90, 0x0000000704300000| 99%| O|  |TAMS 0x0000000704200000, 0x0000000704200000| Untracked 
|  17|0x0000000704300000, 0x00000007043fffe8, 0x0000000704400000| 99%| O|  |TAMS 0x0000000704300000, 0x0000000704300000| Untracked 
|  18|0x0000000704400000, 0x00000007044ffff0, 0x0000000704500000| 99%| O|  |TAMS 0x0000000704400000, 0x0000000704400000| Untracked 
|  19|0x0000000704500000, 0x00000007045fffd8, 0x0000000704600000| 99%| O|  |TAMS 0x0000000704500000, 0x0000000704500000| Untracked 
|  20|0x0000000704600000, 0x00000007046ffff0, 0x0000000704700000| 99%| O|  |TAMS 0x0000000704600000, 0x0000000704600000| Untracked 
|  21|0x0000000704700000, 0x0000000704800000, 0x0000000704800000|100%| O|  |TAMS 0x0000000704700000, 0x0000000704700000| Untracked 
|  22|0x0000000704800000, 0x00000007048fffc8, 0x0000000704900000| 99%| O|  |TAMS 0x0000000704800000, 0x0000000704800000| Untracked 
|  23|0x0000000704900000, 0x00000007049fffe8, 0x0000000704a00000| 99%| O|  |TAMS 0x0000000704900000, 0x0000000704900000| Untracked 
|  24|0x0000000704a00000, 0x0000000704afff90, 0x0000000704b00000| 99%| O|  |TAMS 0x0000000704a00000, 0x0000000704a00000| Untracked 
|  25|0x0000000704b00000, 0x0000000704bffff8, 0x0000000704c00000| 99%| O|  |TAMS 0x0000000704b00000, 0x0000000704b00000| Untracked 
|  26|0x0000000704c00000, 0x0000000704cffff0, 0x0000000704d00000| 99%| O|  |TAMS 0x0000000704c00000, 0x0000000704c00000| Untracked 
|  27|0x0000000704d00000, 0x0000000704dffff0, 0x0000000704e00000| 99%| O|  |TAMS 0x0000000704d00000, 0x0000000704d00000| Untracked 
|  28|0x0000000704e00000, 0x0000000704effff8, 0x0000000704f00000| 99%| O|  |TAMS 0x0000000704e00000, 0x0000000704e00000| Untracked 
|  29|0x0000000704f00000, 0x0000000705000000, 0x0000000705000000|100%| O|  |TAMS 0x0000000704f00000, 0x0000000704f00000| Untracked 
|  30|0x0000000705000000, 0x00000007050ffff8, 0x0000000705100000| 99%| O|  |TAMS 0x0000000705000000, 0x0000000705000000| Untracked 
|  31|0x0000000705100000, 0x00000007051d7540, 0x0000000705200000| 84%| O|  |TAMS 0x0000000705100000, 0x0000000705100000| Untracked 
|  32|0x0000000705200000, 0x00000007052d4da8, 0x0000000705300000| 83%| O|  |TAMS 0x0000000705200000, 0x0000000705200000| Untracked 
|  33|0x0000000705300000, 0x0000000705400000, 0x0000000705400000|100%| O|  |TAMS 0x0000000705300000, 0x0000000705300000| Untracked 
|  34|0x0000000705400000, 0x00000007054ff128, 0x0000000705500000| 99%| O|  |TAMS 0x0000000705400000, 0x0000000705400000| Untracked 
|  35|0x0000000705500000, 0x00000007055dc0b8, 0x0000000705600000| 85%| O|  |TAMS 0x0000000705500000, 0x0000000705500000| Untracked 
|  36|0x0000000705600000, 0x0000000705600000, 0x0000000705700000|  0%| F|  |TAMS 0x0000000705600000, 0x0000000705600000| Untracked 
|  37|0x0000000705700000, 0x0000000705700000, 0x0000000705800000|  0%| F|  |TAMS 0x0000000705700000, 0x0000000705700000| Untracked 
|  38|0x0000000705800000, 0x0000000705800000, 0x0000000705900000|  0%| F|  |TAMS 0x0000000705800000, 0x0000000705800000| Untracked 
|  39|0x0000000705900000, 0x0000000705900000, 0x0000000705a00000|  0%| F|  |TAMS 0x0000000705900000, 0x0000000705900000| Untracked 
|  40|0x0000000705a00000, 0x0000000705a00000, 0x0000000705b00000|  0%| F|  |TAMS 0x0000000705a00000, 0x0000000705a00000| Untracked 
|  41|0x0000000705b00000, 0x0000000705b00000, 0x0000000705c00000|  0%| F|  |TAMS 0x0000000705b00000, 0x0000000705b00000| Untracked 
|  42|0x0000000705c00000, 0x0000000705c00000, 0x0000000705d00000|  0%| F|  |TAMS 0x0000000705c00000, 0x0000000705c00000| Untracked 
|  43|0x0000000705d00000, 0x0000000705d00000, 0x0000000705e00000|  0%| F|  |TAMS 0x0000000705d00000, 0x0000000705d00000| Untracked 
|  44|0x0000000705e00000, 0x0000000705e00000, 0x0000000705f00000|  0%| F|  |TAMS 0x0000000705e00000, 0x0000000705e00000| Untracked 
|  45|0x0000000705f00000, 0x0000000705f00000, 0x0000000706000000|  0%| F|  |TAMS 0x0000000705f00000, 0x0000000705f00000| Untracked 
|  46|0x0000000706000000, 0x0000000706000000, 0x0000000706100000|  0%| F|  |TAMS 0x0000000706000000, 0x0000000706000000| Untracked 
|  47|0x0000000706100000, 0x0000000706100000, 0x0000000706200000|  0%| F|  |TAMS 0x0000000706100000, 0x0000000706100000| Untracked 
|  48|0x0000000706200000, 0x0000000706200000, 0x0000000706300000|  0%| F|  |TAMS 0x0000000706200000, 0x0000000706200000| Untracked 
|  49|0x0000000706300000, 0x0000000706300000, 0x0000000706400000|  0%| F|  |TAMS 0x0000000706300000, 0x0000000706300000| Untracked 
|  50|0x0000000706400000, 0x0000000706400000, 0x0000000706500000|  0%| F|  |TAMS 0x0000000706400000, 0x0000000706400000| Untracked 
|  51|0x0000000706500000, 0x0000000706500000, 0x0000000706600000|  0%| F|  |TAMS 0x0000000706500000, 0x0000000706500000| Untracked 
|  52|0x0000000706600000, 0x0000000706600000, 0x0000000706700000|  0%| F|  |TAMS 0x0000000706600000, 0x0000000706600000| Untracked 
|  53|0x0000000706700000, 0x0000000706700000, 0x0000000706800000|  0%| F|  |TAMS 0x0000000706700000, 0x0000000706700000| Untracked 
|  54|0x0000000706800000, 0x0000000706800000, 0x0000000706900000|  0%| F|  |TAMS 0x0000000706800000, 0x0000000706800000| Untracked 
|  55|0x0000000706900000, 0x0000000706900000, 0x0000000706a00000|  0%| F|  |TAMS 0x0000000706900000, 0x0000000706900000| Untracked 
|  56|0x0000000706a00000, 0x0000000706a00000, 0x0000000706b00000|  0%| F|  |TAMS 0x0000000706a00000, 0x0000000706a00000| Untracked 
|  57|0x0000000706b00000, 0x0000000706bffff0, 0x0000000706c00000| 99%| F|  |TAMS 0x0000000706b00000, 0x0000000706b00000| Untracked 
|  58|0x0000000706c00000, 0x0000000706c7b7b8, 0x0000000706d00000| 48%| F|  |TAMS 0x0000000706c00000, 0x0000000706c00000| Untracked 
|  59|0x0000000706d00000, 0x0000000706d00000, 0x0000000706e00000|  0%| F|  |TAMS 0x0000000706d00000, 0x0000000706d00000| Untracked 
|  60|0x0000000706e00000, 0x0000000706e00000, 0x0000000706f00000|  0%| F|  |TAMS 0x0000000706e00000, 0x0000000706e00000| Untracked 
|  61|0x0000000706f00000, 0x0000000706f00000, 0x0000000707000000|  0%| F|  |TAMS 0x0000000706f00000, 0x0000000706f00000| Untracked 
|  62|0x0000000707000000, 0x0000000707000000, 0x0000000707100000|  0%| F|  |TAMS 0x0000000707000000, 0x0000000707000000| Untracked 
|  63|0x0000000707100000, 0x0000000707100000, 0x0000000707200000|  0%| F|  |TAMS 0x0000000707100000, 0x0000000707100000| Untracked 
|  64|0x0000000707200000, 0x0000000707200000, 0x0000000707300000|  0%| F|  |TAMS 0x0000000707200000, 0x0000000707200000| Untracked 
|  65|0x0000000707300000, 0x0000000707300000, 0x0000000707400000|  0%| F|  |TAMS 0x0000000707300000, 0x0000000707300000| Untracked 
|  66|0x0000000707400000, 0x0000000707400000, 0x0000000707500000|  0%| F|  |TAMS 0x0000000707400000, 0x0000000707400000| Untracked 
|  67|0x0000000707500000, 0x0000000707500000, 0x0000000707600000|  0%| F|  |TAMS 0x0000000707500000, 0x0000000707500000| Untracked 
|  68|0x0000000707600000, 0x0000000707600000, 0x0000000707700000|  0%| F|  |TAMS 0x0000000707600000, 0x0000000707600000| Untracked 
|  69|0x0000000707700000, 0x0000000707700000, 0x0000000707800000|  0%| F|  |TAMS 0x0000000707700000, 0x0000000707700000| Untracked 
|  70|0x0000000707800000, 0x0000000707800000, 0x0000000707900000|  0%| F|  |TAMS 0x0000000707800000, 0x0000000707800000| Untracked 
|  71|0x0000000707900000, 0x0000000707900000, 0x0000000707a00000|  0%| F|  |TAMS 0x0000000707900000, 0x0000000707900000| Untracked 
|  72|0x0000000707a00000, 0x0000000707a00000, 0x0000000707b00000|  0%| F|  |TAMS 0x0000000707a00000, 0x0000000707a00000| Untracked 
|  73|0x0000000707b00000, 0x0000000707b00000, 0x0000000707c00000|  0%| F|  |TAMS 0x0000000707b00000, 0x0000000707b00000| Untracked 
|  74|0x0000000707c00000, 0x0000000707c00000, 0x0000000707d00000|  0%| F|  |TAMS 0x0000000707c00000, 0x0000000707c00000| Untracked 
|  75|0x0000000707d00000, 0x0000000707d00000, 0x0000000707e00000|  0%| F|  |TAMS 0x0000000707d00000, 0x0000000707d00000| Untracked 
|  76|0x0000000707e00000, 0x0000000707e00000, 0x0000000707f00000|  0%| F|  |TAMS 0x0000000707e00000, 0x0000000707e00000| Untracked 
|  77|0x0000000707f00000, 0x0000000707f00000, 0x0000000708000000|  0%| F|  |TAMS 0x0000000707f00000, 0x0000000707f00000| Untracked 
|  78|0x0000000708000000, 0x0000000708000000, 0x0000000708100000|  0%| F|  |TAMS 0x0000000708000000, 0x0000000708000000| Untracked 
|  79|0x0000000708100000, 0x0000000708100000, 0x0000000708200000|  0%| F|  |TAMS 0x0000000708100000, 0x0000000708100000| Untracked 
|  80|0x0000000708200000, 0x0000000708200000, 0x0000000708300000|  0%| F|  |TAMS 0x0000000708200000, 0x0000000708200000| Untracked 
|  81|0x0000000708300000, 0x0000000708300000, 0x0000000708400000|  0%| F|  |TAMS 0x0000000708300000, 0x0000000708300000| Untracked 
|  82|0x0000000708400000, 0x0000000708434440, 0x0000000708500000| 20%| F|  |TAMS 0x0000000708400000, 0x0000000708400000| Untracked 
|  83|0x0000000708500000, 0x0000000708500000, 0x0000000708600000|  0%| F|  |TAMS 0x0000000708500000, 0x0000000708500000| Untracked 
|  84|0x0000000708600000, 0x0000000708600000, 0x0000000708700000|  0%| F|  |TAMS 0x0000000708600000, 0x0000000708600000| Untracked 
|  85|0x0000000708700000, 0x0000000708700000, 0x0000000708800000|  0%| F|  |TAMS 0x0000000708700000, 0x0000000708700000| Untracked 
|  86|0x0000000708800000, 0x0000000708800000, 0x0000000708900000|  0%| F|  |TAMS 0x0000000708800000, 0x0000000708800000| Untracked 
|  87|0x0000000708900000, 0x0000000708900000, 0x0000000708a00000|  0%| F|  |TAMS 0x0000000708900000, 0x0000000708900000| Untracked 
|  88|0x0000000708a00000, 0x0000000708a00000, 0x0000000708b00000|  0%| F|  |TAMS 0x0000000708a00000, 0x0000000708a00000| Untracked 
|  89|0x0000000708b00000, 0x0000000708b00000, 0x0000000708c00000|  0%| F|  |TAMS 0x0000000708b00000, 0x0000000708b00000| Untracked 
|  90|0x0000000708c00000, 0x0000000708c00000, 0x0000000708d00000|  0%| F|  |TAMS 0x0000000708c00000, 0x0000000708c00000| Untracked 
|  91|0x0000000708d00000, 0x0000000708d00000, 0x0000000708e00000|  0%| F|  |TAMS 0x0000000708d00000, 0x0000000708d00000| Untracked 
|  92|0x0000000708e00000, 0x0000000708e00000, 0x0000000708f00000|  0%| F|  |TAMS 0x0000000708e00000, 0x0000000708e00000| Untracked 
|  93|0x0000000708f00000, 0x0000000708f00000, 0x0000000709000000|  0%| F|  |TAMS 0x0000000708f00000, 0x0000000708f00000| Untracked 
|  94|0x0000000709000000, 0x0000000709000000, 0x0000000709100000|  0%| F|  |TAMS 0x0000000709000000, 0x0000000709000000| Untracked 
|  95|0x0000000709100000, 0x0000000709100000, 0x0000000709200000|  0%| F|  |TAMS 0x0000000709100000, 0x0000000709100000| Untracked 
|  96|0x0000000709200000, 0x0000000709200000, 0x0000000709300000|  0%| F|  |TAMS 0x0000000709200000, 0x0000000709200000| Untracked 
|  97|0x0000000709300000, 0x0000000709300000, 0x0000000709400000|  0%| F|  |TAMS 0x0000000709300000, 0x0000000709300000| Untracked 
|  98|0x0000000709400000, 0x0000000709400000, 0x0000000709500000|  0%| F|  |TAMS 0x0000000709400000, 0x0000000709400000| Untracked 
|  99|0x0000000709500000, 0x0000000709500000, 0x0000000709600000|  0%| F|  |TAMS 0x0000000709500000, 0x0000000709500000| Untracked 
| 100|0x0000000709600000, 0x0000000709600000, 0x0000000709700000|  0%| F|  |TAMS 0x0000000709600000, 0x0000000709600000| Untracked 
| 101|0x0000000709700000, 0x0000000709700000, 0x0000000709800000|  0%| F|  |TAMS 0x0000000709700000, 0x0000000709700000| Untracked 
| 102|0x0000000709800000, 0x0000000709800000, 0x0000000709900000|  0%| F|  |TAMS 0x0000000709800000, 0x0000000709800000| Untracked 
| 103|0x0000000709900000, 0x0000000709900000, 0x0000000709a00000|  0%| F|  |TAMS 0x0000000709900000, 0x0000000709900000| Untracked 
| 104|0x0000000709a00000, 0x0000000709a00000, 0x0000000709b00000|  0%| F|  |TAMS 0x0000000709a00000, 0x0000000709a00000| Untracked 
| 105|0x0000000709b00000, 0x0000000709b00000, 0x0000000709c00000|  0%| F|  |TAMS 0x0000000709b00000, 0x0000000709b00000| Untracked 
| 106|0x0000000709c00000, 0x0000000709c00000, 0x0000000709d00000|  0%| F|  |TAMS 0x0000000709c00000, 0x0000000709c00000| Untracked 
| 107|0x0000000709d00000, 0x0000000709d00000, 0x0000000709e00000|  0%| F|  |TAMS 0x0000000709d00000, 0x0000000709d00000| Untracked 
| 108|0x0000000709e00000, 0x0000000709e00000, 0x0000000709f00000|  0%| F|  |TAMS 0x0000000709e00000, 0x0000000709e00000| Untracked 
| 109|0x0000000709f00000, 0x0000000709fd6b00, 0x000000070a000000| 83%| S|  |TAMS 0x0000000709f00000, 0x0000000709f00000| Untracked 
| 110|0x000000070a000000, 0x000000070a000000, 0x000000070a100000|  0%| S|  |TAMS 0x000000070a000000, 0x000000070a000000| Untracked 
| 111|0x000000070a100000, 0x000000070a100000, 0x000000070a200000|  0%| S|  |TAMS 0x000000070a100000, 0x000000070a100000| Untracked 
| 112|0x000000070a200000, 0x000000070a200000, 0x000000070a300000|  0%| S|  |TAMS 0x000000070a200000, 0x000000070a200000| Untracked 
| 113|0x000000070a300000, 0x000000070a300000, 0x000000070a400000|  0%| S|  |TAMS 0x000000070a300000, 0x000000070a300000| Untracked 
| 114|0x000000070a400000, 0x000000070a400000, 0x000000070a500000|  0%| S|  |TAMS 0x000000070a400000, 0x000000070a400000| Untracked 
| 115|0x000000070a500000, 0x000000070a500000, 0x000000070a600000|  0%| S|  |TAMS 0x000000070a500000, 0x000000070a500000| Untracked 
| 116|0x000000070a600000, 0x000000070a600000, 0x000000070a700000|  0%| S|  |TAMS 0x000000070a600000, 0x000000070a600000| Untracked 
| 117|0x000000070a700000, 0x000000070a7f1150, 0x000000070a800000| 94%| S|  |TAMS 0x000000070a700000, 0x000000070a700000| Untracked 
| 118|0x000000070a800000, 0x000000070a800000, 0x000000070a900000|  0%| F|  |TAMS 0x000000070a800000, 0x000000070a800000| Untracked 
| 119|0x000000070a900000, 0x000000070a900000, 0x000000070aa00000|  0%| F|  |TAMS 0x000000070a900000, 0x000000070a900000| Untracked 
| 120|0x000000070aa00000, 0x000000070aa00000, 0x000000070ab00000|  0%| F|  |TAMS 0x000000070aa00000, 0x000000070aa00000| Untracked 
| 121|0x000000070ab00000, 0x000000070ab00000, 0x000000070ac00000|  0%| F|  |TAMS 0x000000070ab00000, 0x000000070ab00000| Untracked 
| 122|0x000000070ac00000, 0x000000070ac00000, 0x000000070ad00000|  0%| F|  |TAMS 0x000000070ac00000, 0x000000070ac00000| Untracked 
| 123|0x000000070ad00000, 0x000000070ad00000, 0x000000070ae00000|  0%| F|  |TAMS 0x000000070ad00000, 0x000000070ad00000| Untracked 
| 124|0x000000070ae00000, 0x000000070ae00000, 0x000000070af00000|  0%| F|  |TAMS 0x000000070ae00000, 0x000000070ae00000| Untracked 
| 125|0x000000070af00000, 0x000000070af00000, 0x000000070b000000|  0%| F|  |TAMS 0x000000070af00000, 0x000000070af00000| Untracked 
| 126|0x000000070b000000, 0x000000070b000000, 0x000000070b100000|  0%| F|  |TAMS 0x000000070b000000, 0x000000070b000000| Untracked 
| 127|0x000000070b100000, 0x000000070b100000, 0x000000070b200000|  0%| S|  |TAMS 0x000000070b100000, 0x000000070b100000| Untracked 
| 128|0x000000070b200000, 0x000000070b200000, 0x000000070b300000|  0%| S|  |TAMS 0x000000070b200000, 0x000000070b200000| Untracked 
| 129|0x000000070b300000, 0x000000070b300000, 0x000000070b400000|  0%| S|  |TAMS 0x000000070b300000, 0x000000070b300000| Untracked 
| 130|0x000000070b400000, 0x000000070b400000, 0x000000070b500000|  0%| S|  |TAMS 0x000000070b400000, 0x000000070b400000| Untracked 
| 131|0x000000070b500000, 0x000000070b500000, 0x000000070b600000|  0%| F|  |TAMS 0x000000070b500000, 0x000000070b500000| Untracked 
| 132|0x000000070b600000, 0x000000070b600000, 0x000000070b700000|  0%| F|  |TAMS 0x000000070b600000, 0x000000070b600000| Untracked 
| 133|0x000000070b700000, 0x000000070b700000, 0x000000070b800000|  0%| F|  |TAMS 0x000000070b700000, 0x000000070b700000| Untracked 
| 134|0x000000070b800000, 0x000000070b800000, 0x000000070b900000|  0%| F|  |TAMS 0x000000070b800000, 0x000000070b800000| Untracked 
| 135|0x000000070b900000, 0x000000070b900000, 0x000000070ba00000|  0%| F|  |TAMS 0x000000070b900000, 0x000000070b900000| Untracked 
| 136|0x000000070ba00000, 0x000000070ba00000, 0x000000070bb00000|  0%| F|  |TAMS 0x000000070ba00000, 0x000000070ba00000| Untracked 
| 137|0x000000070bb00000, 0x000000070bb00000, 0x000000070bc00000|  0%| F|  |TAMS 0x000000070bb00000, 0x000000070bb00000| Untracked 
| 138|0x000000070bc00000, 0x000000070bc00000, 0x000000070bd00000|  0%| F|  |TAMS 0x000000070bc00000, 0x000000070bc00000| Untracked 
| 139|0x000000070bd00000, 0x000000070bd00000, 0x000000070be00000|  0%| F|  |TAMS 0x000000070bd00000, 0x000000070bd00000| Untracked 
| 140|0x000000070be00000, 0x000000070be00000, 0x000000070bf00000|  0%| F|  |TAMS 0x000000070be00000, 0x000000070be00000| Untracked 
| 141|0x000000070bf00000, 0x000000070bf00000, 0x000000070c000000|  0%| F|  |TAMS 0x000000070bf00000, 0x000000070bf00000| Untracked 
| 142|0x000000070c000000, 0x000000070c000000, 0x000000070c100000|  0%| F|  |TAMS 0x000000070c000000, 0x000000070c000000| Untracked 
| 143|0x000000070c100000, 0x000000070c100000, 0x000000070c200000|  0%| F|  |TAMS 0x000000070c100000, 0x000000070c100000| Untracked 
| 144|0x000000070c200000, 0x000000070c200000, 0x000000070c300000|  0%| F|  |TAMS 0x000000070c200000, 0x000000070c200000| Untracked 
| 145|0x000000070c300000, 0x000000070c300000, 0x000000070c400000|  0%| F|  |TAMS 0x000000070c300000, 0x000000070c300000| Untracked 
| 146|0x000000070c400000, 0x000000070c400000, 0x000000070c500000|  0%| F|  |TAMS 0x000000070c400000, 0x000000070c400000| Untracked 
| 147|0x000000070c500000, 0x000000070c500000, 0x000000070c600000|  0%| F|  |TAMS 0x000000070c500000, 0x000000070c500000| Untracked 
| 148|0x000000070c600000, 0x000000070c600000, 0x000000070c700000|  0%| F|  |TAMS 0x000000070c600000, 0x000000070c600000| Untracked 
| 149|0x000000070c700000, 0x000000070c700000, 0x000000070c800000|  0%| F|  |TAMS 0x000000070c700000, 0x000000070c700000| Untracked 
| 150|0x000000070c800000, 0x000000070c800000, 0x000000070c900000|  0%| F|  |TAMS 0x000000070c800000, 0x000000070c800000| Untracked 
| 151|0x000000070c900000, 0x000000070c900000, 0x000000070ca00000|  0%| F|  |TAMS 0x000000070c900000, 0x000000070c900000| Untracked 
| 152|0x000000070ca00000, 0x000000070ca00000, 0x000000070cb00000|  0%| F|  |TAMS 0x000000070ca00000, 0x000000070ca00000| Untracked 
| 153|0x000000070cb00000, 0x000000070cb00000, 0x000000070cc00000|  0%| F|  |TAMS 0x000000070cb00000, 0x000000070cb00000| Untracked 
| 154|0x000000070cc00000, 0x000000070cc00000, 0x000000070cd00000|  0%| F|  |TAMS 0x000000070cc00000, 0x000000070cc00000| Untracked 
| 155|0x000000070cd00000, 0x000000070cd00000, 0x000000070ce00000|  0%| F|  |TAMS 0x000000070cd00000, 0x000000070cd00000| Untracked 
| 156|0x000000070ce00000, 0x000000070ce00000, 0x000000070cf00000|  0%| F|  |TAMS 0x000000070ce00000, 0x000000070ce00000| Untracked 
| 157|0x000000070cf00000, 0x000000070cf00000, 0x000000070d000000|  0%| F|  |TAMS 0x000000070cf00000, 0x000000070cf00000| Untracked 
| 158|0x000000070d000000, 0x000000070d000000, 0x000000070d100000|  0%| F|  |TAMS 0x000000070d000000, 0x000000070d000000| Untracked 
| 159|0x000000070d100000, 0x000000070d100000, 0x000000070d200000|  0%| F|  |TAMS 0x000000070d100000, 0x000000070d100000| Untracked 
| 160|0x000000070d200000, 0x000000070d200000, 0x000000070d300000|  0%| F|  |TAMS 0x000000070d200000, 0x000000070d200000| Untracked 
| 161|0x000000070d300000, 0x000000070d300000, 0x000000070d400000|  0%| F|  |TAMS 0x000000070d300000, 0x000000070d300000| Untracked 
| 162|0x000000070d400000, 0x000000070d400000, 0x000000070d500000|  0%| F|  |TAMS 0x000000070d400000, 0x000000070d400000| Untracked 
| 163|0x000000070d500000, 0x000000070d500000, 0x000000070d600000|  0%| F|  |TAMS 0x000000070d500000, 0x000000070d500000| Untracked 
| 164|0x000000070d600000, 0x000000070d600000, 0x000000070d700000|  0%| F|  |TAMS 0x000000070d600000, 0x000000070d600000| Untracked 
| 165|0x000000070d700000, 0x000000070d700000, 0x000000070d800000|  0%| F|  |TAMS 0x000000070d700000, 0x000000070d700000| Untracked 
| 166|0x000000070d800000, 0x000000070d800000, 0x000000070d900000|  0%| F|  |TAMS 0x000000070d800000, 0x000000070d800000| Untracked 
| 167|0x000000070d900000, 0x000000070d900000, 0x000000070da00000|  0%| F|  |TAMS 0x000000070d900000, 0x000000070d900000| Untracked 
| 168|0x000000070da00000, 0x000000070da00000, 0x000000070db00000|  0%| F|  |TAMS 0x000000070da00000, 0x000000070da00000| Untracked 
| 169|0x000000070db00000, 0x000000070db00000, 0x000000070dc00000|  0%| F|  |TAMS 0x000000070db00000, 0x000000070db00000| Untracked 
| 170|0x000000070dc00000, 0x000000070dc00000, 0x000000070dd00000|  0%| F|  |TAMS 0x000000070dc00000, 0x000000070dc00000| Untracked 
| 171|0x000000070dd00000, 0x000000070dd00000, 0x000000070de00000|  0%| F|  |TAMS 0x000000070dd00000, 0x000000070dd00000| Untracked 
| 172|0x000000070de00000, 0x000000070de00000, 0x000000070df00000|  0%| F|  |TAMS 0x000000070de00000, 0x000000070de00000| Untracked 
| 173|0x000000070df00000, 0x000000070df00000, 0x000000070e000000|  0%| F|  |TAMS 0x000000070df00000, 0x000000070df00000| Untracked 
| 174|0x000000070e000000, 0x000000070e000000, 0x000000070e100000|  0%| F|  |TAMS 0x000000070e000000, 0x000000070e000000| Untracked 
| 175|0x000000070e100000, 0x000000070e100000, 0x000000070e200000|  0%| F|  |TAMS 0x000000070e100000, 0x000000070e100000| Untracked 
| 176|0x000000070e200000, 0x000000070e200000, 0x000000070e300000|  0%| F|  |TAMS 0x000000070e200000, 0x000000070e200000| Untracked 
| 177|0x000000070e300000, 0x000000070e300000, 0x000000070e400000|  0%| F|  |TAMS 0x000000070e300000, 0x000000070e300000| Untracked 
| 178|0x000000070e400000, 0x000000070e400000, 0x000000070e500000|  0%| F|  |TAMS 0x000000070e400000, 0x000000070e400000| Untracked 
| 179|0x000000070e500000, 0x000000070e500000, 0x000000070e600000|  0%| F|  |TAMS 0x000000070e500000, 0x000000070e500000| Untracked 
| 180|0x000000070e600000, 0x000000070e600000, 0x000000070e700000|  0%| F|  |TAMS 0x000000070e600000, 0x000000070e600000| Untracked 
| 181|0x000000070e700000, 0x000000070e700000, 0x000000070e800000|  0%| F|  |TAMS 0x000000070e700000, 0x000000070e700000| Untracked 
| 182|0x000000070e800000, 0x000000070e800000, 0x000000070e900000|  0%| F|  |TAMS 0x000000070e800000, 0x000000070e800000| Untracked 
| 183|0x000000070e900000, 0x000000070e900000, 0x000000070ea00000|  0%| F|  |TAMS 0x000000070e900000, 0x000000070e900000| Untracked 
| 184|0x000000070ea00000, 0x000000070ea00000, 0x000000070eb00000|  0%| F|  |TAMS 0x000000070ea00000, 0x000000070ea00000| Untracked 
| 185|0x000000070eb00000, 0x000000070eb00000, 0x000000070ec00000|  0%| F|  |TAMS 0x000000070eb00000, 0x000000070eb00000| Untracked 
| 186|0x000000070ec00000, 0x000000070ec00000, 0x000000070ed00000|  0%| F|  |TAMS 0x000000070ec00000, 0x000000070ec00000| Untracked 
| 187|0x000000070ed00000, 0x000000070ed00000, 0x000000070ee00000|  0%| F|  |TAMS 0x000000070ed00000, 0x000000070ed00000| Untracked 
| 188|0x000000070ee00000, 0x000000070ee00000, 0x000000070ef00000|  0%| F|  |TAMS 0x000000070ee00000, 0x000000070ee00000| Untracked 
| 189|0x000000070ef00000, 0x000000070ef00000, 0x000000070f000000|  0%| F|  |TAMS 0x000000070ef00000, 0x000000070ef00000| Untracked 
| 190|0x000000070f000000, 0x000000070f000000, 0x000000070f100000|  0%| F|  |TAMS 0x000000070f000000, 0x000000070f000000| Untracked 
| 191|0x000000070f100000, 0x000000070f100000, 0x000000070f200000|  0%| F|  |TAMS 0x000000070f100000, 0x000000070f100000| Untracked 
| 192|0x000000070f200000, 0x000000070f200000, 0x000000070f300000|  0%| F|  |TAMS 0x000000070f200000, 0x000000070f200000| Untracked 
| 193|0x000000070f300000, 0x000000070f300000, 0x000000070f400000|  0%| F|  |TAMS 0x000000070f300000, 0x000000070f300000| Untracked 
| 194|0x000000070f400000, 0x000000070f400000, 0x000000070f500000|  0%| F|  |TAMS 0x000000070f400000, 0x000000070f400000| Untracked 
| 195|0x000000070f500000, 0x000000070f500000, 0x000000070f600000|  0%| F|  |TAMS 0x000000070f500000, 0x000000070f500000| Untracked 
| 196|0x000000070f600000, 0x000000070f600000, 0x000000070f700000|  0%| F|  |TAMS 0x000000070f600000, 0x000000070f600000| Untracked 
| 197|0x000000070f700000, 0x000000070f700000, 0x000000070f800000|  0%| F|  |TAMS 0x000000070f700000, 0x000000070f700000| Untracked 
| 198|0x000000070f800000, 0x000000070f800000, 0x000000070f900000|  0%| F|  |TAMS 0x000000070f800000, 0x000000070f800000| Untracked 
| 199|0x000000070f900000, 0x000000070f900000, 0x000000070fa00000|  0%| F|  |TAMS 0x000000070f900000, 0x000000070f900000| Untracked 
| 200|0x000000070fa00000, 0x000000070fa00000, 0x000000070fb00000|  0%| F|  |TAMS 0x000000070fa00000, 0x000000070fa00000| Untracked 
| 201|0x000000070fb00000, 0x000000070fb00000, 0x000000070fc00000|  0%| F|  |TAMS 0x000000070fb00000, 0x000000070fb00000| Untracked 
| 202|0x000000070fc00000, 0x000000070fc00000, 0x000000070fd00000|  0%| F|  |TAMS 0x000000070fc00000, 0x000000070fc00000| Untracked 
| 203|0x000000070fd00000, 0x000000070fd00000, 0x000000070fe00000|  0%| F|  |TAMS 0x000000070fd00000, 0x000000070fd00000| Untracked 
| 204|0x000000070fe00000, 0x000000070fe00000, 0x000000070ff00000|  0%| F|  |TAMS 0x000000070fe00000, 0x000000070fe00000| Untracked 
| 205|0x000000070ff00000, 0x000000070ff00000, 0x0000000710000000|  0%| F|  |TAMS 0x000000070ff00000, 0x000000070ff00000| Untracked 
| 206|0x0000000710000000, 0x0000000710000000, 0x0000000710100000|  0%| F|  |TAMS 0x0000000710000000, 0x0000000710000000| Untracked 
| 207|0x0000000710100000, 0x0000000710100000, 0x0000000710200000|  0%| F|  |TAMS 0x0000000710100000, 0x0000000710100000| Untracked 
| 208|0x0000000710200000, 0x0000000710200000, 0x0000000710300000|  0%| F|  |TAMS 0x0000000710200000, 0x0000000710200000| Untracked 
| 209|0x0000000710300000, 0x0000000710300000, 0x0000000710400000|  0%| F|  |TAMS 0x0000000710300000, 0x0000000710300000| Untracked 
| 210|0x0000000710400000, 0x0000000710400000, 0x0000000710500000|  0%| F|  |TAMS 0x0000000710400000, 0x0000000710400000| Untracked 
| 211|0x0000000710500000, 0x0000000710500000, 0x0000000710600000|  0%| F|  |TAMS 0x0000000710500000, 0x0000000710500000| Untracked 
| 212|0x0000000710600000, 0x0000000710600000, 0x0000000710700000|  0%| F|  |TAMS 0x0000000710600000, 0x0000000710600000| Untracked 
| 213|0x0000000710700000, 0x0000000710700000, 0x0000000710800000|  0%| F|  |TAMS 0x0000000710700000, 0x0000000710700000| Untracked 
| 214|0x0000000710800000, 0x0000000710800000, 0x0000000710900000|  0%| F|  |TAMS 0x0000000710800000, 0x0000000710800000| Untracked 
| 215|0x0000000710900000, 0x0000000710900000, 0x0000000710a00000|  0%| F|  |TAMS 0x0000000710900000, 0x0000000710900000| Untracked 
| 216|0x0000000710a00000, 0x0000000710a00000, 0x0000000710b00000|  0%| F|  |TAMS 0x0000000710a00000, 0x0000000710a00000| Untracked 
| 217|0x0000000710b00000, 0x0000000710b00000, 0x0000000710c00000|  0%| F|  |TAMS 0x0000000710b00000, 0x0000000710b00000| Untracked 
| 218|0x0000000710c00000, 0x0000000710c00000, 0x0000000710d00000|  0%| F|  |TAMS 0x0000000710c00000, 0x0000000710c00000| Untracked 
| 219|0x0000000710d00000, 0x0000000710d00000, 0x0000000710e00000|  0%| F|  |TAMS 0x0000000710d00000, 0x0000000710d00000| Untracked 
| 220|0x0000000710e00000, 0x0000000710e00000, 0x0000000710f00000|  0%| F|  |TAMS 0x0000000710e00000, 0x0000000710e00000| Untracked 
| 221|0x0000000710f00000, 0x0000000710f00000, 0x0000000711000000|  0%| F|  |TAMS 0x0000000710f00000, 0x0000000710f00000| Untracked 
| 222|0x0000000711000000, 0x0000000711000000, 0x0000000711100000|  0%| F|  |TAMS 0x0000000711000000, 0x0000000711000000| Untracked 
| 223|0x0000000711100000, 0x0000000711100000, 0x0000000711200000|  0%| F|  |TAMS 0x0000000711100000, 0x0000000711100000| Untracked 
| 224|0x0000000711200000, 0x0000000711200000, 0x0000000711300000|  0%| F|  |TAMS 0x0000000711200000, 0x0000000711200000| Untracked 
| 225|0x0000000711300000, 0x0000000711300000, 0x0000000711400000|  0%| F|  |TAMS 0x0000000711300000, 0x0000000711300000| Untracked 
| 226|0x0000000711400000, 0x0000000711400000, 0x0000000711500000|  0%| F|  |TAMS 0x0000000711400000, 0x0000000711400000| Untracked 
| 227|0x0000000711500000, 0x0000000711500000, 0x0000000711600000|  0%| F|  |TAMS 0x0000000711500000, 0x0000000711500000| Untracked 
| 228|0x0000000711600000, 0x0000000711600000, 0x0000000711700000|  0%| F|  |TAMS 0x0000000711600000, 0x0000000711600000| Untracked 
| 229|0x0000000711700000, 0x0000000711700000, 0x0000000711800000|  0%| F|  |TAMS 0x0000000711700000, 0x0000000711700000| Untracked 
| 230|0x0000000711800000, 0x0000000711800000, 0x0000000711900000|  0%| F|  |TAMS 0x0000000711800000, 0x0000000711800000| Untracked 
| 231|0x0000000711900000, 0x0000000711900000, 0x0000000711a00000|  0%| F|  |TAMS 0x0000000711900000, 0x0000000711900000| Untracked 
| 232|0x0000000711a00000, 0x0000000711a00000, 0x0000000711b00000|  0%| F|  |TAMS 0x0000000711a00000, 0x0000000711a00000| Untracked 
| 233|0x0000000711b00000, 0x0000000711b00000, 0x0000000711c00000|  0%| F|  |TAMS 0x0000000711b00000, 0x0000000711b00000| Untracked 
| 234|0x0000000711c00000, 0x0000000711c00000, 0x0000000711d00000|  0%| F|  |TAMS 0x0000000711c00000, 0x0000000711c00000| Untracked 
| 235|0x0000000711d00000, 0x0000000711d00000, 0x0000000711e00000|  0%| F|  |TAMS 0x0000000711d00000, 0x0000000711d00000| Untracked 
| 236|0x0000000711e00000, 0x0000000711e00000, 0x0000000711f00000|  0%| F|  |TAMS 0x0000000711e00000, 0x0000000711e00000| Untracked 
| 237|0x0000000711f00000, 0x0000000711f00000, 0x0000000712000000|  0%| F|  |TAMS 0x0000000711f00000, 0x0000000711f00000| Untracked 
| 238|0x0000000712000000, 0x0000000712000000, 0x0000000712100000|  0%| F|  |TAMS 0x0000000712000000, 0x0000000712000000| Untracked 
| 239|0x0000000712100000, 0x0000000712100000, 0x0000000712200000|  0%| F|  |TAMS 0x0000000712100000, 0x0000000712100000| Untracked 
| 240|0x0000000712200000, 0x0000000712200000, 0x0000000712300000|  0%| F|  |TAMS 0x0000000712200000, 0x0000000712200000| Untracked 
| 241|0x0000000712300000, 0x0000000712300000, 0x0000000712400000|  0%| F|  |TAMS 0x0000000712300000, 0x0000000712300000| Untracked 
| 242|0x0000000712400000, 0x0000000712400000, 0x0000000712500000|  0%| F|  |TAMS 0x0000000712400000, 0x0000000712400000| Untracked 
| 243|0x0000000712500000, 0x0000000712500000, 0x0000000712600000|  0%| F|  |TAMS 0x0000000712500000, 0x0000000712500000| Untracked 
| 244|0x0000000712600000, 0x0000000712600000, 0x0000000712700000|  0%| F|  |TAMS 0x0000000712600000, 0x0000000712600000| Untracked 
| 245|0x0000000712700000, 0x0000000712700000, 0x0000000712800000|  0%| F|  |TAMS 0x0000000712700000, 0x0000000712700000| Untracked 
| 246|0x0000000712800000, 0x0000000712800000, 0x0000000712900000|  0%| F|  |TAMS 0x0000000712800000, 0x0000000712800000| Untracked 
| 247|0x0000000712900000, 0x0000000712900000, 0x0000000712a00000|  0%| E|  |TAMS 0x0000000712900000, 0x0000000712900000| Untracked 
| 248|0x0000000712a00000, 0x0000000712a00000, 0x0000000712b00000|  0%| E|  |TAMS 0x0000000712a00000, 0x0000000712a00000| Untracked 
| 249|0x0000000712b00000, 0x0000000712b00000, 0x0000000712c00000|  0%| E|  |TAMS 0x0000000712b00000, 0x0000000712b00000| Untracked 
| 250|0x0000000712c00000, 0x0000000712c00000, 0x0000000712d00000|  0%| E|  |TAMS 0x0000000712c00000, 0x0000000712c00000| Untracked 
| 251|0x0000000712d00000, 0x0000000712d00000, 0x0000000712e00000|  0%| E|  |TAMS 0x0000000712d00000, 0x0000000712d00000| Untracked 
| 252|0x0000000712e00000, 0x0000000712e00000, 0x0000000712f00000|  0%| E|  |TAMS 0x0000000712e00000, 0x0000000712e00000| Untracked 
| 253|0x0000000712f00000, 0x0000000712f00000, 0x0000000713000000|  0%| E|  |TAMS 0x0000000712f00000, 0x0000000712f00000| Untracked 
| 254|0x0000000713000000, 0x0000000713000000, 0x0000000713100000|  0%| E|  |TAMS 0x0000000713000000, 0x0000000713000000| Untracked 
| 255|0x0000000713100000, 0x0000000713100000, 0x0000000713200000|  0%| E|  |TAMS 0x0000000713100000, 0x0000000713100000| Untracked 
| 256|0x0000000713200000, 0x0000000713200000, 0x0000000713300000|  0%| E|  |TAMS 0x0000000713200000, 0x0000000713200000| Untracked 
| 257|0x0000000713300000, 0x0000000713300000, 0x0000000713400000|  0%| E|  |TAMS 0x0000000713300000, 0x0000000713300000| Untracked 
| 258|0x0000000713400000, 0x0000000713400000, 0x0000000713500000|  0%| E|  |TAMS 0x0000000713400000, 0x0000000713400000| Untracked 
| 259|0x0000000713500000, 0x0000000713500000, 0x0000000713600000|  0%| E|  |TAMS 0x0000000713500000, 0x0000000713500000| Untracked 
| 260|0x0000000713600000, 0x0000000713600000, 0x0000000713700000|  0%| E|  |TAMS 0x0000000713600000, 0x0000000713600000| Untracked 
| 261|0x0000000713700000, 0x0000000713700000, 0x0000000713800000|  0%| E|  |TAMS 0x0000000713700000, 0x0000000713700000| Untracked 
| 262|0x0000000713800000, 0x0000000713800000, 0x0000000713900000|  0%| E|  |TAMS 0x0000000713800000, 0x0000000713800000| Untracked 
| 263|0x0000000713900000, 0x0000000713900000, 0x0000000713a00000|  0%| E|  |TAMS 0x0000000713900000, 0x0000000713900000| Untracked 
| 264|0x0000000713a00000, 0x0000000713a00000, 0x0000000713b00000|  0%| E|  |TAMS 0x0000000713a00000, 0x0000000713a00000| Untracked 
| 265|0x0000000713b00000, 0x0000000713b00000, 0x0000000713c00000|  0%| E|  |TAMS 0x0000000713b00000, 0x0000000713b00000| Untracked 
| 266|0x0000000713c00000, 0x0000000713c00000, 0x0000000713d00000|  0%| E|  |TAMS 0x0000000713c00000, 0x0000000713c00000| Untracked 
| 267|0x0000000713d00000, 0x0000000713d00000, 0x0000000713e00000|  0%| E|  |TAMS 0x0000000713d00000, 0x0000000713d00000| Untracked 
| 268|0x0000000713e00000, 0x0000000713e00000, 0x0000000713f00000|  0%| E|  |TAMS 0x0000000713e00000, 0x0000000713e00000| Untracked 
| 269|0x0000000713f00000, 0x0000000713f00000, 0x0000000714000000|  0%| E|  |TAMS 0x0000000713f00000, 0x0000000713f00000| Untracked 
| 270|0x0000000714000000, 0x0000000714000000, 0x0000000714100000|  0%| E|  |TAMS 0x0000000714000000, 0x0000000714000000| Untracked 
| 271|0x0000000714100000, 0x0000000714100000, 0x0000000714200000|  0%| E|  |TAMS 0x0000000714100000, 0x0000000714100000| Untracked 
| 272|0x0000000714200000, 0x0000000714200000, 0x0000000714300000|  0%| E|  |TAMS 0x0000000714200000, 0x0000000714200000| Untracked 
| 273|0x0000000714300000, 0x0000000714300000, 0x0000000714400000|  0%| E|  |TAMS 0x0000000714300000, 0x0000000714300000| Untracked 
| 274|0x0000000714400000, 0x0000000714400000, 0x0000000714500000|  0%| E|  |TAMS 0x0000000714400000, 0x0000000714400000| Untracked 
| 275|0x0000000714500000, 0x0000000714500000, 0x0000000714600000|  0%| E|  |TAMS 0x0000000714500000, 0x0000000714500000| Untracked 
| 276|0x0000000714600000, 0x0000000714600000, 0x0000000714700000|  0%| E|  |TAMS 0x0000000714600000, 0x0000000714600000| Untracked 
| 277|0x0000000714700000, 0x0000000714700000, 0x0000000714800000|  0%| E|  |TAMS 0x0000000714700000, 0x0000000714700000| Untracked 
| 278|0x0000000714800000, 0x0000000714800000, 0x0000000714900000|  0%| E|  |TAMS 0x0000000714800000, 0x0000000714800000| Untracked 
| 279|0x0000000714900000, 0x0000000714900000, 0x0000000714a00000|  0%| E|  |TAMS 0x0000000714900000, 0x0000000714900000| Untracked 
| 280|0x0000000714a00000, 0x0000000714a00000, 0x0000000714b00000|  0%| E|  |TAMS 0x0000000714a00000, 0x0000000714a00000| Untracked 
| 281|0x0000000714b00000, 0x0000000714b00000, 0x0000000714c00000|  0%| E|  |TAMS 0x0000000714b00000, 0x0000000714b00000| Untracked 
| 282|0x0000000714c00000, 0x0000000714c00000, 0x0000000714d00000|  0%| E|  |TAMS 0x0000000714c00000, 0x0000000714c00000| Untracked 
| 283|0x0000000714d00000, 0x0000000714d00000, 0x0000000714e00000|  0%| E|  |TAMS 0x0000000714d00000, 0x0000000714d00000| Untracked 
| 284|0x0000000714e00000, 0x0000000714e00000, 0x0000000714f00000|  0%| E|  |TAMS 0x0000000714e00000, 0x0000000714e00000| Untracked 
| 285|0x0000000714f00000, 0x0000000714f00000, 0x0000000715000000|  0%| E|  |TAMS 0x0000000714f00000, 0x0000000714f00000| Untracked 
| 286|0x0000000715000000, 0x0000000715000000, 0x0000000715100000|  0%| E|  |TAMS 0x0000000715000000, 0x0000000715000000| Untracked 
| 287|0x0000000715100000, 0x0000000715100000, 0x0000000715200000|  0%| E|  |TAMS 0x0000000715100000, 0x0000000715100000| Untracked 
| 288|0x0000000715200000, 0x0000000715200000, 0x0000000715300000|  0%| E|  |TAMS 0x0000000715200000, 0x0000000715200000| Untracked 
| 289|0x0000000715300000, 0x0000000715300000, 0x0000000715400000|  0%| E|  |TAMS 0x0000000715300000, 0x0000000715300000| Untracked 
| 290|0x0000000715400000, 0x0000000715400000, 0x0000000715500000|  0%| E|  |TAMS 0x0000000715400000, 0x0000000715400000| Untracked 
| 291|0x0000000715500000, 0x0000000715500000, 0x0000000715600000|  0%| E|  |TAMS 0x0000000715500000, 0x0000000715500000| Untracked 
| 292|0x0000000715600000, 0x0000000715600000, 0x0000000715700000|  0%| E|  |TAMS 0x0000000715600000, 0x0000000715600000| Untracked 
| 293|0x0000000715700000, 0x0000000715700000, 0x0000000715800000|  0%| E|  |TAMS 0x0000000715700000, 0x0000000715700000| Untracked 
| 294|0x0000000715800000, 0x0000000715800000, 0x0000000715900000|  0%| E|  |TAMS 0x0000000715800000, 0x0000000715800000| Untracked 
| 295|0x0000000715900000, 0x0000000715900000, 0x0000000715a00000|  0%| E|  |TAMS 0x0000000715900000, 0x0000000715900000| Untracked 
| 296|0x0000000715a00000, 0x0000000715a00000, 0x0000000715b00000|  0%| E|  |TAMS 0x0000000715a00000, 0x0000000715a00000| Untracked 
| 297|0x0000000715b00000, 0x0000000715b00000, 0x0000000715c00000|  0%| E|  |TAMS 0x0000000715b00000, 0x0000000715b00000| Untracked 
| 298|0x0000000715c00000, 0x0000000715c00000, 0x0000000715d00000|  0%| E|  |TAMS 0x0000000715c00000, 0x0000000715c00000| Untracked 
| 299|0x0000000715d00000, 0x0000000715d00000, 0x0000000715e00000|  0%| E|  |TAMS 0x0000000715d00000, 0x0000000715d00000| Untracked 
| 300|0x0000000715e00000, 0x0000000715e00000, 0x0000000715f00000|  0%| E|  |TAMS 0x0000000715e00000, 0x0000000715e00000| Untracked 
| 301|0x0000000715f00000, 0x0000000715f00000, 0x0000000716000000|  0%| E|  |TAMS 0x0000000715f00000, 0x0000000715f00000| Untracked 
| 302|0x0000000716000000, 0x0000000716000000, 0x0000000716100000|  0%| E|  |TAMS 0x0000000716000000, 0x0000000716000000| Untracked 
| 303|0x0000000716100000, 0x0000000716100000, 0x0000000716200000|  0%| E|  |TAMS 0x0000000716100000, 0x0000000716100000| Untracked 
| 304|0x0000000716200000, 0x0000000716200000, 0x0000000716300000|  0%| E|  |TAMS 0x0000000716200000, 0x0000000716200000| Untracked 

Card table byte_map: [0x0000014a5b700000,0x0000014a5bef0000] _byte_map_base: 0x0000014a57ee7000

Marking Bits (Prev, Next): (CMBitMap*) 0x0000014a436f22e0, (CMBitMap*) 0x0000014a436f22a8
 Prev Bits: [0x0000014a60620000, 0x0000014a64558000)
 Next Bits: [0x0000014a5c6e0000, 0x0000014a60618000)

Polling page: 0x0000014a414c0000

Metaspace:

Usage:
  Non-class:     67.24 MB capacity,    65.97 MB ( 98%) used,     1.04 MB (  2%) free+waste,   238.00 KB ( <1%) overhead. 
      Class:     10.69 MB capacity,     9.94 MB ( 93%) used,   658.63 KB (  6%) free+waste,   113.00 KB (  1%) overhead. 
       Both:     77.94 MB capacity,    75.92 MB ( 97%) used,     1.68 MB (  2%) free+waste,   351.00 KB ( <1%) overhead. 

Virtual space:
  Non-class space:       68.00 MB reserved,      67.50 MB (>99%) committed 
      Class space:        1.00 GB reserved,      10.88 MB (  1%) committed 
             Both:        1.07 GB reserved,      78.38 MB (  7%) committed 

Chunk freelists:
   Non-Class:  16.88 KB
       Class:  11.13 KB
        Both:  28.00 KB

CodeHeap 'non-profiled nmethods': size=238336Kb used=21207Kb max_used=21207Kb free=217129Kb
 bounds [0x0000014a4c100000, 0x0000014a4d5c0000, 0x0000014a5a9c0000]
CodeHeap 'non-nmethods': size=7424Kb used=1860Kb max_used=2987Kb free=5563Kb
 bounds [0x0000014a4b9c0000, 0x0000014a4bd40000, 0x0000014a4c100000]
 total_blobs=13129 nmethods=12137 adapters=600
 compilation: enabled
              stopped_count=0, restarted_count=0
 full_count=0

Compilation events (10 events):
Event: 24477.999 Thread 0x0000014a67c16000 12354   !   1       java.util.concurrent.ThreadPoolExecutor::tryTerminate (163 bytes)
Event: 24478.002 Thread 0x0000014a67c16000 nmethod 12354 0x0000014a4d5b5910 code [0x0000014a4d5b5bc0, 0x0000014a4d5b6390]
Event: 24478.003 Thread 0x0000014a68e2a800 12355   !   1       org.springframework.beans.factory.support.DefaultSingletonBeanRegistry::destroyBean (385 bytes)
Event: 24478.004 Thread 0x0000014a68e2a800 nmethod 12355 0x0000014a4d5b6a90 code [0x0000014a4d5b6ea0, 0x0000014a4d5b8220]
Event: 24478.231 Thread 0x0000014a67c16000 12356  s    1       org.apache.catalina.util.LifecycleBase::setStateInternal (144 bytes)
Event: 24478.232 Thread 0x0000014a67c16000 nmethod 12356 0x0000014a4d5b8b90 code [0x0000014a4d5b8dc0, 0x0000014a4d5b9630]
Event: 24478.233 Thread 0x0000014a68e2a800 12357       1       java.util.IdentityHashMap$IdentityHashMapIterator::<init> (63 bytes)
Event: 24478.233 Thread 0x0000014a67c16000 12358       1       sun.nio.ch.Util$BufferCache::next (8 bytes)
Event: 24478.233 Thread 0x0000014a67c16000 nmethod 12358 0x0000014a4d5b9990 code [0x0000014a4d5b9b40, 0x0000014a4d5b9c78]
Event: 24478.233 Thread 0x0000014a68e2a800 nmethod 12357 0x0000014a4d5b9d10 code [0x0000014a4d5b9ec0, 0x0000014a4d5ba0f8]

GC Heap History (10 events):
Event: 16307.135 GC heap after
{Heap after GC invocations=22 (full 0):
 garbage-first heap   total 312320K, used 48235K [0x0000000703200000, 0x0000000800000000)
  region size 1024K, 14 young (14336K), 14 survivors (14336K)
 Metaspace       used 77484K, capacity 79601K, committed 79872K, reserved 1118208K
  class space    used 10148K, capacity 10904K, committed 11008K, reserved 1048576K
}
Event: 18131.125 GC heap before
{Heap before GC invocations=22 (full 0):
 garbage-first heap   total 312320K, used 221291K [0x0000000703200000, 0x0000000800000000)
  region size 1024K, 183 young (187392K), 14 survivors (14336K)
 Metaspace       used 77562K, capacity 79712K, committed 79872K, reserved 1118208K
  class space    used 10161K, capacity 10942K, committed 11008K, reserved 1048576K
}
Event: 18131.132 GC heap after
{Heap after GC invocations=23 (full 0):
 garbage-first heap   total 312320K, used 48300K [0x0000000703200000, 0x0000000800000000)
  region size 1024K, 12 young (12288K), 12 survivors (12288K)
 Metaspace       used 77562K, capacity 79712K, committed 79872K, reserved 1118208K
  class space    used 10161K, capacity 10942K, committed 11008K, reserved 1048576K
}
Event: 19993.584 GC heap before
{Heap before GC invocations=23 (full 0):
 garbage-first heap   total 312320K, used 223404K [0x0000000703200000, 0x0000000800000000)
  region size 1024K, 183 young (187392K), 12 survivors (12288K)
 Metaspace       used 77565K, capacity 79712K, committed 79872K, reserved 1118208K
  class space    used 10162K, capacity 10942K, committed 11008K, reserved 1048576K
}
Event: 19993.591 GC heap after
{Heap after GC invocations=24 (full 0):
 garbage-first heap   total 312320K, used 48428K [0x0000000703200000, 0x0000000800000000)
  region size 1024K, 12 young (12288K), 12 survivors (12288K)
 Metaspace       used 77565K, capacity 79712K, committed 79872K, reserved 1118208K
  class space    used 10162K, capacity 10942K, committed 11008K, reserved 1048576K
}
Event: 21904.387 GC heap before
{Heap before GC invocations=24 (full 0):
 garbage-first heap   total 312320K, used 223532K [0x0000000703200000, 0x0000000800000000)
  region size 1024K, 183 young (187392K), 12 survivors (12288K)
 Metaspace       used 77565K, capacity 79712K, committed 79872K, reserved 1118208K
  class space    used 10162K, capacity 10942K, committed 11008K, reserved 1048576K
}
Event: 21904.393 GC heap after
{Heap after GC invocations=25 (full 0):
 garbage-first heap   total 312320K, used 48428K [0x0000000703200000, 0x0000000800000000)
  region size 1024K, 12 young (12288K), 12 survivors (12288K)
 Metaspace       used 77565K, capacity 79712K, committed 79872K, reserved 1118208K
  class space    used 10162K, capacity 10942K, committed 11008K, reserved 1048576K
}
Event: 23860.973 GC heap before
{Heap before GC invocations=25 (full 0):
 garbage-first heap   total 312320K, used 223532K [0x0000000703200000, 0x0000000800000000)
  region size 1024K, 183 young (187392K), 12 survivors (12288K)
 Metaspace       used 77677K, capacity 79776K, committed 79872K, reserved 1118208K
  class space    used 10183K, capacity 10942K, committed 11008K, reserved 1048576K
}
Event: 23860.980 GC heap after
{Heap after GC invocations=26 (full 0):
 garbage-first heap   total 312320K, used 48707K [0x0000000703200000, 0x0000000800000000)
  region size 1024K, 13 young (13312K), 13 survivors (13312K)
 Metaspace       used 77677K, capacity 79776K, committed 79872K, reserved 1118208K
  class space    used 10183K, capacity 10942K, committed 11008K, reserved 1048576K
}
Event: 24478.236 GC heap before
{Heap before GC invocations=26 (full 0):
 garbage-first heap   total 312320K, used 107075K [0x0000000703200000, 0x0000000800000000)
  region size 1024K, 71 young (72704K), 13 survivors (13312K)
 Metaspace       used 77868K, capacity 80014K, committed 80256K, reserved 1118208K
  class space    used 10216K, capacity 11022K, committed 11136K, reserved 1048576K
}

Deoptimization events (0 events):
No events

Classes redefined (0 events):
No events

Internal exceptions (10 events):
Event: 17915.026 Thread 0x0000014a68f71800 Exception <a 'java/lang/ClassNotFoundException'{0x000000070cddcd48}: com/esd/cursomc/domain/PagamentoComBoletoCustomizer> (0x000000070cddcd48) thrown at [t:/workspace/open/src/hotspot/share/classfile/systemDictionary.cpp, line 231]
Event: 18306.613 Thread 0x0000014a68f74000 Exception <a 'java/io/IOException'{0x00000007153a4330}> (0x00000007153a4330) thrown at [t:/workspace/open/src/hotspot/share/prims/jni.cpp, line 615]
Event: 18890.152 Thread 0x0000014a68f6d800 Exception <a 'java/io/IOException'{0x0000000714500e38}> (0x0000000714500e38) thrown at [t:/workspace/open/src/hotspot/share/prims/jni.cpp, line 615]
Event: 21528.117 Thread 0x0000014a68f6e000 Exception <a 'java/io/IOException'{0x000000070dd00090}> (0x000000070dd00090) thrown at [t:/workspace/open/src/hotspot/share/prims/jni.cpp, line 615]
Event: 22134.871 Thread 0x0000014a68f6d800 Exception <a 'java/lang/NoClassDefFoundError'{0x0000000714d30018}: sun/reflect/Reflection> (0x0000000714d30018) thrown at [t:/workspace/open/src/hotspot/share/classfile/systemDictionary.cpp, line 220]
Event: 22466.705 Thread 0x0000014a68f74000 Exception <a 'java/lang/ArrayIndexOutOfBoundsException'{0x00000007130002d8}: Index -1 out of bounds for length 128> (0x00000007130002d8) thrown at [t:/workspace/open/src/hotspot/share/interpreter/interpreterRuntime.cpp, line 459]
Event: 23998.907 Thread 0x0000014a68f73000 Exception <a 'java/io/IOException'{0x0000000715600890}> (0x0000000715600890) thrown at [t:/workspace/open/src/hotspot/share/prims/jni.cpp, line 615]
Event: 24092.526 Thread 0x0000014a68f6b800 Exception <a 'java/io/IOException'{0x0000000714ea9598}> (0x0000000714ea9598) thrown at [t:/workspace/open/src/hotspot/share/prims/jni.cpp, line 615]
Event: 24477.949 Thread 0x0000014a6b23e800 Exception <a 'java/lang/InterruptedException'{0x00000007160a5118}: sleep interrupted> (0x00000007160a5118) thrown at [t:/workspace/open/src/hotspot/share/prims/jvm.cpp, line 3117]
Event: 24478.235 Thread 0x0000014a6b23b000 Exception <a 'java/lang/InterruptedException'{0x00000007129b3018}: sleep interrupted> (0x00000007129b3018) thrown at [t:/workspace/open/src/hotspot/share/prims/jvm.cpp, line 3117]

Events (10 events):
Event: 24478.234 Executing VM operation: RevokeBias
Event: 24478.234 Executing VM operation: RevokeBias done
Event: 24478.235 Thread 0x0000014a6b23b000 Thread exited: 0x0000014a6b23b000
Event: 24478.235 Executing VM operation: RevokeBias
Event: 24478.235 Executing VM operation: RevokeBias done
Event: 24478.235 Executing VM operation: RevokeBias
Event: 24478.235 Executing VM operation: RevokeBias done
Event: 24478.235 Thread 0x0000014a6b23f800 Thread exited: 0x0000014a6b23f800
Event: 24478.235 Thread 0x0000014a6b23d800 Thread exited: 0x0000014a6b23d800
Event: 24478.236 Executing VM operation: G1CollectFull


Dynamic libraries:
0x00007ff786b20000 - 0x00007ff786b67000 	C:\Program Files\Java\jdk-11.0.4\bin\javaw.exe
0x00007ffcfdfa0000 - 0x00007ffcfe190000 	C:\WINDOWS\SYSTEM32\ntdll.dll
0x00007ffcbe420000 - 0x00007ffcbe434000 	C:\Program Files\AVAST Software\Avast\aswhook.dll
0x00007ffcfcc20000 - 0x00007ffcfccd2000 	C:\WINDOWS\System32\KERNEL32.DLL
0x00007ffcfba50000 - 0x00007ffcfbcf3000 	C:\WINDOWS\System32\KERNELBASE.dll
0x00007ffcfc0b0000 - 0x00007ffcfc153000 	C:\WINDOWS\System32\ADVAPI32.dll
0x00007ffcfc220000 - 0x00007ffcfc2be000 	C:\WINDOWS\System32\msvcrt.dll
0x00007ffcfc6a0000 - 0x00007ffcfc737000 	C:\WINDOWS\System32\sechost.dll
0x00007ffcfd410000 - 0x00007ffcfd530000 	C:\WINDOWS\System32\RPCRT4.dll
0x00007ffcfd1a0000 - 0x00007ffcfd333000 	C:\WINDOWS\System32\USER32.dll
0x00007ffcfb180000 - 0x00007ffcfb1a1000 	C:\WINDOWS\System32\win32u.dll
0x00007ffcfd170000 - 0x00007ffcfd196000 	C:\WINDOWS\System32\GDI32.dll
0x00007ffcfafe0000 - 0x00007ffcfb174000 	C:\WINDOWS\System32\gdi32full.dll
0x00007ffcfb960000 - 0x00007ffcfb9fe000 	C:\WINDOWS\System32\msvcp_win.dll
0x00007ffcfbf30000 - 0x00007ffcfc02a000 	C:\WINDOWS\System32\ucrtbase.dll
0x00007ffcecc40000 - 0x00007ffcecec5000 	C:\WINDOWS\WinSxS\amd64_microsoft.windows.common-controls_6595b64144ccf1df_6.0.18362.356_none_e6c4af7d130f27cc\COMCTL32.dll
0x00007ffcfd530000 - 0x00007ffcfd866000 	C:\WINDOWS\System32\combase.dll
0x00007ffcfbd00000 - 0x00007ffcfbd80000 	C:\WINDOWS\System32\bcryptPrimitives.dll
0x00007ffcf2eb0000 - 0x00007ffcf2eba000 	C:\WINDOWS\SYSTEM32\VERSION.dll
0x00007ffcfcff0000 - 0x00007ffcfd01e000 	C:\WINDOWS\System32\IMM32.DLL
0x00007ffcef600000 - 0x00007ffcef616000 	C:\Program Files\Java\jdk-11.0.4\bin\vcruntime140.dll
0x00007ffcb5490000 - 0x00007ffcb553a000 	C:\Program Files\Java\jdk-11.0.4\bin\msvcp140.dll
0x00007ffc91f20000 - 0x00007ffc92a47000 	C:\Program Files\Java\jdk-11.0.4\bin\server\jvm.dll
0x00007ffcfd020000 - 0x00007ffcfd028000 	C:\WINDOWS\System32\PSAPI.DLL
0x00007ffceb870000 - 0x00007ffceb879000 	C:\WINDOWS\SYSTEM32\WSOCK32.dll
0x00007ffcfcbb0000 - 0x00007ffcfcc1f000 	C:\WINDOWS\System32\WS2_32.dll
0x00007ffcf7ed0000 - 0x00007ffcf7ef4000 	C:\WINDOWS\SYSTEM32\WINMM.dll
0x00007ffcf7dc0000 - 0x00007ffcf7ded000 	C:\WINDOWS\SYSTEM32\WINMMBASE.dll
0x00007ffcfba00000 - 0x00007ffcfba4a000 	C:\WINDOWS\System32\cfgmgr32.dll
0x00007ffcfaef0000 - 0x00007ffcfaf01000 	C:\WINDOWS\System32\kernel.appcore.dll
0x00007ffcf23c0000 - 0x00007ffcf23d1000 	C:\Program Files\Java\jdk-11.0.4\bin\verify.dll
0x00007ffcf9770000 - 0x00007ffcf9964000 	C:\WINDOWS\SYSTEM32\DBGHELP.DLL
0x00007ffcf0ec0000 - 0x00007ffcf0eea000 	C:\WINDOWS\SYSTEM32\dbgcore.DLL
0x00007ffcef920000 - 0x00007ffcef949000 	C:\Program Files\Java\jdk-11.0.4\bin\java.dll
0x00007ffcf2310000 - 0x00007ffcf2326000 	C:\Program Files\Java\jdk-11.0.4\bin\zip.dll
0x00007ffcf6910000 - 0x00007ffcf691a000 	C:\Program Files\Java\jdk-11.0.4\bin\jimage.dll
0x00007ffcfd870000 - 0x00007ffcfdf55000 	C:\WINDOWS\System32\SHELL32.dll
0x00007ffcfc320000 - 0x00007ffcfc3c9000 	C:\WINDOWS\System32\shcore.dll
0x00007ffcfb1b0000 - 0x00007ffcfb92e000 	C:\WINDOWS\System32\windows.storage.dll
0x00007ffcfaf10000 - 0x00007ffcfaf2f000 	C:\WINDOWS\System32\profapi.dll
0x00007ffcfaea0000 - 0x00007ffcfaeea000 	C:\WINDOWS\System32\powrprof.dll
0x00007ffcfae70000 - 0x00007ffcfae80000 	C:\WINDOWS\System32\UMPDC.dll
0x00007ffcfc2c0000 - 0x00007ffcfc312000 	C:\WINDOWS\System32\shlwapi.dll
0x00007ffcfc030000 - 0x00007ffcfc047000 	C:\WINDOWS\System32\cryptsp.dll
0x00007ffcf0240000 - 0x00007ffcf0259000 	C:\Program Files\Java\jdk-11.0.4\bin\net.dll
0x00007ffcf1640000 - 0x00007ffcf1730000 	C:\WINDOWS\SYSTEM32\WINHTTP.dll
0x00007ffce7940000 - 0x00007ffce7b16000 	C:\WINDOWS\SYSTEM32\urlmon.dll
0x00007ffce7600000 - 0x00007ffce78a6000 	C:\WINDOWS\SYSTEM32\iertutil.dll
0x00007ffcfa8b0000 - 0x00007ffcfa8bc000 	C:\WINDOWS\SYSTEM32\CRYPTBASE.DLL
0x00007ffcfa6c0000 - 0x00007ffcfa727000 	C:\WINDOWS\system32\mswsock.dll
0x00007ffcef900000 - 0x00007ffcef913000 	C:\Program Files\Java\jdk-11.0.4\bin\nio.dll
0x00007ffcef820000 - 0x00007ffcef829000 	C:\Program Files\Java\jdk-11.0.4\bin\management.dll
0x00007ffcef5f0000 - 0x00007ffcef5fc000 	C:\Program Files\Java\jdk-11.0.4\bin\management_ext.dll
0x00007ffcde880000 - 0x00007ffcde896000 	C:\WINDOWS\system32\napinsp.dll
0x00007ffcde860000 - 0x00007ffcde87a000 	C:\WINDOWS\system32\pnrpnsp.dll
0x00007ffcfa400000 - 0x00007ffcfa4ca000 	C:\WINDOWS\SYSTEM32\DNSAPI.dll
0x00007ffcfc210000 - 0x00007ffcfc218000 	C:\WINDOWS\System32\NSI.dll
0x00007ffcfa3c0000 - 0x00007ffcfa3fa000 	C:\WINDOWS\SYSTEM32\IPHLPAPI.DLL
0x00007ffcde850000 - 0x00007ffcde85e000 	C:\WINDOWS\System32\winrnr.dll
0x00007ffcf6880000 - 0x00007ffcf689c000 	C:\WINDOWS\system32\NLAapi.dll
0x00007ffcf5e50000 - 0x00007ffcf5e65000 	C:\WINDOWS\system32\wshbth.dll
0x00007ffcf0380000 - 0x00007ffcf038a000 	C:\Windows\System32\rasadhlp.dll
0x00007ffcf05f0000 - 0x00007ffcf0667000 	C:\WINDOWS\System32\fwpuclnt.dll
0x00007ffcfb930000 - 0x00007ffcfb956000 	C:\WINDOWS\System32\bcrypt.dll
0x00007ffcfa210000 - 0x00007ffcfa243000 	C:\WINDOWS\system32\rsaenh.dll
0x00007ffcfad90000 - 0x00007ffcfadb5000 	C:\WINDOWS\SYSTEM32\USERENV.dll
0x00007ffcf12f0000 - 0x00007ffcf1306000 	C:\WINDOWS\SYSTEM32\dhcpcsvc6.DLL
0x00007ffcf2220000 - 0x00007ffcf223c000 	C:\WINDOWS\SYSTEM32\dhcpcsvc.DLL
0x00007ffce32c0000 - 0x00007ffce32e7000 	C:\Program Files\Java\jdk-11.0.4\bin\sunec.dll

dbghelp: loaded successfully - version: 4.0.5 - missing functions: none
symbol engine: initialized successfully - sym options: 0x614 - pdb path: .;C:\Program Files\Java\jdk-11.0.4\bin;C:\WINDOWS\SYSTEM32;C:\Program Files\AVAST Software\Avast;C:\WINDOWS\WinSxS\amd64_microsoft.windows.common-controls_6595b64144ccf1df_6.0.18362.356_none_e6c4af7d130f27cc;C:\Program Files\Java\jdk-11.0.4\bin\server

VM Arguments:
jvm_args: -Dcom.sun.management.jmxremote -Dcom.sun.management.jmxremote.port=53395 -Dcom.sun.management.jmxremote.authenticate=false -Dcom.sun.management.jmxremote.ssl=false -Djava.rmi.server.hostname=localhost -Dspring.jmx.enabled=true -Dspring.application.admin.enabled=true -Xverify:none -XX:TieredStopAtLevel=1 -Dfile.encoding=UTF-8 
java_command: com.esd.cursomc.CursomcApplication --spring.output.ansi.enabled=always
java_class_path (initial): C:\ws-sts\cursomc\target\classes;C:\Users\elton\.m2\repository\org\springframework\boot\spring-boot-starter-web\2.1.8.RELEASE\spring-boot-starter-web-2.1.8.RELEASE.jar;C:\Users\elton\.m2\repository\org\springframework\boot\spring-boot-starter\2.1.8.RELEASE\spring-boot-starter-2.1.8.RELEASE.jar;C:\Users\elton\.m2\repository\org\springframework\boot\spring-boot-starter-logging\2.1.8.RELEASE\spring-boot-starter-logging-2.1.8.RELEASE.jar;C:\Users\elton\.m2\repository\ch\qos\logback\logback-classic\1.2.3\logback-classic-1.2.3.jar;C:\Users\elton\.m2\repository\ch\qos\logback\logback-core\1.2.3\logback-core-1.2.3.jar;C:\Users\elton\.m2\repository\org\apache\logging\log4j\log4j-to-slf4j\2.11.2\log4j-to-slf4j-2.11.2.jar;C:\Users\elton\.m2\repository\org\apache\logging\log4j\log4j-api\2.11.2\log4j-api-2.11.2.jar;C:\Users\elton\.m2\repository\org\slf4j\jul-to-slf4j\1.7.28\jul-to-slf4j-1.7.28.jar;C:\Users\elton\.m2\repository\javax\annotation\javax.annotation-api\1.3.2\javax.annotation-api-1.3.2.jar;C:\Users\elton\.m2\repository\org\yaml\snakeyaml\1.23\snakeyaml-1.23.jar;C:\Users\elton\.m2\repository\org\springframework\boot\spring-boot-starter-json\2.1.8.RELEASE\spring-boot-starter-json-2.1.8.RELEASE.jar;C:\Users\elton\.m2\repository\com\fasterxml\jackson\datatype\jackson-datatype-jdk8\2.9.9\jackson-datatype-jdk8-2.9.9.jar;C:\Users\elton\.m2\repository\com\fasterxml\jackson\datatype\jackson-datatype-jsr310\2.9.9\jackson-datatype-jsr310-2.9.9.jar;C:\Users\elton\.m2\repository\com\fasterxml\jackson\module\jackson-module-parameter-names\2.9.9\jackson-module-parameter-names-2.9.9.jar;C:\Users\elton\.m2\repository\org\springframework\boot\spring-boot-starter-tomcat\2.1.8.RELEASE\spring-boot-starter-tomcat-2.1.8.RELEASE.jar;C:\Users\elton\.m2\repository\org\apache\tomcat\embed\tomcat-embed-core\9.0.24\tomcat-embed-core-9.0.24.jar;C:\Users\elton\.m2\repository\org\apache\tomcat\embed\tomcat-embed-el\9.0.24\tomcat-embed-el-9.0.24.jar;C:\Users\elton\.m2\rep
Launcher Type: SUN_STANDARD

[Global flags]
     bool BytecodeVerificationLocal                = false                                     {product} {command line}
     bool BytecodeVerificationRemote               = false                                     {product} {command line}
     intx CICompilerCount                          = 4                                         {product} {ergonomic}
     uint ConcGCThreads                            = 3                                         {product} {ergonomic}
     uint G1ConcRefinementThreads                  = 10                                        {product} {ergonomic}
   size_t G1HeapRegionSize                         = 1048576                                   {product} {ergonomic}
    uintx GCDrainStackTargetSize                   = 64                                        {product} {ergonomic}
   size_t InitialHeapSize                          = 266338304                                 {product} {ergonomic}
     bool ManagementServer                         = true                                      {product} {command line}
   size_t MarkStackSize                            = 4194304                                   {product} {ergonomic}
   size_t MaxHeapSize                              = 4242538496                                {product} {ergonomic}
   size_t MaxNewSize                               = 2544893952                                {product} {ergonomic}
   size_t MinHeapDeltaBytes                        = 1048576                                   {product} {ergonomic}
    uintx NonNMethodCodeHeapSize                   = 7549744                                {pd product} {ergonomic}
    uintx NonProfiledCodeHeapSize                  = 244108496                              {pd product} {ergonomic}
    uintx ProfiledCodeHeapSize                     = 0                                      {pd product} {ergonomic}
    uintx ReservedCodeCacheSize                    = 251658240                              {pd product} {ergonomic}
     bool SegmentedCodeCache                       = true                                      {product} {ergonomic}
     intx TieredStopAtLevel                        = 1                                         {product} {command line}
     bool UseCompressedClassPointers               = true                                 {lp64_product} {ergonomic}
     bool UseCompressedOops                        = true                                 {lp64_product} {ergonomic}
     bool UseG1GC                                  = true                                      {product} {ergonomic}
     bool UseLargePagesIndividualAllocation        = false                                  {pd product} {ergonomic}

Logging:
Log output configuration:
 #0: stdout all=warning uptime,level,tags
 #1: stderr all=off uptime,level,tags

Environment Variables:
JAVA_HOME=C:\Program Files\Java\jdk-11.0.4
PATH=C:/Program Files/Java/jdk-11.0.4/bin/server;C:/Program Files/Java/jdk-11.0.4/bin;C:\Windows\system32;C:\Windows;C:\Windows\System32\Wbem;C:\Windows\System32\WindowsPowerShell\v1.0\;C:\Windows\System32\OpenSSH\;C:\Program Files (x86)\NVIDIA Corporation\PhysX\Common;C:\Program Files\Microsoft SQL Server\120\Tools\Binn\;C:\Program Files\Common Files\Autodesk Shared\;C:\Program Files\dotnet\;C:\Program Files\Microsoft SQL Server\130\Tools\Binn\;C:\Program Files\VDownloader;C:\Program Files\Java\jdk-11.0.4\bin;C:\Program Files (x86)\Intel\Intel(R) Management Engine Components\DAL;C:\Program Files\Intel\Intel(R) Management Engine Components\DAL;C:\WINDOWS\system32;C:\WINDOWS;C:\WINDOWS\System32\Wbem;C:\WINDOWS\System32\WindowsPowerShell\v1.0\;C:\WINDOWS\System32\OpenSSH\;C:\Program Files\MongoDB\Server\4.2\bin;C:\xampp\mysql\bin;C:\Program Files\nodejs\;C:\Program Files\MySQL\MySQL Shell 8.0\bin\;C:\Users\elton\AppData\Local\Microsoft\WindowsApps;C:\Program Files\heroku\bin;C:\Users\elton\AppData\Roaming\npm;C:\Users\elton\AppData\Local\Programs\Microsoft VS Code\bin;C:\sts-4.3.2.RELEASE;
USERNAME=elton
OS=Windows_NT
PROCESSOR_IDENTIFIER=Intel64 Family 6 Model 158 Stepping 10, GenuineIntel



---------------  S Y S T E M  ---------------

OS: Windows 10 , 64 bit Build 18362 (10.0.18362.329)

CPU:total 12 (initial active 12) (6 cores per cpu, 2 threads per core) family 6 model 158 stepping 10, cmov, cx8, fxsr, mmx, sse, sse2, sse3, ssse3, sse4.1, sse4.2, popcnt, avx, avx2, aes, clmul, erms, 3dnowpref, lzcnt, ht, tsc, tscinvbit, bmi1, bmi2, adx, fma

Memory: 4k page, system-wide physical 16178M (4964M free)
TotalPageFile size 22834M (AvailPageFile size 3428M)
current process WorkingSet (physical memory assigned to process): 367M, peak: 404M
current process commit charge ("private bytes"): 562M, peak: 562M

vm_info: Java HotSpot(TM) 64-Bit Server VM (11.0.4+10-LTS) for windows-amd64 JRE (11.0.4+10-LTS), built on Jul  4 2019 16:28:13 by "mach5one" with MS VC++ 15.5 (VS2017)

END.
